#    1 | steps:    53 | steps_t:     0 | t: 0.091812 | r:  -453.000000 | e:   1.000000 | Q:        nan | won: False 
#    2 | steps:    81 | steps_t:     0 | t: 0.124708 | r:  -439.000000 | e:   1.000000 | Q:        nan | won: False 
#    3 | steps:   148 | steps_t:     0 | t: 0.204490 | r:  -445.000000 | e:   1.000000 | Q:        nan | won: False 
#    4 | steps:   182 | steps_t:     0 | t: 0.244799 | r:  -456.000000 | e:   1.000000 | Q:        nan | won: False 
#    5 | steps:   294 | steps_t:     0 | t: 0.375603 | r:  -391.000000 | e:   1.000000 | Q:        nan | won: False 
#    6 | steps:   379 | steps_t:     0 | t: 0.476342 | r:  -463.000000 | e:   1.000000 | Q:        nan | won: False 
#    7 | steps:   400 | steps_t:     0 | t: 0.501300 | r:  -498.000000 | e:   1.000000 | Q:        nan | won: False 
#    8 | steps:   466 | steps_t:     0 | t: 0.579614 | r:  -378.000000 | e:   1.000000 | Q:        nan | won: False 
#    9 | steps:   483 | steps_t:     0 | t: 0.599779 | r:  -494.000000 | e:   1.000000 | Q:        nan | won: False 
#   10 | steps:   564 | steps_t:     0 | t: 0.696278 | r:  -393.000000 | e:   1.000000 | Q:        nan | won: False 
#   11 | steps:   627 | steps_t:     0 | t: 0.770979 | r:  -441.000000 | e:   1.000000 | Q:        nan | won: False 
#   12 | steps:   657 | steps_t:     0 | t: 0.806055 | r:  -485.000000 | e:   1.000000 | Q:        nan | won: False 
#   13 | steps:   724 | steps_t:     0 | t: 0.885479 | r:  -412.000000 | e:   1.000000 | Q:        nan | won: False 
#   14 | steps:   781 | steps_t:     0 | t: 0.952598 | r:  -457.000000 | e:   1.000000 | Q:        nan | won: False 
#   15 | steps:   857 | steps_t:     0 | t: 1.042906 | r:  -520.000000 | e:   1.000000 | Q:        nan | won: False 
#   16 | steps:   960 | steps_t:     0 | t: 1.164663 | r:  -426.000000 | e:   1.000000 | Q:        nan | won: False 
#   17 | steps:   987 | steps_t:     0 | t: 1.196672 | r:  -460.000000 | e:   1.000000 | Q:        nan | won: False 
#   18 | steps:  1099 | steps_t:     0 | t: 1.330649 | r:  -523.000000 | e:   1.000000 | Q:        nan | won: False 
#   19 | steps:  1227 | steps_t:     0 | t: 1.481595 | r:  -363.000000 | e:   1.000000 | Q:        nan | won: False 
#   20 | steps:  1315 | steps_t:     0 | t: 1.584965 | r:  -455.000000 | e:   1.000000 | Q:        nan | won: False 
#   21 | steps:  1376 | steps_t:     0 | t: 1.658175 | r:  -516.000000 | e:   1.000000 | Q:        nan | won: False 
#   22 | steps:  1428 | steps_t:     0 | t: 1.720187 | r:  -507.000000 | e:   1.000000 | Q:        nan | won: False 
#   23 | steps:  1487 | steps_t:     0 | t: 1.790133 | r:  -415.000000 | e:   1.000000 | Q:        nan | won: False 
#   24 | steps:  1533 | steps_t:     0 | t: 1.844350 | r:  -446.000000 | e:   1.000000 | Q:        nan | won: False 
#   25 | steps:  1550 | steps_t:     0 | t: 1.864684 | r:  -472.000000 | e:   1.000000 | Q:        nan | won: False 
#   26 | steps:  1690 | steps_t:     0 | t: 2.122889 | r:  -298.000000 | e:   1.000000 | Q:        nan | won: False 
#   27 | steps:  1871 | steps_t:     0 | t: 2.338112 | r:  -504.000000 | e:   1.000000 | Q:        nan | won: False 
#   28 | steps:  1928 | steps_t:     0 | t: 2.407558 | r:  -479.000000 | e:   1.000000 | Q:        nan | won: False 
#   29 | steps:  1956 | steps_t:     0 | t: 2.441682 | r:  -483.000000 | e:   1.000000 | Q:        nan | won: False 
#   30 | steps:  1982 | steps_t:     0 | t: 2.473266 | r:  -470.000000 | e:   1.000000 | Q:        nan | won: False 
#   31 | steps:  2017 | steps_t:     0 | t: 2.515206 | r:  -479.000000 | e:   1.000000 | Q:        nan | won: False 
#   32 | steps:  2070 | steps_t:     0 | t: 2.579355 | r:  -486.000000 | e:   1.000000 | Q:        nan | won: False 
#   33 | steps:  2169 | steps_t:     0 | t: 2.698320 | r:  -488.000000 | e:   1.000000 | Q:        nan | won: False 
#   34 | steps:  2220 | steps_t:     0 | t: 2.759245 | r:  -473.000000 | e:   1.000000 | Q:        nan | won: False 
#   35 | steps:  2335 | steps_t:     0 | t: 2.899007 | r:  -449.000000 | e:   1.000000 | Q:        nan | won: False 
#   36 | steps:  2403 | steps_t:     0 | t: 2.980935 | r:  -435.000000 | e:   1.000000 | Q:        nan | won: False 
#   37 | steps:  2446 | steps_t:     0 | t: 3.032938 | r:  -388.000000 | e:   1.000000 | Q:        nan | won: False 
#   38 | steps:  2613 | steps_t:     0 | t: 3.233094 | r:  -501.000000 | e:   1.000000 | Q:        nan | won: False 
#   39 | steps:  2647 | steps_t:     0 | t: 3.273768 | r:  -489.000000 | e:   1.000000 | Q:        nan | won: False 
#   40 | steps:  2663 | steps_t:     0 | t: 3.293491 | r:  -482.000000 | e:   1.000000 | Q:        nan | won: False 
#   41 | steps:  2705 | steps_t:     0 | t: 3.344349 | r:  -431.000000 | e:   1.000000 | Q:        nan | won: False 
#   42 | steps:  2785 | steps_t:     0 | t: 3.440852 | r:  -370.000000 | e:   1.000000 | Q:        nan | won: False 
#   43 | steps:  2931 | steps_t:     0 | t: 3.617282 | r:  -469.000000 | e:   1.000000 | Q:        nan | won: False 
#   44 | steps:  2962 | steps_t:     0 | t: 3.654875 | r:  -409.000000 | e:   1.000000 | Q:        nan | won: False 
#   45 | steps:  2976 | steps_t:     0 | t: 3.671478 | r:  -469.000000 | e:   1.000000 | Q:        nan | won: False 
#   46 | steps:  3000 | steps_t:     0 | t: 3.700560 | r:  -490.000000 | e:   1.000000 | Q:        nan | won: False 
#   47 | steps:  3062 | steps_t:     0 | t: 3.775134 | r:  -506.000000 | e:   1.000000 | Q:        nan | won: False 
#   48 | steps:  3083 | steps_t:     0 | t: 3.800438 | r:  -465.000000 | e:   1.000000 | Q:        nan | won: False 
#   49 | steps:  3112 | steps_t:     0 | t: 3.836993 | r:  -440.000000 | e:   1.000000 | Q:        nan | won: False 
#   50 | steps:  3208 | steps_t:     0 | t: 3.952649 | r:  -386.000000 | e:   1.000000 | Q:        nan | won: False 
#   51 | steps:  3235 | steps_t:     0 | t: 3.985525 | r:  -482.000000 | e:   1.000000 | Q:        nan | won: False 
#   52 | steps:  3321 | steps_t:     0 | t: 4.090440 | r:  -365.000000 | e:   1.000000 | Q:        nan | won: False 
#   53 | steps:  3413 | steps_t:     0 | t: 4.201671 | r:  -448.000000 | e:   1.000000 | Q:        nan | won: False 
#   54 | steps:  3440 | steps_t:     0 | t: 4.233847 | r:  -460.000000 | e:   1.000000 | Q:        nan | won: False 
#   55 | steps:  3457 | steps_t:     0 | t: 4.254152 | r:  -494.000000 | e:   1.000000 | Q:        nan | won: False 
#   56 | steps:  3576 | steps_t:     0 | t: 4.396744 | r:  -486.000000 | e:   1.000000 | Q:        nan | won: False 
#   57 | steps:  3688 | steps_t:     0 | t: 4.529506 | r:  -534.000000 | e:   1.000000 | Q:        nan | won: False 
#   58 | steps:  3729 | steps_t:     0 | t: 4.578719 | r:  -430.000000 | e:   1.000000 | Q:        nan | won: False 
#   59 | steps:  3798 | steps_t:     0 | t: 4.661663 | r:  -447.000000 | e:   1.000000 | Q:        nan | won: False 
#   60 | steps:  3904 | steps_t:     0 | t: 4.791330 | r:  -429.000000 | e:   1.000000 | Q:        nan | won: False 
#   61 | steps:  4017 | steps_t:     0 | t: 4.927272 | r:  -524.000000 | e:   1.000000 | Q:        nan | won: False 
#   62 | steps:  4060 | steps_t:     0 | t: 4.979404 | r:  -465.000000 | e:   1.000000 | Q:        nan | won: False 
#   63 | steps:  4104 | steps_t:     0 | t: 5.033033 | r:  -477.000000 | e:   1.000000 | Q:        nan | won: False 
#   64 | steps:  4174 | steps_t:     0 | t: 5.117658 | r:  -360.000000 | e:   1.000000 | Q:        nan | won: False 
#   65 | steps:  4217 | steps_t:     0 | t: 5.168983 | r:  -454.000000 | e:   1.000000 | Q:        nan | won: False 
#   66 | steps:  4243 | steps_t:     0 | t: 5.200156 | r:  -470.000000 | e:   1.000000 | Q:        nan | won: False 
#   67 | steps:  4273 | steps_t:     0 | t: 5.236520 | r:  -496.000000 | e:   1.000000 | Q:        nan | won: False 
#   68 | steps:  4405 | steps_t:     0 | t: 5.395804 | r:  -378.000000 | e:   1.000000 | Q:        nan | won: False 
#   69 | steps:  4434 | steps_t:     0 | t: 5.430576 | r:  -451.000000 | e:   1.000000 | Q:        nan | won: False 
#   70 | steps:  4470 | steps_t:     0 | t: 5.473560 | r:  -480.000000 | e:   1.000000 | Q:        nan | won: False 
#   71 | steps:  4552 | steps_t:     0 | t: 5.570237 | r:  -460.000000 | e:   1.000000 | Q:        nan | won: False 
#   72 | steps:  4594 | steps_t:     0 | t: 5.731154 | r:  -442.000000 | e:   1.000000 | Q:        nan | won: False 
#   73 | steps:  4768 | steps_t:     0 | t: 5.937837 | r:  -530.000000 | e:   1.000000 | Q:        nan | won: False 
#   74 | steps:  4852 | steps_t:     0 | t: 6.038439 | r:  -473.000000 | e:   1.000000 | Q:        nan | won: False 
#   75 | steps:  4877 | steps_t:     0 | t: 6.068419 | r:  -491.000000 | e:   1.000000 | Q:        nan | won: False 
#   76 | steps:  4946 | steps_t:     0 | t: 6.150451 | r:  -403.000000 | e:   1.000000 | Q:        nan | won: False 
#   77 | steps:  5056 | steps_t:    54 | t: 7.506168 | r:  -301.000000 | e:   0.994600 | Q:        nan | won: False 
#   78 | steps:  5168 | steps_t:   165 | t: 9.879235 | r:  -567.000000 | e:   0.983500 | Q: -22.726212 | won: False 
#   79 | steps:  5326 | steps_t:   322 | t: 13.184960 | r:  -415.000000 | e:   0.967800 | Q: -30.238190 | won: False 
#   80 | steps:  5411 | steps_t:   406 | t: 14.959543 | r:  -496.000000 | e:   0.959400 | Q: -40.329479 | won: False 
#   81 | steps:  5440 | steps_t:   434 | t: 15.636617 | r:  -451.000000 | e:   0.956600 | Q:        nan | won: False 
#   82 | steps:  5500 | steps_t:   493 | t: 16.936775 | r:  -482.000000 | e:   0.950700 | Q: -32.873783 | won: False 
#   83 | steps:  5657 | steps_t:   649 | t: 20.421094 | r:  -447.000000 | e:   0.935100 | Q: -50.027561 | won: False 
#   84 | steps:  5694 | steps_t:   685 | t: 21.229359 | r:  -437.000000 | e:   0.931500 | Q: -56.199337 | won: False 
#   85 | steps:  5838 | steps_t:   828 | t: 24.350898 | r:  -412.000000 | e:   0.917200 | Q: -51.470493 | won: False 
#   86 | steps:  5963 | steps_t:   952 | t: 27.052123 | r:  -371.000000 | e:   0.904800 | Q: -25.742649 | won: False 
#   87 | steps:  5980 | steps_t:   968 | t: 27.391439 | r:  -472.000000 | e:   0.903200 | Q: -35.307701 | won: False 
#   88 | steps:  6051 | steps_t:  1038 | t: 28.886173 | r:  -460.000000 | e:   0.896200 | Q: -47.400585 | won: False 
#   89 | steps:  6099 | steps_t:  1085 | t: 29.868667 | r:  -503.000000 | e:   0.891500 | Q: -55.154922 | won: False 
#   90 | steps:  6145 | steps_t:  1130 | t: 30.777861 | r:  -490.000000 | e:   0.887000 | Q: -52.886086 | won: False 
#   91 | steps:  6259 | steps_t:  1243 | t: 33.196096 | r:  -492.000000 | e:   0.875700 | Q: -43.406807 | won: False 
#   92 | steps:  6296 | steps_t:  1279 | t: 33.954891 | r:  -415.000000 | e:   0.872100 | Q: -43.289570 | won: False 
#   93 | steps:  6393 | steps_t:  1375 | t: 36.009425 | r:  -321.000000 | e:   0.862500 | Q: -29.411617 | won: False 
#   94 | steps:  6447 | steps_t:  1428 | t: 37.152638 | r:  -509.000000 | e:   0.857200 | Q: -25.527073 | won: False 
#   95 | steps:  6507 | steps_t:  1487 | t: 38.404026 | r:  -504.000000 | e:   0.851300 | Q: -32.567398 | won: False 
#   96 | steps:  6642 | steps_t:  1621 | t: 41.264212 | r:  -392.000000 | e:   0.837900 | Q: -33.224194 | won: False 
#   97 | steps:  6703 | steps_t:  1681 | t: 42.574746 | r:  -472.000000 | e:   0.831900 | Q: -31.161108 | won: False 
#   98 | steps:  6735 | steps_t:  1712 | t: 43.276731 | r:  -476.000000 | e:   0.828800 | Q: -25.694796 | won: False 
#   99 | steps:  6774 | steps_t:  1750 | t: 44.173784 | r:  -428.000000 | e:   0.825000 | Q: -24.732119 | won: False 
#  100 | steps:  6826 | steps_t:  1801 | t: 45.338691 | r:  -463.000000 | e:   0.819900 | Q: -25.157618 | won: False 
