#    1 | steps:   212 | steps_t:     0 | t: 0.279496 | r:  -260.000000 | e:   1.000000 | Q:        nan | won: False 
#    2 | steps:   257 | steps_t:     0 | t: 0.333425 | r:  -401.000000 | e:   1.000000 | Q:        nan | won: False 
#    3 | steps:   318 | steps_t:     0 | t: 0.406052 | r:  -472.000000 | e:   1.000000 | Q:        nan | won: False 
#    4 | steps:   340 | steps_t:     0 | t: 0.431776 | r:  -477.000000 | e:   1.000000 | Q:        nan | won: False 
#    5 | steps:   409 | steps_t:     0 | t: 0.515311 | r:  -447.000000 | e:   1.000000 | Q:        nan | won: False 
#    6 | steps:   427 | steps_t:     0 | t: 0.537242 | r:  -484.000000 | e:   1.000000 | Q:        nan | won: False 
#    7 | steps:   443 | steps_t:     0 | t: 0.557032 | r:  -471.000000 | e:   1.000000 | Q:        nan | won: False 
#    8 | steps:   494 | steps_t:     0 | t: 0.618585 | r:  -495.000000 | e:   1.000000 | Q:        nan | won: False 
#    9 | steps:   681 | steps_t:     0 | t: 0.843091 | r:  -554.000000 | e:   1.000000 | Q:        nan | won: False 
#   10 | steps:   769 | steps_t:     0 | t: 0.948343 | r:  -455.000000 | e:   1.000000 | Q:        nan | won: False 
#   11 | steps:   801 | steps_t:     0 | t: 0.987012 | r:  -465.000000 | e:   1.000000 | Q:        nan | won: False 
#   12 | steps:   854 | steps_t:     0 | t: 1.051582 | r:  -486.000000 | e:   1.000000 | Q:        nan | won: False 
#   13 | steps:   957 | steps_t:     0 | t: 1.175860 | r:  -514.000000 | e:   1.000000 | Q:        nan | won: False 
#   14 | steps:  1114 | steps_t:     0 | t: 1.362100 | r:  -546.000000 | e:   1.000000 | Q:        nan | won: False 
#   15 | steps:  1175 | steps_t:     0 | t: 1.435498 | r:  -417.000000 | e:   1.000000 | Q:        nan | won: False 
#   16 | steps:  1197 | steps_t:     0 | t: 1.461227 | r:  -455.000000 | e:   1.000000 | Q:        nan | won: False 
#   17 | steps:  1241 | steps_t:     0 | t: 1.514579 | r:  -488.000000 | e:   1.000000 | Q:        nan | won: False 
#   18 | steps:  1290 | steps_t:     0 | t: 1.573727 | r:  -515.000000 | e:   1.000000 | Q:        nan | won: False 
#   19 | steps:  1312 | steps_t:     0 | t: 1.599410 | r:  -422.000000 | e:   1.000000 | Q:        nan | won: False 
#   20 | steps:  1356 | steps_t:     0 | t: 1.652555 | r:  -499.000000 | e:   1.000000 | Q:        nan | won: False 
#   21 | steps:  1388 | steps_t:     0 | t: 1.690695 | r:  -454.000000 | e:   1.000000 | Q:        nan | won: False 
#   22 | steps:  1559 | steps_t:     0 | t: 1.890904 | r:  -472.000000 | e:   1.000000 | Q:        nan | won: False 
#   23 | steps:  1638 | steps_t:     0 | t: 1.984928 | r:  -457.000000 | e:   1.000000 | Q:        nan | won: False 
#   24 | steps:  1651 | steps_t:     0 | t: 2.001201 | r:  -468.000000 | e:   1.000000 | Q:        nan | won: False 
#   25 | steps:  1770 | steps_t:     0 | t: 2.149134 | r:  -431.000000 | e:   1.000000 | Q:        nan | won: False 
#   26 | steps:  1858 | steps_t:     0 | t: 2.254435 | r:  -521.000000 | e:   1.000000 | Q:        nan | won: False 
#   27 | steps:  1915 | steps_t:     0 | t: 2.433774 | r:  -479.000000 | e:   1.000000 | Q:        nan | won: False 
#   28 | steps:  1956 | steps_t:     0 | t: 2.484946 | r:  -397.000000 | e:   1.000000 | Q:        nan | won: False 
#   29 | steps:  2006 | steps_t:     0 | t: 2.547219 | r:  -483.000000 | e:   1.000000 | Q:        nan | won: False 
#   30 | steps:  2202 | steps_t:     0 | t: 2.783709 | r:  -354.000000 | e:   1.000000 | Q:        nan | won: False 
#   31 | steps:  2235 | steps_t:     0 | t: 2.823527 | r:  -400.000000 | e:   1.000000 | Q:        nan | won: False 
#   32 | steps:  2302 | steps_t:     0 | t: 2.903367 | r:  -489.000000 | e:   1.000000 | Q:        nan | won: False 
#   33 | steps:  2393 | steps_t:     0 | t: 3.012163 | r:  -436.000000 | e:   1.000000 | Q:        nan | won: False 
#   34 | steps:  2411 | steps_t:     0 | t: 3.033474 | r:  -473.000000 | e:   1.000000 | Q:        nan | won: False 
#   35 | steps:  2436 | steps_t:     0 | t: 3.063798 | r:  -469.000000 | e:   1.000000 | Q:        nan | won: False 
#   36 | steps:  2463 | steps_t:     0 | t: 3.097444 | r:  -471.000000 | e:   1.000000 | Q:        nan | won: False 
#   37 | steps:  2480 | steps_t:     0 | t: 3.118014 | r:  -483.000000 | e:   1.000000 | Q:        nan | won: False 
#   38 | steps:  2646 | steps_t:     0 | t: 3.315923 | r:  -478.000000 | e:   1.000000 | Q:        nan | won: False 
#   39 | steps:  2665 | steps_t:     0 | t: 3.338838 | r:  -463.000000 | e:   1.000000 | Q:        nan | won: False 
#   40 | steps:  2760 | steps_t:     0 | t: 3.451730 | r:  -429.000000 | e:   1.000000 | Q:        nan | won: False 
#   41 | steps:  2837 | steps_t:     0 | t: 3.545076 | r:  -488.000000 | e:   1.000000 | Q:        nan | won: False 
#   42 | steps:  2909 | steps_t:     0 | t: 3.631702 | r:  -439.000000 | e:   1.000000 | Q:        nan | won: False 
#   43 | steps:  2934 | steps_t:     0 | t: 3.661193 | r:  -491.000000 | e:   1.000000 | Q:        nan | won: False 
#   44 | steps:  2956 | steps_t:     0 | t: 3.687461 | r:  -477.000000 | e:   1.000000 | Q:        nan | won: False 
#   45 | steps:  2976 | steps_t:     0 | t: 3.711280 | r:  -486.000000 | e:   1.000000 | Q:        nan | won: False 
#   46 | steps:  3015 | steps_t:     0 | t: 3.757448 | r:  -494.000000 | e:   1.000000 | Q:        nan | won: False 
#   47 | steps:  3054 | steps_t:     0 | t: 3.804390 | r:  -472.000000 | e:   1.000000 | Q:        nan | won: False 
#   48 | steps:  3189 | steps_t:     0 | t: 3.966576 | r:  -546.000000 | e:   1.000000 | Q:        nan | won: False 
#   49 | steps:  3354 | steps_t:     0 | t: 4.161612 | r:  -499.000000 | e:   1.000000 | Q:        nan | won: False 
#   50 | steps:  3413 | steps_t:     0 | t: 4.231207 | r:  -448.000000 | e:   1.000000 | Q:        nan | won: False 
#   51 | steps:  3456 | steps_t:     0 | t: 4.281595 | r:  -498.000000 | e:   1.000000 | Q:        nan | won: False 
#   52 | steps:  3492 | steps_t:     0 | t: 4.324823 | r:  -447.000000 | e:   1.000000 | Q:        nan | won: False 
#   53 | steps:  3562 | steps_t:     0 | t: 4.407907 | r:  -470.000000 | e:   1.000000 | Q:        nan | won: False 
#   54 | steps:  3603 | steps_t:     0 | t: 4.456229 | r:  -496.000000 | e:   1.000000 | Q:        nan | won: False 
#   55 | steps:  3729 | steps_t:     0 | t: 4.604985 | r:  -493.000000 | e:   1.000000 | Q:        nan | won: False 
#   56 | steps:  3858 | steps_t:     0 | t: 4.757860 | r:  -320.000000 | e:   1.000000 | Q:        nan | won: False 
#   57 | steps:  3921 | steps_t:     0 | t: 4.832217 | r:  -518.000000 | e:   1.000000 | Q:        nan | won: False 
#   58 | steps:  3970 | steps_t:     0 | t: 4.890520 | r:  -416.000000 | e:   1.000000 | Q:        nan | won: False 
#   59 | steps:  4007 | steps_t:     0 | t: 4.934879 | r:  -437.000000 | e:   1.000000 | Q:        nan | won: False 
#   60 | steps:  4029 | steps_t:     0 | t: 4.961097 | r:  -455.000000 | e:   1.000000 | Q:        nan | won: False 
#   61 | steps:  4059 | steps_t:     0 | t: 4.997083 | r:  -441.000000 | e:   1.000000 | Q:        nan | won: False 
#   62 | steps:  4149 | steps_t:     0 | t: 5.105378 | r:  -501.000000 | e:   1.000000 | Q:        nan | won: False 
#   63 | steps:  4186 | steps_t:     0 | t: 5.148893 | r:  -437.000000 | e:   1.000000 | Q:        nan | won: False 
#   64 | steps:  4356 | steps_t:     0 | t: 5.349853 | r:  -537.000000 | e:   1.000000 | Q:        nan | won: False 
#   65 | steps:  4419 | steps_t:     0 | t: 5.424010 | r:  -430.000000 | e:   1.000000 | Q:        nan | won: False 
#   66 | steps:  4607 | steps_t:     0 | t: 5.647196 | r:  -350.000000 | e:   1.000000 | Q:        nan | won: False 
#   67 | steps:  4646 | steps_t:     0 | t: 5.693507 | r:  -439.000000 | e:   1.000000 | Q:        nan | won: False 
#   68 | steps:  4696 | steps_t:     0 | t: 5.752738 | r:  -417.000000 | e:   1.000000 | Q:        nan | won: False 
#   69 | steps:  4752 | steps_t:     0 | t: 5.819128 | r:  -511.000000 | e:   1.000000 | Q:        nan | won: False 
#   70 | steps:  4777 | steps_t:     0 | t: 5.848612 | r:  -469.000000 | e:   1.000000 | Q:        nan | won: False 
#   71 | steps:  4817 | steps_t:     0 | t: 5.896432 | r:  -363.000000 | e:   1.000000 | Q:        nan | won: False 
#   72 | steps:  4942 | steps_t:     0 | t: 6.147742 | r:  -470.000000 | e:   1.000000 | Q:        nan | won: False 
#   73 | steps:  4996 | steps_t:     0 | t: 6.211772 | r:  -476.000000 | e:   1.000000 | Q:        nan | won: False 
#   74 | steps:  5070 | steps_t:    68 | t: 7.796983 | r:  -441.000000 | e:   0.993200 | Q:   0.752914 | won: False 
#   75 | steps:  5092 | steps_t:    89 | t: 8.235001 | r:  -477.000000 | e:   0.991100 | Q:        nan | won: False 
#   76 | steps:  5127 | steps_t:   123 | t: 8.929692 | r:  -402.000000 | e:   0.987700 | Q:   3.639423 | won: False 
#   77 | steps:  5182 | steps_t:   177 | t: 10.013482 | r:  -466.000000 | e:   0.982300 | Q:   1.196011 | won: False 
#   78 | steps:  5263 | steps_t:   257 | t: 11.649339 | r:  -470.000000 | e:   0.974300 | Q:   0.531183 | won: False 
#   79 | steps:  5288 | steps_t:   281 | t: 12.153363 | r:  -469.000000 | e:   0.971900 | Q:  -0.151608 | won: False 
#   80 | steps:  5331 | steps_t:   323 | t: 13.010905 | r:  -498.000000 | e:   0.967700 | Q:  -2.894547 | won: False 
#   81 | steps:  5353 | steps_t:   344 | t: 13.448161 | r:  -455.000000 | e:   0.965600 | Q:  -3.674654 | won: False 
#   82 | steps:  5384 | steps_t:   374 | t: 14.068696 | r:  -475.000000 | e:   0.962600 | Q:  -2.537664 | won: False 
#   83 | steps:  5506 | steps_t:   495 | t: 16.532394 | r:  -379.000000 | e:   0.950500 | Q:  -3.489632 | won: False 
#   84 | steps:  5607 | steps_t:   595 | t: 18.610443 | r:  -391.000000 | e:   0.940500 | Q: -32.148811 | won: False 
#   85 | steps:  5666 | steps_t:   653 | t: 19.787813 | r:  -448.000000 | e:   0.934700 | Q: -45.558025 | won: False 
#   86 | steps:  5728 | steps_t:   714 | t: 21.057896 | r:  -440.000000 | e:   0.928600 | Q: -48.170986 | won: False 
#   87 | steps:  5748 | steps_t:   733 | t: 21.448269 | r:  -486.000000 | e:   0.926700 | Q: -49.232132 | won: False 
#   88 | steps:  6009 | steps_t:   993 | t: 26.757926 | r:  -397.000000 | e:   0.900700 | Q: -21.669060 | won: False 
#   89 | steps:  6106 | steps_t:  1089 | t: 28.739451 | r:  -508.000000 | e:   0.891100 | Q: -35.894657 | won: False 
#   90 | steps:  6127 | steps_t:  1109 | t: 29.152744 | r:  -465.000000 | e:   0.889100 | Q:        nan | won: False 
#   91 | steps:  6163 | steps_t:  1144 | t: 29.869070 | r:  -458.000000 | e:   0.885600 | Q: -39.512508 | won: False 
#   92 | steps:  6229 | steps_t:  1209 | t: 31.204666 | r:  -488.000000 | e:   0.879100 | Q: -53.879379 | won: False 
#   93 | steps:  6356 | steps_t:  1335 | t: 33.809128 | r:  -318.000000 | e:   0.866500 | Q: -26.279264 | won: False 
#   94 | steps:  6384 | steps_t:  1362 | t: 34.374070 | r:  -461.000000 | e:   0.863800 | Q: -47.927883 | won: False 
#   95 | steps:  6465 | steps_t:  1442 | t: 36.002465 | r:  -415.000000 | e:   0.855800 | Q: -50.536407 | won: False 
#   96 | steps:  6713 | steps_t:  1689 | t: 41.036585 | r:  -626.000000 | e:   0.831100 | Q: -53.387367 | won: False 
#   97 | steps:  6761 | steps_t:  1736 | t: 42.022362 | r:  -448.000000 | e:   0.826400 | Q: -43.515446 | won: False 
#   98 | steps:  6795 | steps_t:  1769 | t: 42.692703 | r:  -467.000000 | e:   0.823100 | Q: -37.014805 | won: False 
#   99 | steps:  6813 | steps_t:  1786 | t: 43.081715 | r:  -462.000000 | e:   0.821400 | Q: -35.076183 | won: False 
#  100 | steps:  6889 | steps_t:  1861 | t: 44.614803 | r:  -454.000000 | e:   0.813900 | Q: -34.798096 | won: False 
