#    1 | steps:   203 | steps_t: 1084669 | t: 0.338034 | r:  1118.000000 | e:   0.010000 | Q: 225.315720 | won: True 
#    2 | steps:   488 | steps_t: 1084669 | t: 0.759782 | r:   912.000000 | e:   0.010000 | Q: 219.089050 | won: True 
#    3 | steps:   868 | steps_t: 1084669 | t: 1.358846 | r:   297.000000 | e:   0.010000 | Q: 210.738037 | won: False 
#    4 | steps:  1025 | steps_t: 1084669 | t: 1.610267 | r:  1182.000000 | e:   0.010000 | Q: 235.394562 | won: True 
#    5 | steps:  1205 | steps_t: 1084669 | t: 1.906978 | r:  1017.000000 | e:   0.010000 | Q: 199.125870 | won: True 
#    6 | steps:  1400 | steps_t: 1084669 | t: 2.221286 | r:  1002.000000 | e:   0.010000 | Q: 210.822388 | won: True 
#    7 | steps:  1576 | steps_t: 1084669 | t: 2.595993 | r:  1123.000000 | e:   0.010000 | Q: 238.607910 | won: True 
#    8 | steps:  2192 | steps_t: 1084669 | t: 3.505649 | r:    61.000000 | e:   0.010000 | Q: 229.182449 | won: False 
#    9 | steps:  2352 | steps_t: 1084669 | t: 3.747914 | r:  1048.000000 | e:   0.010000 | Q: 208.854309 | won: True 
#   10 | steps:  2533 | steps_t: 1084669 | t: 4.024650 | r:  1016.000000 | e:   0.010000 | Q: 238.730530 | won: True 
#   11 | steps:  2685 | steps_t: 1084669 | t: 28.806819 | r:  1147.000000 | e:   0.010000 | Q: 222.629578 | won: True 
#   12 | steps:  2881 | steps_t: 1084669 | t: 60.686040 | r:  1001.000000 | e:   0.010000 | Q: 235.017670 | won: True 
#   13 | steps:  3088 | steps_t: 1084669 | t: 95.666339 | r:  1132.000000 | e:   0.010000 | Q: 222.218109 | won: True 
#   14 | steps:  3262 | steps_t: 1084669 | t: 125.166799 | r:  1074.000000 | e:   0.010000 | Q: 234.173904 | won: True 
#   15 | steps:  3439 | steps_t: 1084669 | t: 155.099436 | r:  1020.000000 | e:   0.010000 | Q: 203.015640 | won: True 
#   16 | steps:  3502 | steps_t: 1084669 | t: 166.782188 | r:    39.000000 | e:   0.010000 | Q: 238.947906 | won: False 
#   17 | steps:  3644 | steps_t: 1084669 | t: 191.234234 | r:  1135.000000 | e:   0.010000 | Q: 232.710037 | won: True 
#   18 | steps:  3813 | steps_t: 1084669 | t: 219.666595 | r:  1068.000000 | e:   0.010000 | Q: 224.559479 | won: True 
#   19 | steps:  3960 | steps_t: 1084669 | t: 244.946007 | r:   413.000000 | e:   0.010000 | Q: 222.343414 | won: False 
#   20 | steps:  4102 | steps_t: 1084669 | t: 269.418395 | r:  1117.000000 | e:   0.010000 | Q: 232.651657 | won: True 
#   21 | steps:  4397 | steps_t: 1084669 | t: 317.103531 | r:   982.000000 | e:   0.010000 | Q: 224.687134 | won: True 
#   22 | steps:  4548 | steps_t: 1084669 | t: 342.396289 | r:  1137.000000 | e:   0.010000 | Q: 238.346054 | won: True 
#   23 | steps:  4706 | steps_t: 1084669 | t: 368.885344 | r:  1090.000000 | e:   0.010000 | Q: 212.242050 | won: True 
#   24 | steps:  4825 | steps_t: 1084669 | t: 390.107275 | r:   218.000000 | e:   0.010000 | Q: 199.125870 | won: False 
#   25 | steps:  5027 | steps_t: 1084669 | t: 423.542077 | r:  1086.000000 | e:   0.010000 | Q: 234.016541 | won: True 
