#    1 | steps:    15 | steps_t:     0 | t: 0.044335 | r:  -470.000000 | e:   1.000000 | Q:        nan | won: False 
#    2 | steps:    42 | steps_t:     0 | t: 0.085098 | r:  -460.000000 | e:   1.000000 | Q:        nan | won: False 
#    3 | steps:    57 | steps_t:     0 | t: 0.106837 | r:  -492.000000 | e:   1.000000 | Q:        nan | won: False 
#    4 | steps:   109 | steps_t:     0 | t: 0.170294 | r:  -496.000000 | e:   1.000000 | Q:        nan | won: False 
#    5 | steps:   146 | steps_t:     0 | t: 0.215815 | r:  -393.000000 | e:   1.000000 | Q:        nan | won: False 
#    6 | steps:   176 | steps_t:     0 | t: 0.251565 | r:  -485.000000 | e:   1.000000 | Q:        nan | won: False 
#    7 | steps:   219 | steps_t:     0 | t: 0.303711 | r:  -454.000000 | e:   1.000000 | Q:        nan | won: False 
#    8 | steps:   269 | steps_t:     0 | t: 0.362509 | r:  -494.000000 | e:   1.000000 | Q:        nan | won: False 
#    9 | steps:   322 | steps_t:     0 | t: 0.425803 | r:  -431.000000 | e:   1.000000 | Q:        nan | won: False 
#   10 | steps:   349 | steps_t:     0 | t: 0.458353 | r:  -416.000000 | e:   1.000000 | Q:        nan | won: False 
#   11 | steps:   404 | steps_t:     0 | t: 0.523738 | r:  -488.000000 | e:   1.000000 | Q:        nan | won: False 
#   12 | steps:   448 | steps_t:     0 | t: 0.575246 | r:  -422.000000 | e:   1.000000 | Q:        nan | won: False 
#   13 | steps:   502 | steps_t:     0 | t: 0.638306 | r:  -498.000000 | e:   1.000000 | Q:        nan | won: False 
#   14 | steps:   516 | steps_t:     0 | t: 0.654692 | r:  -469.000000 | e:   1.000000 | Q:        nan | won: False 
#   15 | steps:   559 | steps_t:     0 | t: 0.705976 | r:  -487.000000 | e:   1.000000 | Q:        nan | won: False 
#   16 | steps:   607 | steps_t:     0 | t: 0.763672 | r:  -470.000000 | e:   1.000000 | Q:        nan | won: False 
#   17 | steps:   657 | steps_t:     0 | t: 0.824663 | r:  -494.000000 | e:   1.000000 | Q:        nan | won: False 
#   18 | steps:   736 | steps_t:     0 | t: 0.919561 | r:  -523.000000 | e:   1.000000 | Q:        nan | won: False 
#   19 | steps:   776 | steps_t:     0 | t: 0.966654 | r:  -451.000000 | e:   1.000000 | Q:        nan | won: False 
#   20 | steps:   939 | steps_t:     0 | t: 1.162851 | r:  -541.000000 | e:   1.000000 | Q:        nan | won: False 
#   21 | steps:  1080 | steps_t:     0 | t: 1.332442 | r:  -442.000000 | e:   1.000000 | Q:        nan | won: False 
#   22 | steps:  1152 | steps_t:     0 | t: 1.423567 | r:  -329.000000 | e:   1.000000 | Q:        nan | won: False 
#   23 | steps:  1226 | steps_t:     0 | t: 1.513140 | r:  -430.000000 | e:   1.000000 | Q:        nan | won: False 
#   24 | steps:  1317 | steps_t:     0 | t: 1.622819 | r:  -524.000000 | e:   1.000000 | Q:        nan | won: False 
#   25 | steps:  1431 | steps_t:     0 | t: 1.760463 | r:  -360.000000 | e:   1.000000 | Q:        nan | won: False 
#   26 | steps:  1512 | steps_t:     0 | t: 1.857275 | r:  -448.000000 | e:   1.000000 | Q:        nan | won: False 
#   27 | steps:  1590 | steps_t:     0 | t: 1.950276 | r:  -478.000000 | e:   1.000000 | Q:        nan | won: False 
#   28 | steps:  1698 | steps_t:     0 | t: 2.079363 | r:  -530.000000 | e:   1.000000 | Q:        nan | won: False 
#   29 | steps:  1748 | steps_t:     0 | t: 2.138431 | r:  -472.000000 | e:   1.000000 | Q:        nan | won: False 
#   30 | steps:  1802 | steps_t:     0 | t: 2.201621 | r:  -443.000000 | e:   1.000000 | Q:        nan | won: False 
#   31 | steps:  1867 | steps_t:     0 | t: 2.371011 | r:  -399.000000 | e:   1.000000 | Q:        nan | won: False 
#   32 | steps:  1931 | steps_t:     0 | t: 2.447013 | r:  -387.000000 | e:   1.000000 | Q:        nan | won: False 
#   33 | steps:  1953 | steps_t:     0 | t: 2.473655 | r:  -477.000000 | e:   1.000000 | Q:        nan | won: False 
#   34 | steps:  1995 | steps_t:     0 | t: 2.524491 | r:  -475.000000 | e:   1.000000 | Q:        nan | won: False 
#   35 | steps:  2024 | steps_t:     0 | t: 2.559350 | r:  -484.000000 | e:   1.000000 | Q:        nan | won: False 
#   36 | steps:  2111 | steps_t:     0 | t: 2.667299 | r:  -454.000000 | e:   1.000000 | Q:        nan | won: False 
#   37 | steps:  2135 | steps_t:     0 | t: 2.696302 | r:  -501.000000 | e:   1.000000 | Q:        nan | won: False 
#   38 | steps:  2164 | steps_t:     0 | t: 2.731374 | r:  -484.000000 | e:   1.000000 | Q:        nan | won: False 
#   39 | steps:  2221 | steps_t:     0 | t: 2.800213 | r:  -402.000000 | e:   1.000000 | Q:        nan | won: False 
#   40 | steps:  2245 | steps_t:     0 | t: 2.828145 | r:  -490.000000 | e:   1.000000 | Q:        nan | won: False 
#   41 | steps:  2262 | steps_t:     0 | t: 2.848253 | r:  -483.000000 | e:   1.000000 | Q:        nan | won: False 
#   42 | steps:  2385 | steps_t:     0 | t: 2.993598 | r:  -490.000000 | e:   1.000000 | Q:        nan | won: False 
#   43 | steps:  2502 | steps_t:     0 | t: 3.132593 | r:  -363.000000 | e:   1.000000 | Q:        nan | won: False 
#   44 | steps:  2528 | steps_t:     0 | t: 3.163451 | r:  -470.000000 | e:   1.000000 | Q:        nan | won: False 
#   45 | steps:  2636 | steps_t:     0 | t: 3.292884 | r:  -486.000000 | e:   1.000000 | Q:        nan | won: False 
#   46 | steps:  2708 | steps_t:     0 | t: 3.379015 | r:  -450.000000 | e:   1.000000 | Q:        nan | won: False 
#   47 | steps:  2976 | steps_t:     0 | t: 3.696435 | r:  -481.000000 | e:   1.000000 | Q:        nan | won: False 
#   48 | steps:  3033 | steps_t:     0 | t: 3.767134 | r:  -402.000000 | e:   1.000000 | Q:        nan | won: False 
#   49 | steps:  3085 | steps_t:     0 | t: 3.828205 | r:  -485.000000 | e:   1.000000 | Q:        nan | won: False 
#   50 | steps:  3132 | steps_t:     0 | t: 3.884261 | r:  -480.000000 | e:   1.000000 | Q:        nan | won: False 
#   51 | steps:  3193 | steps_t:     0 | t: 3.955777 | r:  -428.000000 | e:   1.000000 | Q:        nan | won: False 
#   52 | steps:  3374 | steps_t:     0 | t: 4.169982 | r:  -493.000000 | e:   1.000000 | Q:        nan | won: False 
#   53 | steps:  3408 | steps_t:     0 | t: 4.211076 | r:  -423.000000 | e:   1.000000 | Q:        nan | won: False 
#   54 | steps:  3445 | steps_t:     0 | t: 4.254716 | r:  -393.000000 | e:   1.000000 | Q:        nan | won: False 
#   55 | steps:  3542 | steps_t:     0 | t: 4.369555 | r:  -508.000000 | e:   1.000000 | Q:        nan | won: False 
#   56 | steps:  3577 | steps_t:     0 | t: 4.410491 | r:  -479.000000 | e:   1.000000 | Q:        nan | won: False 
#   57 | steps:  3789 | steps_t:     0 | t: 4.659767 | r:  -414.000000 | e:   1.000000 | Q:        nan | won: False 
#   58 | steps:  3828 | steps_t:     0 | t: 4.706342 | r:  -439.000000 | e:   1.000000 | Q:        nan | won: False 
#   59 | steps:  3850 | steps_t:     0 | t: 4.731865 | r:  -433.000000 | e:   1.000000 | Q:        nan | won: False 
#   60 | steps:  3939 | steps_t:     0 | t: 4.838747 | r:  -434.000000 | e:   1.000000 | Q:        nan | won: False 
#   61 | steps:  3981 | steps_t:     0 | t: 4.887879 | r:  -464.000000 | e:   1.000000 | Q:        nan | won: False 
#   62 | steps:  4032 | steps_t:     0 | t: 4.948387 | r:  -473.000000 | e:   1.000000 | Q:        nan | won: False 
#   63 | steps:  4242 | steps_t:     0 | t: 5.196620 | r:  -456.000000 | e:   1.000000 | Q:        nan | won: False 
#   64 | steps:  4269 | steps_t:     0 | t: 5.228867 | r:  -493.000000 | e:   1.000000 | Q:        nan | won: False 
#   65 | steps:  4309 | steps_t:     0 | t: 5.277152 | r:  -440.000000 | e:   1.000000 | Q:        nan | won: False 
#   66 | steps:  4328 | steps_t:     0 | t: 5.300390 | r:  -496.000000 | e:   1.000000 | Q:        nan | won: False 
#   67 | steps:  4355 | steps_t:     0 | t: 5.332961 | r:  -427.000000 | e:   1.000000 | Q:        nan | won: False 
#   68 | steps:  4391 | steps_t:     0 | t: 5.375582 | r:  -480.000000 | e:   1.000000 | Q:        nan | won: False 
#   69 | steps:  4848 | steps_t:     0 | t: 5.909163 | r:  -527.000000 | e:   1.000000 | Q:        nan | won: False 
#   70 | steps:  4879 | steps_t:     0 | t: 5.945944 | r:  -497.000000 | e:   1.000000 | Q:        nan | won: False 
#   71 | steps:  4971 | steps_t:     0 | t: 6.053947 | r:  -503.000000 | e:   1.000000 | Q:        nan | won: False 
#   72 | steps:  5070 | steps_t:    68 | t: 7.655642 | r:  -521.000000 | e:   0.993200 | Q:        nan | won: False 
#   73 | steps:  5110 | steps_t:   107 | t: 8.560611 | r:  -429.000000 | e:   0.989300 | Q:        nan | won: False 
#   74 | steps:  5239 | steps_t:   235 | t: 11.166432 | r:  -441.000000 | e:   0.976500 | Q:        nan | won: False 
#   75 | steps:  5286 | steps_t:   281 | t: 12.128956 | r:  -480.000000 | e:   0.971900 | Q:        nan | won: False 
#   76 | steps:  5302 | steps_t:   296 | t: 12.444972 | r:  -482.000000 | e:   0.970400 | Q: -56.075542 | won: False 
#   77 | steps:  5317 | steps_t:   310 | t: 12.736656 | r:  -459.000000 | e:   0.969000 | Q:        nan | won: False 
#   78 | steps:  5366 | steps_t:   358 | t: 13.746368 | r:  -460.000000 | e:   0.964200 | Q:        nan | won: False 
#   79 | steps:  5383 | steps_t:   374 | t: 14.082797 | r:  -472.000000 | e:   0.962600 | Q: -44.063805 | won: False 
#   80 | steps:  5420 | steps_t:   410 | t: 14.822647 | r:  -459.000000 | e:   0.959000 | Q: -51.067879 | won: False 
#   81 | steps:  5446 | steps_t:   435 | t: 15.336773 | r:  -470.000000 | e:   0.956500 | Q: -46.874908 | won: False 
#   82 | steps:  5498 | steps_t:   486 | t: 16.381671 | r:  -419.000000 | e:   0.951400 | Q: -55.433979 | won: False 
#   83 | steps:  5534 | steps_t:   521 | t: 17.096237 | r:  -436.000000 | e:   0.947900 | Q: -48.957539 | won: False 
#   84 | steps:  5634 | steps_t:   620 | t: 19.160364 | r:  -401.000000 | e:   0.938000 | Q: -46.892391 | won: False 
#   85 | steps:  5673 | steps_t:   658 | t: 19.968775 | r:  -472.000000 | e:   0.934200 | Q: -64.998749 | won: False 
#   86 | steps:  5700 | steps_t:   684 | t: 20.519229 | r:  -460.000000 | e:   0.931600 | Q:        nan | won: False 
#   87 | steps:  5743 | steps_t:   726 | t: 21.412700 | r:  -432.000000 | e:   0.927400 | Q: -47.660255 | won: False 
#   88 | steps:  5778 | steps_t:   760 | t: 22.131585 | r:  -479.000000 | e:   0.924000 | Q: -47.027088 | won: False 
#   89 | steps:  5799 | steps_t:   780 | t: 22.580233 | r:  -454.000000 | e:   0.922000 | Q: -48.060329 | won: False 
#   90 | steps:  5881 | steps_t:   861 | t: 24.299659 | r:  -493.000000 | e:   0.913900 | Q: -42.857426 | won: False 
#   91 | steps:  5995 | steps_t:   974 | t: 26.611435 | r:  -305.000000 | e:   0.902600 | Q: -44.447388 | won: False 
#   92 | steps:  6060 | steps_t:  1038 | t: 27.965391 | r:  -432.000000 | e:   0.896200 | Q: -41.023685 | won: False 
#   93 | steps:  6073 | steps_t:  1050 | t: 28.221555 | r:  -479.000000 | e:   0.895000 | Q:        nan | won: False 
#   94 | steps:  6200 | steps_t:  1176 | t: 30.869129 | r:  -483.000000 | e:   0.882400 | Q: -33.362320 | won: False 
#   95 | steps:  6228 | steps_t:  1203 | t: 31.422196 | r:  -472.000000 | e:   0.879700 | Q: -53.605068 | won: False 
#   96 | steps:  6381 | steps_t:  1355 | t: 34.568538 | r:  -421.000000 | e:   0.864500 | Q: -53.929749 | won: False 
#   97 | steps:  6439 | steps_t:  1412 | t: 35.783571 | r:  -480.000000 | e:   0.858800 | Q: -49.039215 | won: False 
#   98 | steps:  6477 | steps_t:  1449 | t: 36.554885 | r:  -482.000000 | e:   0.855100 | Q: -50.128853 | won: False 
#   99 | steps:  6513 | steps_t:  1484 | t: 37.306613 | r:  -436.000000 | e:   0.851600 | Q: -59.838451 | won: False 
#  100 | steps:  6534 | steps_t:  1504 | t: 37.721401 | r:  -476.000000 | e:   0.849600 | Q: -60.318356 | won: False 
