#    1 | steps:    49 | steps_t:     0 | t: 0.058715 | r:  -416.000000 | e:   1.000000 | Q:        nan | won: False 
#    2 | steps:    66 | steps_t:     0 | t: 0.072232 | r:  -483.000000 | e:   1.000000 | Q:        nan | won: False 
#    3 | steps:   102 | steps_t:     0 | t: 0.103083 | r:  -491.000000 | e:   1.000000 | Q:        nan | won: False 
#    4 | steps:   146 | steps_t:     0 | t: 0.143604 | r:  -455.000000 | e:   1.000000 | Q:        nan | won: False 
#    5 | steps:   228 | steps_t:     0 | t: 0.214735 | r:  -372.000000 | e:   1.000000 | Q:        nan | won: False 
#    6 | steps:   265 | steps_t:     0 | t: 0.246596 | r:  -393.000000 | e:   1.000000 | Q:        nan | won: False 
#    7 | steps:   326 | steps_t:     0 | t: 0.297549 | r:  -483.000000 | e:   1.000000 | Q:        nan | won: False 
#    8 | steps:   430 | steps_t:     0 | t: 0.386571 | r:  -449.000000 | e:   1.000000 | Q:        nan | won: False 
#    9 | steps:   473 | steps_t:     0 | t: 0.423658 | r:  -487.000000 | e:   1.000000 | Q:        nan | won: False 
#   10 | steps:   494 | steps_t:     0 | t: 0.442201 | r:  -498.000000 | e:   1.000000 | Q:        nan | won: False 
#   11 | steps:   515 | steps_t:     0 | t: 0.461910 | r:  -476.000000 | e:   1.000000 | Q:        nan | won: False 
#   12 | steps:   554 | steps_t:     0 | t: 0.499065 | r:  -494.000000 | e:   1.000000 | Q:        nan | won: False 
#   13 | steps:   649 | steps_t:     0 | t: 0.588602 | r:  -539.000000 | e:   1.000000 | Q:        nan | won: False 
#   14 | steps:   670 | steps_t:     0 | t: 0.606671 | r:  -465.000000 | e:   1.000000 | Q:        nan | won: False 
#   15 | steps:   740 | steps_t:     0 | t: 0.670927 | r:  -514.000000 | e:   1.000000 | Q:        nan | won: False 
#   16 | steps:   779 | steps_t:     0 | t: 0.707335 | r:  -483.000000 | e:   1.000000 | Q:        nan | won: False 
#   17 | steps:   836 | steps_t:     0 | t: 0.760056 | r:  -402.000000 | e:   1.000000 | Q:        nan | won: False 
#   18 | steps:   892 | steps_t:     0 | t: 0.810764 | r:  -423.000000 | e:   1.000000 | Q:        nan | won: False 
#   19 | steps:  1189 | steps_t:     0 | t: 1.072256 | r:  -448.000000 | e:   1.000000 | Q:        nan | won: False 
#   20 | steps:  1227 | steps_t:     0 | t: 1.109111 | r:  -449.000000 | e:   1.000000 | Q:        nan | won: False 
#   21 | steps:  1264 | steps_t:     0 | t: 1.146997 | r:  -481.000000 | e:   1.000000 | Q:        nan | won: False 
#   22 | steps:  1306 | steps_t:     0 | t: 1.184347 | r:  -420.000000 | e:   1.000000 | Q:        nan | won: False 
#   23 | steps:  1481 | steps_t:     0 | t: 1.336332 | r:  -278.000000 | e:   1.000000 | Q:        nan | won: False 
#   24 | steps:  1517 | steps_t:     0 | t: 1.369285 | r:  -491.000000 | e:   1.000000 | Q:        nan | won: False 
#   25 | steps:  1610 | steps_t:     0 | t: 1.451274 | r:  -328.000000 | e:   1.000000 | Q:        nan | won: False 
#   26 | steps:  1727 | steps_t:     0 | t: 1.547461 | r:  -451.000000 | e:   1.000000 | Q:        nan | won: False 
#   27 | steps:  1800 | steps_t:     0 | t: 1.606341 | r:  -451.000000 | e:   1.000000 | Q:        nan | won: False 
#   28 | steps:  1863 | steps_t:     0 | t: 1.760132 | r:  -496.000000 | e:   1.000000 | Q:        nan | won: False 
#   29 | steps:  1898 | steps_t:     0 | t: 1.791928 | r:  -468.000000 | e:   1.000000 | Q:        nan | won: False 
#   30 | steps:  1928 | steps_t:     0 | t: 1.819350 | r:  -441.000000 | e:   1.000000 | Q:        nan | won: False 
#   31 | steps:  1969 | steps_t:     0 | t: 1.858884 | r:  -507.000000 | e:   1.000000 | Q:        nan | won: False 
#   32 | steps:  2087 | steps_t:    85 | t: 4.119013 | r:  -419.000000 | e:   0.999150 | Q:        nan | won: False 
#   33 | steps:  2262 | steps_t:   259 | t: 8.385634 | r:  -520.000000 | e:   0.997410 | Q:        nan | won: False 
#   34 | steps:  2350 | steps_t:   346 | t: 10.470290 | r:  -532.000000 | e:   0.996540 | Q:        nan | won: False 
#   35 | steps:  2393 | steps_t:   388 | t: 11.482516 | r:  -476.000000 | e:   0.996120 | Q:        nan | won: False 
#   36 | steps:  2446 | steps_t:   440 | t: 12.741477 | r:  -497.000000 | e:   0.995600 | Q:        nan | won: False 
#   37 | steps:  2470 | steps_t:   463 | t: 13.328750 | r:  -468.000000 | e:   0.995370 | Q:        nan | won: False 
#   38 | steps:  2514 | steps_t:   506 | t: 14.382851 | r:  -466.000000 | e:   0.994940 | Q:        nan | won: False 
#   39 | steps:  2562 | steps_t:   553 | t: 15.526077 | r:  -426.000000 | e:   0.994470 | Q:        nan | won: False 
#   40 | steps:  2706 | steps_t:   696 | t: 19.084736 | r:  -456.000000 | e:   0.993040 | Q:  -3.285301 | won: False 
#   41 | steps:  2730 | steps_t:   719 | t: 19.656929 | r:  -501.000000 | e:   0.992810 | Q:        nan | won: False 
#   42 | steps:  2811 | steps_t:   799 | t: 21.634298 | r:  -360.000000 | e:   0.992010 | Q:  -6.965303 | won: False 
#   43 | steps:  2840 | steps_t:   827 | t: 22.322179 | r:  -473.000000 | e:   0.991730 | Q:        nan | won: False 
#   44 | steps:  2949 | steps_t:   935 | t: 25.003960 | r:  -377.000000 | e:   0.990650 | Q:  -9.800102 | won: False 
#   45 | steps:  3024 | steps_t:  1009 | t: 26.866010 | r:  -464.000000 | e:   0.989910 | Q: -28.875134 | won: False 
#   46 | steps:  3121 | steps_t:  1105 | t: 29.307822 | r:  -508.000000 | e:   0.988950 | Q: -40.588703 | won: False 
#   47 | steps:  3138 | steps_t:  1121 | t: 29.718004 | r:  -461.000000 | e:   0.988790 | Q:        nan | won: False 
#   48 | steps:  3376 | steps_t:  1358 | t: 35.795115 | r:  -352.000000 | e:   0.986420 | Q: -28.372509 | won: False 
#   49 | steps:  3511 | steps_t:  1492 | t: 39.202647 | r:  -469.000000 | e:   0.985080 | Q: -30.278473 | won: False 
#   50 | steps:  3547 | steps_t:  1527 | t: 40.102551 | r:  -447.000000 | e:   0.984730 | Q: -27.579453 | won: False 
#   51 | steps:  3578 | steps_t:  1557 | t: 40.900905 | r:  -497.000000 | e:   0.984430 | Q: -20.404202 | won: False 
#   52 | steps:  3751 | steps_t:  1729 | t: 45.338443 | r:  -463.000000 | e:   0.982710 | Q: -14.672334 | won: False 
#   53 | steps:  3770 | steps_t:  1747 | t: 45.852121 | r:  -485.000000 | e:   0.982530 | Q:        nan | won: False 
#   54 | steps:  3842 | steps_t:  1818 | t: 47.700924 | r:  -516.000000 | e:   0.981820 | Q:        nan | won: False 
#   55 | steps:  3894 | steps_t:  1869 | t: 49.021952 | r:  -507.000000 | e:   0.981310 | Q: -14.523569 | won: False 
#   56 | steps:  4024 | steps_t:  1998 | t: 52.304344 | r:  -409.000000 | e:   0.980020 | Q: -19.134993 | won: False 
#   57 | steps:  4065 | steps_t:  2038 | t: 53.357754 | r:  -408.000000 | e:   0.979620 | Q:        nan | won: False 
#   58 | steps:  4321 | steps_t:  2293 | t: 59.945121 | r:  -480.000000 | e:   0.977070 | Q: -30.378704 | won: False 
#   59 | steps:  4427 | steps_t:  2398 | t: 62.806222 | r:  -528.000000 | e:   0.976020 | Q: -24.255116 | won: False 
#   60 | steps:  4467 | steps_t:  2437 | t: 63.922928 | r:  -484.000000 | e:   0.975630 | Q: -19.967592 | won: False 
#   61 | steps:  4539 | steps_t:  2508 | t: 66.043898 | r:  -472.000000 | e:   0.974920 | Q: -20.757734 | won: False 
#   62 | steps:  4642 | steps_t:  2610 | t: 69.119879 | r:  -459.000000 | e:   0.973900 | Q: -25.186672 | won: False 
#   63 | steps:  4723 | steps_t:  2690 | t: 71.517714 | r:  -514.000000 | e:   0.973100 | Q: -39.744720 | won: False 
#   64 | steps:  4757 | steps_t:  2723 | t: 72.442892 | r:  -423.000000 | e:   0.972770 | Q:        nan | won: False 
#   65 | steps:  4797 | steps_t:  2762 | t: 73.581689 | r:  -473.000000 | e:   0.972380 | Q: -21.552174 | won: False 
#   66 | steps:  4820 | steps_t:  2784 | t: 74.214610 | r:  -434.000000 | e:   0.972160 | Q: -25.596100 | won: False 
#   67 | steps:  4947 | steps_t:  2910 | t: 77.906348 | r:  -417.000000 | e:   0.970900 | Q: -24.292074 | won: False 
#   68 | steps:  4995 | steps_t:  2957 | t: 79.156891 | r:  -492.000000 | e:   0.970430 | Q: -34.993679 | won: False 
#   69 | steps:  5030 | steps_t:  2991 | t: 80.100484 | r:  -490.000000 | e:   0.970090 | Q: -51.539562 | won: False 
#   70 | steps:  5045 | steps_t:  3005 | t: 80.477710 | r:  -492.000000 | e:   0.969950 | Q:        nan | won: False 
#   71 | steps:  5067 | steps_t:  3026 | t: 81.084116 | r:  -433.000000 | e:   0.969740 | Q: -25.429089 | won: False 
#   72 | steps:  5120 | steps_t:  3078 | t: 82.494047 | r:  -431.000000 | e:   0.969220 | Q: -21.153297 | won: False 
#   73 | steps:  5141 | steps_t:  3098 | t: 83.033593 | r:  -465.000000 | e:   0.969020 | Q: -37.128674 | won: False 
#   74 | steps:  5179 | steps_t:  3135 | t: 84.030032 | r:  -482.000000 | e:   0.968650 | Q: -23.529287 | won: False 
#   75 | steps:  5217 | steps_t:  3172 | t: 85.036546 | r:  -471.000000 | e:   0.968280 | Q: -22.439890 | won: False 
#   76 | steps:  5277 | steps_t:  3231 | t: 86.662723 | r:  -394.000000 | e:   0.967690 | Q:        nan | won: False 
#   77 | steps:  5320 | steps_t:  3273 | t: 87.801697 | r:  -399.000000 | e:   0.967270 | Q: -22.302851 | won: False 
#   78 | steps:  5404 | steps_t:  3356 | t: 90.032672 | r:  -495.000000 | e:   0.966440 | Q: -25.816092 | won: False 
#   79 | steps:  5415 | steps_t:  3366 | t: 90.307984 | r:  -444.000000 | e:   0.966340 | Q: -41.497574 | won: False 
#   80 | steps:  5506 | steps_t:  3456 | t: 92.684710 | r:  -502.000000 | e:   0.965440 | Q: -24.676767 | won: False 
#   81 | steps:  5608 | steps_t:  3557 | t: 95.423173 | r:  -447.000000 | e:   0.964430 | Q: -19.339041 | won: False 
#   82 | steps:  5715 | steps_t:  3663 | t: 98.352235 | r:  -463.000000 | e:   0.963370 | Q: -21.241636 | won: False 
#   83 | steps:  5798 | steps_t:  3745 | t: 100.486258 | r:  -417.000000 | e:   0.962550 | Q: -31.877388 | won: False 
#   84 | steps:  5855 | steps_t:  3801 | t: 102.004809 | r:  -457.000000 | e:   0.961990 | Q: -43.576977 | won: False 
#   85 | steps:  5958 | steps_t:  3903 | t: 104.851535 | r:  -426.000000 | e:   0.960970 | Q: -26.549665 | won: False 
#   86 | steps:  6012 | steps_t:  3956 | t: 106.389026 | r:  -509.000000 | e:   0.960440 | Q: -28.111116 | won: False 
#   87 | steps:  6417 | steps_t:  4360 | t: 117.384154 | r:  -431.000000 | e:   0.956400 | Q: -23.236008 | won: False 
#   88 | steps:  6474 | steps_t:  4416 | t: 118.854340 | r:  -479.000000 | e:   0.955840 | Q: -31.974518 | won: False 
#   89 | steps:  6521 | steps_t:  4462 | t: 120.014321 | r:  -403.000000 | e:   0.955380 | Q: -32.416477 | won: False 
#   90 | steps:  6583 | steps_t:  4523 | t: 121.616450 | r:  -451.000000 | e:   0.954770 | Q: -27.392153 | won: False 
#   91 | steps:  6715 | steps_t:  4654 | t: 125.014276 | r:  -554.000000 | e:   0.953460 | Q: -27.892197 | won: False 
#   92 | steps:  6748 | steps_t:  4686 | t: 125.836437 | r:  -444.000000 | e:   0.953140 | Q:        nan | won: False 
#   93 | steps:  6792 | steps_t:  4729 | t: 126.925245 | r:  -477.000000 | e:   0.952710 | Q:        nan | won: False 
#   94 | steps:  6854 | steps_t:  4790 | t: 128.495547 | r:  -495.000000 | e:   0.952100 | Q: -18.391981 | won: False 
#   95 | steps:  7044 | steps_t:  4979 | t: 133.371354 | r:  -330.000000 | e:   0.950210 | Q: -22.392092 | won: False 
#   96 | steps:  7064 | steps_t:  4998 | t: 133.886941 | r:  -486.000000 | e:   0.950020 | Q: -24.839060 | won: False 
#   97 | steps:  7261 | steps_t:  5194 | t: 138.989507 | r:  -465.000000 | e:   0.948060 | Q: -16.237221 | won: False 
#   98 | steps:  7308 | steps_t:  5240 | t: 140.238057 | r:  -447.000000 | e:   0.947600 | Q: -22.253054 | won: False 
#   99 | steps:  7348 | steps_t:  5279 | t: 141.287719 | r:  -451.000000 | e:   0.947210 | Q: -30.699455 | won: False 
#  100 | steps:  7382 | steps_t:  5312 | t: 142.190793 | r:  -456.000000 | e:   0.946880 | Q: -27.864258 | won: False 
#  101 | steps:  7445 | steps_t:  5374 | t: 143.831335 | r:  -342.000000 | e:   0.946260 | Q: -19.602903 | won: False 
#  102 | steps:  7506 | steps_t:  5434 | t: 145.410092 | r:  -461.000000 | e:   0.945660 | Q: -17.040489 | won: False 
#  103 | steps:  7569 | steps_t:  5496 | t: 147.063570 | r:  -518.000000 | e:   0.945040 | Q: -17.097425 | won: False 
#  104 | steps:  7614 | steps_t:  5540 | t: 148.213602 | r:  -456.000000 | e:   0.944600 | Q:        nan | won: False 
#  105 | steps:  7679 | steps_t:  5604 | t: 149.834403 | r:  -498.000000 | e:   0.943960 | Q: -17.759207 | won: False 
#  106 | steps:  7728 | steps_t:  5652 | t: 151.029041 | r:  -471.000000 | e:   0.943480 | Q: -21.273247 | won: False 
#  107 | steps:  7789 | steps_t:  5712 | t: 152.529718 | r:  -494.000000 | e:   0.942880 | Q: -21.743929 | won: False 
#  108 | steps:  7989 | steps_t:  5911 | t: 157.537931 | r:  -424.000000 | e:   0.940890 | Q: -20.112938 | won: False 
#  109 | steps:  8035 | steps_t:  5956 | t: 158.662778 | r:  -501.000000 | e:   0.940440 | Q: -33.095577 | won: False 
#  110 | steps:  8093 | steps_t:  6013 | t: 160.081148 | r:  -502.000000 | e:   0.939870 | Q: -30.808044 | won: False 
#  111 | steps:  8266 | steps_t:  6185 | t: 164.362474 | r:  -496.000000 | e:   0.938150 | Q: -28.695036 | won: False 
#  112 | steps:  8310 | steps_t:  6228 | t: 165.437778 | r:  -356.000000 | e:   0.937720 | Q: -30.416121 | won: False 
#  113 | steps:  8400 | steps_t:  6317 | t: 167.662254 | r:  -523.000000 | e:   0.936830 | Q: -40.106857 | won: False 
#  114 | steps:  8445 | steps_t:  6361 | t: 168.776875 | r:  -467.000000 | e:   0.936390 | Q: -31.233248 | won: False 
#  115 | steps:  8518 | steps_t:  6433 | t: 170.602455 | r:  -528.000000 | e:   0.935670 | Q: -40.640560 | won: False 
#  116 | steps:  8542 | steps_t:  6456 | t: 171.192175 | r:  -479.000000 | e:   0.935440 | Q:        nan | won: False 
#  117 | steps:  8639 | steps_t:  6552 | t: 173.752329 | r:  -497.000000 | e:   0.934480 | Q: -23.842018 | won: False 
#  118 | steps:  8669 | steps_t:  6581 | t: 174.515806 | r:  -463.000000 | e:   0.934190 | Q:        nan | won: False 
#  119 | steps:  8709 | steps_t:  6620 | t: 175.724215 | r:  -495.000000 | e:   0.933800 | Q: -29.769642 | won: False 
#  120 | steps:  8784 | steps_t:  6694 | t: 177.664642 | r:  -376.000000 | e:   0.933060 | Q: -54.078568 | won: False 
#  121 | steps:  8857 | steps_t:  6766 | t: 179.631784 | r:  -363.000000 | e:   0.932340 | Q: -27.059868 | won: False 
#  122 | steps:  8953 | steps_t:  6861 | t: 182.178277 | r:  -507.000000 | e:   0.931390 | Q: -31.315557 | won: False 
#  123 | steps:  9017 | steps_t:  6924 | t: 183.939675 | r:  -519.000000 | e:   0.930760 | Q: -37.972469 | won: False 
#  124 | steps:  9042 | steps_t:  6948 | t: 184.595467 | r:  -480.000000 | e:   0.930520 | Q: -44.250290 | won: False 
#  125 | steps:  9162 | steps_t:  7067 | t: 187.755178 | r:  -399.000000 | e:   0.929330 | Q: -29.354538 | won: False 
#  126 | steps:  9210 | steps_t:  7114 | t: 189.038690 | r:  -492.000000 | e:   0.928860 | Q: -26.317133 | won: False 
#  127 | steps:  9310 | steps_t:  7213 | t: 191.676959 | r:  -533.000000 | e:   0.927870 | Q: -32.686096 | won: False 
#  128 | steps:  9358 | steps_t:  7260 | t: 192.900178 | r:  -415.000000 | e:   0.927400 | Q: -41.631977 | won: False 
#  129 | steps:  9472 | steps_t:  7373 | t: 195.861854 | r:  -514.000000 | e:   0.926270 | Q: -30.471373 | won: False 
#  130 | steps:  9574 | steps_t:  7474 | t: 198.550798 | r:  -348.000000 | e:   0.925260 | Q: -29.378326 | won: False 
#  131 | steps:  9637 | steps_t:  7536 | t: 200.230299 | r:  -474.000000 | e:   0.924640 | Q: -43.364956 | won: False 
#  132 | steps:  9757 | steps_t:  7655 | t: 203.515475 | r:  -399.000000 | e:   0.923450 | Q: -42.224422 | won: False 
#  133 | steps:  9770 | steps_t:  7667 | t: 203.864866 | r:  -457.000000 | e:   0.923330 | Q:        nan | won: False 
#  134 | steps:  9794 | steps_t:  7690 | t: 204.501897 | r:  -490.000000 | e:   0.923100 | Q:        nan | won: False 
#  135 | steps:  9886 | steps_t:  7781 | t: 206.936543 | r:  -437.000000 | e:   0.922190 | Q: -35.632568 | won: False 
#  136 | steps: 10059 | steps_t:  7953 | t: 211.627445 | r:  -518.000000 | e:   0.920470 | Q: -40.921276 | won: False 
#  137 | steps: 10128 | steps_t:  8021 | t: 213.416505 | r:  -513.000000 | e:   0.919790 | Q: -39.151981 | won: False 
#  138 | steps: 10183 | steps_t:  8075 | t: 214.874492 | r:  -422.000000 | e:   0.919250 | Q: -51.117054 | won: False 
#  139 | steps: 10209 | steps_t:  8100 | t: 215.552728 | r:  -470.000000 | e:   0.919000 | Q: -38.190754 | won: False 
#  140 | steps: 10565 | steps_t:  8455 | t: 224.881123 | r:  -470.000000 | e:   0.915450 | Q: -34.894749 | won: False 
#  141 | steps: 10594 | steps_t:  8483 | t: 225.606605 | r:  -473.000000 | e:   0.915170 | Q: -39.795742 | won: False 
#  142 | steps: 10916 | steps_t:  8804 | t: 234.495589 | r:  -447.000000 | e:   0.911960 | Q: -30.373980 | won: False 
#  143 | steps: 10996 | steps_t:  8883 | t: 236.663875 | r:  -403.000000 | e:   0.911170 | Q: -46.382633 | won: False 
#  144 | steps: 11039 | steps_t:  8925 | t: 237.838637 | r:  -399.000000 | e:   0.910750 | Q: -67.425674 | won: False 
#  145 | steps: 11092 | steps_t:  8977 | t: 239.327121 | r:  -497.000000 | e:   0.910230 | Q: -85.529594 | won: False 
#  146 | steps: 11171 | steps_t:  9055 | t: 241.456599 | r:  -512.000000 | e:   0.909450 | Q: -25.633699 | won: False 
#  147 | steps: 11227 | steps_t:  9110 | t: 242.989429 | r:  -511.000000 | e:   0.908900 | Q: -20.255987 | won: False 
#  148 | steps: 11315 | steps_t:  9197 | t: 245.411085 | r:  -532.000000 | e:   0.908030 | Q: -14.717349 | won: False 
#  149 | steps: 11442 | steps_t:  9323 | t: 249.124889 | r:  -373.000000 | e:   0.906770 | Q: -14.364313 | won: False 
#  150 | steps: 11477 | steps_t:  9357 | t: 250.107149 | r:  -468.000000 | e:   0.906430 | Q: -29.530167 | won: False 
#  151 | steps: 11507 | steps_t:  9386 | t: 250.914963 | r:  -496.000000 | e:   0.906140 | Q: -71.888039 | won: False 
#  152 | steps: 11749 | steps_t:  9627 | t: 257.430667 | r:  -393.000000 | e:   0.903730 | Q:   4.225721 | won: False 
#  153 | steps: 11826 | steps_t:  9703 | t: 259.497593 | r:  -466.000000 | e:   0.902970 | Q: -15.327321 | won: False 
#  154 | steps: 11846 | steps_t:  9722 | t: 259.997573 | r:  -497.000000 | e:   0.902780 | Q:  10.135962 | won: False 
#  155 | steps: 11880 | steps_t:  9755 | t: 260.854858 | r:  -445.000000 | e:   0.902450 | Q: -18.022394 | won: False 
#  156 | steps: 11929 | steps_t:  9803 | t: 262.206639 | r:  -482.000000 | e:   0.901970 | Q:  13.247293 | won: False 
#  157 | steps: 11946 | steps_t:  9819 | t: 262.637605 | r:  -472.000000 | e:   0.901810 | Q:  15.236407 | won: False 
#  158 | steps: 12132 | steps_t: 10004 | t: 267.750937 | r:  -421.000000 | e:   0.899960 | Q:  16.293840 | won: False 
#  159 | steps: 12173 | steps_t: 10044 | t: 268.860637 | r:  -485.000000 | e:   0.899560 | Q: -17.420223 | won: False 
#  160 | steps: 12272 | steps_t: 10142 | t: 271.701027 | r:  -378.000000 | e:   0.898580 | Q: -24.689671 | won: False 
#  161 | steps: 12319 | steps_t: 10188 | t: 273.034598 | r:  -502.000000 | e:   0.898120 | Q:   3.178414 | won: False 
#  162 | steps: 12374 | steps_t: 10242 | t: 274.561503 | r:  -356.000000 | e:   0.897580 | Q:  19.488029 | won: False 
#  163 | steps: 12405 | steps_t: 10272 | t: 275.401750 | r:  -431.000000 | e:   0.897280 | Q: -19.513271 | won: False 
#  164 | steps: 12559 | steps_t: 10425 | t: 279.663132 | r:  -367.000000 | e:   0.895750 | Q:   5.765383 | won: False 
#  165 | steps: 12583 | steps_t: 10448 | t: 280.274064 | r:  -490.000000 | e:   0.895520 | Q:  -8.900314 | won: False 
#  166 | steps: 12671 | steps_t: 10535 | t: 282.699382 | r:  -411.000000 | e:   0.894650 | Q: -21.352215 | won: False 
#  167 | steps: 12709 | steps_t: 10572 | t: 283.724726 | r:  -416.000000 | e:   0.894280 | Q:  -7.079534 | won: False 
#  168 | steps: 12744 | steps_t: 10606 | t: 284.718781 | r:  -457.000000 | e:   0.893940 | Q:  10.203680 | won: False 
#  169 | steps: 12836 | steps_t: 10697 | t: 287.263238 | r:  -492.000000 | e:   0.893030 | Q: -19.307796 | won: False 
#  170 | steps: 12913 | steps_t: 10773 | t: 289.559187 | r:  -378.000000 | e:   0.892270 | Q:  -9.796909 | won: False 
#  171 | steps: 12983 | steps_t: 10842 | t: 291.557999 | r:  -492.000000 | e:   0.891580 | Q:  22.178761 | won: False 
#  172 | steps: 13132 | steps_t: 10990 | t: 295.772831 | r:  -549.000000 | e:   0.890100 | Q:   6.040308 | won: False 
#  173 | steps: 13147 | steps_t: 11004 | t: 296.173666 | r:  -404.000000 | e:   0.889960 | Q:  -3.017760 | won: False 
#  174 | steps: 13274 | steps_t: 11130 | t: 299.791415 | r:  -417.000000 | e:   0.888700 | Q:  21.970018 | won: False 
#  175 | steps: 13346 | steps_t: 11201 | t: 301.925008 | r:  -461.000000 | e:   0.887990 | Q:  -0.664905 | won: False 
#  176 | steps: 13398 | steps_t: 11252 | t: 303.403565 | r:  -430.000000 | e:   0.887480 | Q:  -0.621751 | won: False 
#  177 | steps: 13546 | steps_t: 11399 | t: 307.935783 | r:  -420.000000 | e:   0.886010 | Q:  10.302771 | won: False 
#  178 | steps: 13612 | steps_t: 11464 | t: 309.881079 | r:  -378.000000 | e:   0.885360 | Q:  15.415506 | won: False 
#  179 | steps: 13635 | steps_t: 11486 | t: 310.522080 | r:  -456.000000 | e:   0.885140 | Q:  11.047684 | won: False 
#  180 | steps: 13855 | steps_t: 11705 | t: 316.958939 | r:  -221.000000 | e:   0.882950 | Q:  10.426188 | won: False 
#  181 | steps: 13915 | steps_t: 11764 | t: 318.698784 | r:  -449.000000 | e:   0.882360 | Q:   8.279750 | won: False 
#  182 | steps: 14003 | steps_t: 11851 | t: 321.249084 | r:  -345.000000 | e:   0.881490 | Q:  -7.624409 | won: False 
#  183 | steps: 14026 | steps_t: 11873 | t: 321.903724 | r:  -489.000000 | e:   0.881270 | Q:  -2.725965 | won: False 
#  184 | steps: 14050 | steps_t: 11896 | t: 322.609790 | r:  -479.000000 | e:   0.881040 | Q: -21.788961 | won: False 
#  185 | steps: 14128 | steps_t: 11973 | t: 324.907587 | r:  -511.000000 | e:   0.880270 | Q: -13.231494 | won: False 
#  186 | steps: 14164 | steps_t: 12008 | t: 325.971447 | r:  -480.000000 | e:   0.879920 | Q:  -3.318837 | won: False 
#  187 | steps: 14184 | steps_t: 12027 | t: 326.547430 | r:  -431.000000 | e:   0.879730 | Q: -10.840672 | won: False 
#  188 | steps: 14262 | steps_t: 12104 | t: 328.653852 | r:  -456.000000 | e:   0.878960 | Q:   4.168353 | won: False 
#  189 | steps: 14301 | steps_t: 12142 | t: 329.650424 | r:  -505.000000 | e:   0.878580 | Q: -23.629250 | won: False 
#  190 | steps: 14325 | steps_t: 12165 | t: 330.260898 | r:  -457.000000 | e:   0.878350 | Q: -36.023483 | won: False 
#  191 | steps: 14378 | steps_t: 12217 | t: 331.614733 | r:  -420.000000 | e:   0.877830 | Q:   1.682220 | won: False 
#  192 | steps: 14402 | steps_t: 12240 | t: 332.221693 | r:  -479.000000 | e:   0.877600 | Q: -25.293056 | won: False 
#  193 | steps: 14489 | steps_t: 12326 | t: 334.449231 | r:  -454.000000 | e:   0.876740 | Q: -15.971456 | won: False 
#  194 | steps: 14534 | steps_t: 12370 | t: 335.582497 | r:  -456.000000 | e:   0.876300 | Q: -16.881506 | won: False 
#  195 | steps: 14603 | steps_t: 12438 | t: 337.402113 | r:  -469.000000 | e:   0.875620 | Q:   0.252349 | won: False 
#  196 | steps: 14636 | steps_t: 12470 | t: 338.270324 | r:  -411.000000 | e:   0.875300 | Q:   0.554142 | won: False 
#  197 | steps: 14708 | steps_t: 12541 | t: 340.214837 | r:  -395.000000 | e:   0.874590 | Q:   3.382621 | won: False 
#  198 | steps: 14739 | steps_t: 12571 | t: 341.002511 | r:  -431.000000 | e:   0.874290 | Q:  -4.845317 | won: False 
#  199 | steps: 14792 | steps_t: 12623 | t: 342.435302 | r:  -475.000000 | e:   0.873770 | Q:  13.399786 | won: False 
#  200 | steps: 14847 | steps_t: 12677 | t: 343.880918 | r:  -466.000000 | e:   0.873230 | Q:   4.440868 | won: False 
#  201 | steps: 15030 | steps_t: 12859 | t: 348.761591 | r:  -517.000000 | e:   0.871410 | Q: -20.243647 | won: False 
#  202 | steps: 15093 | steps_t: 12921 | t: 350.488604 | r:  -408.000000 | e:   0.870790 | Q:  16.663229 | won: False 
#  203 | steps: 15149 | steps_t: 12976 | t: 351.975728 | r:  -423.000000 | e:   0.870240 | Q:  15.559227 | won: False 
#  204 | steps: 15186 | steps_t: 13012 | t: 352.931898 | r:  -470.000000 | e:   0.869880 | Q:  16.582788 | won: False 
#  205 | steps: 15257 | steps_t: 13082 | t: 354.802606 | r:  -526.000000 | e:   0.869180 | Q: -15.767188 | won: False 
#  206 | steps: 15329 | steps_t: 13153 | t: 356.803461 | r:  -395.000000 | e:   0.868470 | Q:  11.143787 | won: False 
#  207 | steps: 15344 | steps_t: 13167 | t: 357.188489 | r:  -459.000000 | e:   0.868330 | Q:  -1.286193 | won: False 
#  208 | steps: 15422 | steps_t: 13244 | t: 359.250635 | r:  -511.000000 | e:   0.867560 | Q:   3.122406 | won: False 
#  209 | steps: 15573 | steps_t: 13394 | t: 363.369329 | r:  -331.000000 | e:   0.866060 | Q:  22.492863 | won: False 
#  210 | steps: 15591 | steps_t: 13411 | t: 363.853660 | r:  -484.000000 | e:   0.865890 | Q: -14.544595 | won: False 
#  211 | steps: 15611 | steps_t: 13430 | t: 364.357124 | r:  -475.000000 | e:   0.865700 | Q:  14.147592 | won: False 
#  212 | steps: 15675 | steps_t: 13493 | t: 366.057100 | r:  -453.000000 | e:   0.865070 | Q:  10.600588 | won: False 
#  213 | steps: 15743 | steps_t: 13560 | t: 367.900054 | r:  -380.000000 | e:   0.864400 | Q:  17.238630 | won: False 
#  214 | steps: 15775 | steps_t: 13591 | t: 368.742663 | r:  -465.000000 | e:   0.864090 | Q:  -6.039183 | won: False 
#  215 | steps: 15838 | steps_t: 13653 | t: 370.352257 | r:  -507.000000 | e:   0.863470 | Q:  -5.783673 | won: False 
#  216 | steps: 15856 | steps_t: 13670 | t: 370.807582 | r:  -440.000000 | e:   0.863300 | Q:        nan | won: False 
#  217 | steps: 15922 | steps_t: 13735 | t: 372.527334 | r:  -378.000000 | e:   0.862650 | Q:   7.751973 | won: False 
#  218 | steps: 16018 | steps_t: 13830 | t: 375.047464 | r:  -397.000000 | e:   0.861700 | Q: -14.348386 | won: False 
#  219 | steps: 16057 | steps_t: 13868 | t: 376.100992 | r:  -362.000000 | e:   0.861320 | Q:  -1.480826 | won: False 
#  220 | steps: 16122 | steps_t: 13932 | t: 377.830258 | r:  -476.000000 | e:   0.860680 | Q: -45.678749 | won: False 
#  221 | steps: 16150 | steps_t: 13959 | t: 378.536669 | r:  -483.000000 | e:   0.860410 | Q:  12.772449 | won: False 
#  222 | steps: 16242 | steps_t: 14050 | t: 380.991763 | r:  -349.000000 | e:   0.859500 | Q:   6.054632 | won: False 
#  223 | steps: 16265 | steps_t: 14072 | t: 381.621985 | r:  -478.000000 | e:   0.859280 | Q:   1.518901 | won: False 
#  224 | steps: 16355 | steps_t: 14161 | t: 384.071801 | r:  -490.000000 | e:   0.858390 | Q:  21.028715 | won: False 
#  225 | steps: 16432 | steps_t: 14237 | t: 386.195146 | r:  -389.000000 | e:   0.857630 | Q:  11.633986 | won: False 
#  226 | steps: 16538 | steps_t: 14342 | t: 389.107231 | r:  -429.000000 | e:   0.856580 | Q:  11.701035 | won: False 
#  227 | steps: 16562 | steps_t: 14365 | t: 389.769910 | r:  -435.000000 | e:   0.856350 | Q:   6.276002 | won: False 
#  228 | steps: 16628 | steps_t: 14430 | t: 391.558738 | r:  -521.000000 | e:   0.855700 | Q: -11.412031 | won: False 
#  229 | steps: 16704 | steps_t: 14505 | t: 393.581773 | r:  -509.000000 | e:   0.854950 | Q:  14.969557 | won: False 
#  230 | steps: 17051 | steps_t: 14851 | t: 403.120515 | r:  -461.000000 | e:   0.851490 | Q:  13.956823 | won: False 
#  231 | steps: 17117 | steps_t: 14916 | t: 404.916344 | r:  -499.000000 | e:   0.850840 | Q:   0.899293 | won: False 
#  232 | steps: 17136 | steps_t: 14934 | t: 405.428086 | r:  -463.000000 | e:   0.850660 | Q: -218.003952 | won: False 
#  233 | steps: 17221 | steps_t: 15018 | t: 407.659421 | r:  -397.000000 | e:   0.849820 | Q:   7.475146 | won: False 
#  234 | steps: 17314 | steps_t: 15110 | t: 410.205090 | r:  -383.000000 | e:   0.848900 | Q:  12.652600 | won: False 
#  235 | steps: 17346 | steps_t: 15141 | t: 411.065015 | r:  -366.000000 | e:   0.848590 | Q:  18.559925 | won: False 
#  236 | steps: 17389 | steps_t: 15183 | t: 412.482298 | r:  -410.000000 | e:   0.848170 | Q:   5.472548 | won: False 
#  237 | steps: 17486 | steps_t: 15279 | t: 415.444829 | r:  -420.000000 | e:   0.847210 | Q:  21.303160 | won: False 
#  238 | steps: 17545 | steps_t: 15337 | t: 417.043835 | r:  -404.000000 | e:   0.846630 | Q:  24.818251 | won: False 
#  239 | steps: 17819 | steps_t: 15610 | t: 424.736126 | r:  -377.000000 | e:   0.843900 | Q:  23.626539 | won: False 
#  240 | steps: 17844 | steps_t: 15634 | t: 425.460112 | r:  -491.000000 | e:   0.843660 | Q:  22.561901 | won: False 
#  241 | steps: 17915 | steps_t: 15704 | t: 427.505292 | r:  -482.000000 | e:   0.842960 | Q:  18.322922 | won: False 
#  242 | steps: 17931 | steps_t: 15719 | t: 427.934207 | r:  -493.000000 | e:   0.842810 | Q:   1.610367 | won: False 
#  243 | steps: 17954 | steps_t: 15741 | t: 428.570801 | r:  -478.000000 | e:   0.842590 | Q:   4.883470 | won: False 
#  244 | steps: 18023 | steps_t: 15809 | t: 430.577724 | r:  -502.000000 | e:   0.841910 | Q:  25.573231 | won: False 
#  245 | steps: 18080 | steps_t: 15865 | t: 432.239440 | r:  -413.000000 | e:   0.841350 | Q:  26.643211 | won: False 
#  246 | steps: 18127 | steps_t: 15911 | t: 433.604385 | r:  -469.000000 | e:   0.840890 | Q:  -0.487028 | won: False 
#  247 | steps: 18301 | steps_t: 16084 | t: 438.515259 | r:  -420.000000 | e:   0.839160 | Q:  46.195450 | won: False 
#  248 | steps: 18426 | steps_t: 16208 | t: 442.020991 | r:  -459.000000 | e:   0.837920 | Q:  21.565653 | won: False 
#  249 | steps: 18554 | steps_t: 16335 | t: 445.551353 | r:  -517.000000 | e:   0.836650 | Q:  17.382912 | won: False 
#  250 | steps: 18593 | steps_t: 16373 | t: 446.719666 | r:  -472.000000 | e:   0.836270 | Q:  14.654077 | won: False 
#  251 | steps: 18692 | steps_t: 16471 | t: 449.455635 | r:  -422.000000 | e:   0.835290 | Q:  34.287830 | won: False 
#  252 | steps: 18775 | steps_t: 16553 | t: 451.752604 | r:  -450.000000 | e:   0.834470 | Q:  40.947105 | won: False 
#  253 | steps: 18800 | steps_t: 16577 | t: 452.431861 | r:  -458.000000 | e:   0.834230 | Q:  22.193567 | won: False 
#  254 | steps: 18835 | steps_t: 16611 | t: 453.381283 | r:  -446.000000 | e:   0.833890 | Q:  40.580112 | won: False 
#  255 | steps: 18858 | steps_t: 16633 | t: 454.010203 | r:  -478.000000 | e:   0.833670 | Q:  35.412983 | won: False 
#  256 | steps: 19030 | steps_t: 16804 | t: 458.921597 | r:  -297.000000 | e:   0.831960 | Q:  44.591530 | won: False 
#  257 | steps: 19241 | steps_t: 17014 | t: 465.010137 | r:  -479.000000 | e:   0.829860 | Q:  10.043856 | won: False 
#  258 | steps: 19354 | steps_t: 17126 | t: 468.251144 | r:  -436.000000 | e:   0.828740 | Q:  38.040218 | won: False 
#  259 | steps: 19507 | steps_t: 17278 | t: 472.834473 | r:  -249.000000 | e:   0.827220 | Q:  32.127468 | won: False 
#  260 | steps: 19535 | steps_t: 17305 | t: 473.596071 | r:  -417.000000 | e:   0.826950 | Q:   8.728871 | won: False 
#  261 | steps: 19575 | steps_t: 17344 | t: 474.751877 | r:  -451.000000 | e:   0.826560 | Q:  33.645664 | won: False 
#  262 | steps: 19691 | steps_t: 17459 | t: 478.062407 | r:  -483.000000 | e:   0.825410 | Q:  30.484692 | won: False 
#  263 | steps: 19760 | steps_t: 17527 | t: 480.016095 | r:  -370.000000 | e:   0.824730 | Q:  40.150227 | won: False 
#  264 | steps: 19858 | steps_t: 17624 | t: 482.808144 | r:  -487.000000 | e:   0.823760 | Q:  21.314335 | won: False 
#  265 | steps: 19899 | steps_t: 17664 | t: 483.962730 | r:  -485.000000 | e:   0.823360 | Q: -143.706711 | won: False 
#  266 | steps: 19932 | steps_t: 17696 | t: 484.886194 | r:  -499.000000 | e:   0.823040 | Q: -148.549164 | won: False 
#  267 | steps: 20011 | steps_t: 17774 | t: 487.580129 | r:  -424.000000 | e:   0.822260 | Q:  32.725075 | won: False 
#  268 | steps: 20067 | steps_t: 17829 | t: 489.335077 | r:  -368.000000 | e:   0.821710 | Q:  40.546406 | won: False 
#  269 | steps: 20093 | steps_t: 17854 | t: 490.112260 | r:  -459.000000 | e:   0.821460 | Q:  40.551006 | won: False 
#  270 | steps: 20115 | steps_t: 17875 | t: 490.755420 | r:  -433.000000 | e:   0.821250 | Q:  48.724216 | won: False 
#  271 | steps: 20199 | steps_t: 17958 | t: 493.157615 | r:  -374.000000 | e:   0.820420 | Q:  51.635849 | won: False 
#  272 | steps: 20240 | steps_t: 17998 | t: 494.291972 | r:  -507.000000 | e:   0.820020 | Q:  61.220539 | won: False 
#  273 | steps: 20389 | steps_t: 18146 | t: 498.415881 | r:  -318.000000 | e:   0.818540 | Q:  50.313725 | won: False 
#  274 | steps: 20530 | steps_t: 18286 | t: 502.287051 | r:  -380.000000 | e:   0.817140 | Q:  52.221382 | won: False 
#  275 | steps: 20564 | steps_t: 18319 | t: 503.204650 | r:  -511.000000 | e:   0.816810 | Q:  -1.214167 | won: False 
#  276 | steps: 20580 | steps_t: 18334 | t: 503.630288 | r:  -493.000000 | e:   0.816660 | Q: -251.953735 | won: False 
#  277 | steps: 20630 | steps_t: 18383 | t: 505.009598 | r:  -483.000000 | e:   0.816170 | Q:  37.184536 | won: False 
#  278 | steps: 20654 | steps_t: 18406 | t: 505.663564 | r:  -413.000000 | e:   0.815940 | Q:  46.924946 | won: False 
#  279 | steps: 20683 | steps_t: 18434 | t: 506.438527 | r:  -440.000000 | e:   0.815660 | Q:  54.761475 | won: False 
#  280 | steps: 20706 | steps_t: 18456 | t: 507.036073 | r:  -456.000000 | e:   0.815440 | Q:  53.117985 | won: False 
#  281 | steps: 20727 | steps_t: 18476 | t: 507.599448 | r:  -476.000000 | e:   0.815240 | Q:  11.099078 | won: False 
#  282 | steps: 20751 | steps_t: 18499 | t: 508.262388 | r:  -479.000000 | e:   0.815010 | Q:  26.020716 | won: False 
#  283 | steps: 20769 | steps_t: 18516 | t: 508.747471 | r:  -484.000000 | e:   0.814840 | Q:  38.286404 | won: False 
#  284 | steps: 20804 | steps_t: 18550 | t: 509.685890 | r:  -457.000000 | e:   0.814500 | Q:  34.074284 | won: False 
#  285 | steps: 20973 | steps_t: 18718 | t: 514.500148 | r:  -492.000000 | e:   0.812820 | Q:  51.372860 | won: False 
#  286 | steps: 21012 | steps_t: 18756 | t: 515.613637 | r:  -483.000000 | e:   0.812440 | Q:   3.076935 | won: False 
#  287 | steps: 21121 | steps_t: 18864 | t: 518.750825 | r:  -531.000000 | e:   0.811360 | Q:  39.457180 | won: False 
#  288 | steps: 21150 | steps_t: 18892 | t: 519.601962 | r:  -418.000000 | e:   0.811080 | Q:  55.794910 | won: False 
#  289 | steps: 21218 | steps_t: 18959 | t: 521.545623 | r:  -435.000000 | e:   0.810410 | Q:  49.607971 | won: False 
#  290 | steps: 21244 | steps_t: 18984 | t: 522.266150 | r:  -492.000000 | e:   0.810160 | Q:  49.288822 | won: False 
#  291 | steps: 21298 | steps_t: 19037 | t: 523.866216 | r:  -443.000000 | e:   0.809630 | Q:  45.874577 | won: False 
#  292 | steps: 21400 | steps_t: 19138 | t: 526.684314 | r:  -359.000000 | e:   0.808620 | Q:  40.589649 | won: False 
#  293 | steps: 21438 | steps_t: 19175 | t: 527.732998 | r:  -394.000000 | e:   0.808250 | Q:  56.997494 | won: False 
#  294 | steps: 21479 | steps_t: 19215 | t: 528.865108 | r:  -353.000000 | e:   0.807850 | Q:  72.222298 | won: False 
#  295 | steps: 21578 | steps_t: 19313 | t: 531.602555 | r:  -323.000000 | e:   0.806870 | Q:  52.407085 | won: False 
#  296 | steps: 21664 | steps_t: 19398 | t: 534.064444 | r:  -365.000000 | e:   0.806020 | Q:  63.267956 | won: False 
#  297 | steps: 21757 | steps_t: 19490 | t: 536.698713 | r:  -416.000000 | e:   0.805100 | Q:   4.765294 | won: False 
#  298 | steps: 21904 | steps_t: 19636 | t: 540.952984 | r:  -371.000000 | e:   0.803640 | Q:  67.087181 | won: False 
#  299 | steps: 21967 | steps_t: 19698 | t: 542.773736 | r:  -496.000000 | e:   0.803020 | Q:  89.743271 | won: False 
#  300 | steps: 22036 | steps_t: 19766 | t: 544.782224 | r:  -513.000000 | e:   0.802340 | Q:  66.881691 | won: False 
#  301 | steps: 22064 | steps_t: 19793 | t: 545.582125 | r:  -472.000000 | e:   0.802070 | Q:  86.546844 | won: False 
#  302 | steps: 22115 | steps_t: 19843 | t: 547.038565 | r:  -429.000000 | e:   0.801570 | Q:  84.069061 | won: False 
#  303 | steps: 22216 | steps_t: 19943 | t: 550.019987 | r:  -402.000000 | e:   0.800570 | Q:  75.957237 | won: False 
#  304 | steps: 22232 | steps_t: 19958 | t: 550.470095 | r:  -482.000000 | e:   0.800420 | Q:  54.525928 | won: False 
#  305 | steps: 22282 | steps_t: 20007 | t: 551.975101 | r:  -494.000000 | e:   0.799930 | Q:  35.947933 | won: False 
#  306 | steps: 22311 | steps_t: 20035 | t: 552.818524 | r:  -429.000000 | e:   0.799650 | Q:  42.970188 | won: False 
#  307 | steps: 22359 | steps_t: 20082 | t: 554.186755 | r:  -404.000000 | e:   0.799180 | Q:  53.606533 | won: False 
#  308 | steps: 22382 | steps_t: 20104 | t: 554.848409 | r:  -445.000000 | e:   0.798960 | Q:  52.654228 | won: False 
#  309 | steps: 22421 | steps_t: 20142 | t: 555.941069 | r:  -406.000000 | e:   0.798580 | Q:  71.167564 | won: False 
#  310 | steps: 22512 | steps_t: 20232 | t: 558.531170 | r:  -330.000000 | e:   0.797680 | Q:  23.279360 | won: False 
#  311 | steps: 22553 | steps_t: 20272 | t: 559.693669 | r:  -474.000000 | e:   0.797280 | Q:  29.202274 | won: False 
#  312 | steps: 22598 | steps_t: 20316 | t: 561.404120 | r:  -379.000000 | e:   0.796840 | Q:  85.146149 | won: False 
#  313 | steps: 22629 | steps_t: 20346 | t: 562.346737 | r:  -420.000000 | e:   0.796540 | Q:  61.695381 | won: False 
#  314 | steps: 22677 | steps_t: 20393 | t: 563.816918 | r:  -404.000000 | e:   0.796070 | Q:  81.143021 | won: False 
#  315 | steps: 22745 | steps_t: 20460 | t: 565.825273 | r:  -435.000000 | e:   0.795400 | Q:  40.470814 | won: False 
#  316 | steps: 22766 | steps_t: 20480 | t: 566.399095 | r:  -476.000000 | e:   0.795200 | Q:  72.887024 | won: False 
#  317 | steps: 22823 | steps_t: 20536 | t: 568.019266 | r:  -490.000000 | e:   0.794640 | Q:  47.767227 | won: False 
#  318 | steps: 22862 | steps_t: 20574 | t: 569.122096 | r:  -395.000000 | e:   0.794260 | Q:  69.007019 | won: False 
#  319 | steps: 22932 | steps_t: 20643 | t: 571.163349 | r:  -481.000000 | e:   0.793570 | Q:  76.868744 | won: False 
#  320 | steps: 22972 | steps_t: 20682 | t: 572.309638 | r:  -495.000000 | e:   0.793180 | Q:  86.127060 | won: False 
#  321 | steps: 23033 | steps_t: 20742 | t: 574.120754 | r:  -428.000000 | e:   0.792580 | Q:  95.863297 | won: False 
#  322 | steps: 23058 | steps_t: 20766 | t: 574.824844 | r:  -414.000000 | e:   0.792340 | Q:  93.129501 | won: False 
#  323 | steps: 23108 | steps_t: 20815 | t: 576.306039 | r:  -373.000000 | e:   0.791850 | Q:  61.859116 | won: False 
#  324 | steps: 23321 | steps_t: 21027 | t: 582.401009 | r:  -459.000000 | e:   0.789730 | Q:  66.374649 | won: False 
#  325 | steps: 23381 | steps_t: 21086 | t: 584.162981 | r:  -416.000000 | e:   0.789140 | Q:  87.652023 | won: False 
#  326 | steps: 23434 | steps_t: 21138 | t: 585.642930 | r:  -420.000000 | e:   0.788620 | Q:  33.248154 | won: False 
#  327 | steps: 23484 | steps_t: 21187 | t: 587.035771 | r:  -351.000000 | e:   0.788130 | Q:  77.078285 | won: False 
#  328 | steps: 23512 | steps_t: 21214 | t: 587.818839 | r:  -450.000000 | e:   0.787860 | Q:  50.717857 | won: False 
#  329 | steps: 23590 | steps_t: 21291 | t: 590.001972 | r:  -434.000000 | e:   0.787090 | Q:  50.324299 | won: False 
#  330 | steps: 23706 | steps_t: 21406 | t: 593.263163 | r:  -373.000000 | e:   0.785940 | Q:  78.305862 | won: False 
#  331 | steps: 23719 | steps_t: 21418 | t: 593.611667 | r:  -457.000000 | e:   0.785820 | Q:  79.936890 | won: False 
#  332 | steps: 23751 | steps_t: 21449 | t: 594.490962 | r:  -454.000000 | e:   0.785510 | Q:  90.544876 | won: False 
#  333 | steps: 23779 | steps_t: 21476 | t: 595.244537 | r:  -417.000000 | e:   0.785240 | Q:  -5.659163 | won: False 
#  334 | steps: 23901 | steps_t: 21597 | t: 598.567308 | r:  -335.000000 | e:   0.784030 | Q:  66.845215 | won: False 
#  335 | steps: 24010 | steps_t: 21705 | t: 601.585807 | r:  -399.000000 | e:   0.782950 | Q:  44.336178 | won: False 
#  336 | steps: 24074 | steps_t: 21768 | t: 603.391150 | r:  -497.000000 | e:   0.782320 | Q: 110.014191 | won: False 
#  337 | steps: 24115 | steps_t: 21808 | t: 604.534546 | r:  -452.000000 | e:   0.781920 | Q: 126.051750 | won: False 
#  338 | steps: 24193 | steps_t: 21885 | t: 606.738830 | r:  -478.000000 | e:   0.781150 | Q:  75.658226 | won: False 
#  339 | steps: 24255 | steps_t: 21946 | t: 608.438290 | r:  -462.000000 | e:   0.780540 | Q:  61.688404 | won: False 
#  340 | steps: 24331 | steps_t: 22021 | t: 610.585731 | r:  -421.000000 | e:   0.779790 | Q:  39.135632 | won: False 
#  341 | steps: 24404 | steps_t: 22093 | t: 612.655282 | r:  -506.000000 | e:   0.779070 | Q:  50.780926 | won: False 
#  342 | steps: 24467 | steps_t: 22155 | t: 614.444230 | r:  -397.000000 | e:   0.778450 | Q:  61.768410 | won: False 
#  343 | steps: 24621 | steps_t: 22308 | t: 618.881780 | r:  -312.000000 | e:   0.776920 | Q: 101.155594 | won: False 
#  344 | steps: 24697 | steps_t: 22383 | t: 621.023979 | r:  -520.000000 | e:   0.776170 | Q:  81.138351 | won: False 
#  345 | steps: 24729 | steps_t: 22414 | t: 621.905560 | r:  -476.000000 | e:   0.775860 | Q:  59.021038 | won: False 
#  346 | steps: 24753 | steps_t: 22437 | t: 622.590180 | r:  -490.000000 | e:   0.775630 | Q:  76.867035 | won: False 
#  347 | steps: 24819 | steps_t: 22502 | t: 624.484304 | r:  -411.000000 | e:   0.774980 | Q:  54.311100 | won: False 
#  348 | steps: 24900 | steps_t: 22582 | t: 626.836614 | r:  -382.000000 | e:   0.774180 | Q:  23.467768 | won: False 
#  349 | steps: 25012 | steps_t: 22693 | t: 630.023162 | r:  -369.000000 | e:   0.773070 | Q:  76.125526 | won: False 
#  350 | steps: 25047 | steps_t: 22727 | t: 631.038527 | r:  -457.000000 | e:   0.772730 | Q:  69.830780 | won: False 
#  351 | steps: 25136 | steps_t: 22815 | t: 633.663460 | r:  -357.000000 | e:   0.771850 | Q:  78.298531 | won: False 
#  352 | steps: 25161 | steps_t: 22839 | t: 634.374955 | r:  -480.000000 | e:   0.771610 | Q:  87.436165 | won: False 
#  353 | steps: 25194 | steps_t: 22871 | t: 635.318981 | r:  -488.000000 | e:   0.771290 | Q:  81.737816 | won: False 
#  354 | steps: 25264 | steps_t: 22940 | t: 637.269584 | r:  -514.000000 | e:   0.770600 | Q:  56.576038 | won: False 
#  355 | steps: 25298 | steps_t: 22973 | t: 638.214617 | r:  -478.000000 | e:   0.770270 | Q:  35.607460 | won: False 
#  356 | steps: 25328 | steps_t: 23002 | t: 639.123269 | r:  -474.000000 | e:   0.769980 | Q:  54.817654 | won: False 
#  357 | steps: 25360 | steps_t: 23033 | t: 640.034507 | r:  -498.000000 | e:   0.769670 | Q:  89.321129 | won: False 
#  358 | steps: 25398 | steps_t: 23070 | t: 641.068269 | r:  -482.000000 | e:   0.769300 | Q:  64.747002 | won: False 
#  359 | steps: 25445 | steps_t: 23116 | t: 642.462867 | r:  -469.000000 | e:   0.768840 | Q: 101.084137 | won: False 
#  360 | steps: 25499 | steps_t: 23169 | t: 643.997548 | r:  -454.000000 | e:   0.768310 | Q: 100.446976 | won: False 
#  361 | steps: 25525 | steps_t: 23194 | t: 644.710293 | r:  -481.000000 | e:   0.768060 | Q: 105.197441 | won: False 
#  362 | steps: 25577 | steps_t: 23245 | t: 646.233918 | r:  -419.000000 | e:   0.767550 | Q:  92.043243 | won: False 
#  363 | steps: 25614 | steps_t: 23281 | t: 647.252727 | r:  -492.000000 | e:   0.767190 | Q:  42.315292 | won: False 
#  364 | steps: 25658 | steps_t: 23324 | t: 648.470660 | r:  -400.000000 | e:   0.766760 | Q:  16.386900 | won: False 
#  365 | steps: 25704 | steps_t: 23369 | t: 649.749084 | r:  -490.000000 | e:   0.766310 | Q:  59.343006 | won: False 
#  366 | steps: 25793 | steps_t: 23457 | t: 652.335820 | r:  -434.000000 | e:   0.765430 | Q:  86.251884 | won: False 
#  367 | steps: 25825 | steps_t: 23488 | t: 653.213318 | r:  -399.000000 | e:   0.765120 | Q:  40.054855 | won: False 
#  368 | steps: 25904 | steps_t: 23566 | t: 655.450219 | r:  -457.000000 | e:   0.764340 | Q:  34.572399 | won: False 
#  369 | steps: 25954 | steps_t: 23615 | t: 656.856145 | r:  -483.000000 | e:   0.763850 | Q:  40.709927 | won: False 
#  370 | steps: 25987 | steps_t: 23647 | t: 657.798560 | r:  -400.000000 | e:   0.763530 | Q:  44.827713 | won: False 
#  371 | steps: 26021 | steps_t: 23680 | t: 658.764846 | r:  -445.000000 | e:   0.763200 | Q:  63.314114 | won: False 
#  372 | steps: 26172 | steps_t: 23830 | t: 663.040490 | r:  -342.000000 | e:   0.761700 | Q: 105.384720 | won: False 
#  373 | steps: 26225 | steps_t: 23882 | t: 664.553144 | r:  -497.000000 | e:   0.761180 | Q:  52.845779 | won: False 
#  374 | steps: 26276 | steps_t: 23932 | t: 665.997799 | r:  -440.000000 | e:   0.760680 | Q:  71.086441 | won: False 
#  375 | steps: 26306 | steps_t: 23961 | t: 666.844223 | r:  -408.000000 | e:   0.760390 | Q:  73.196320 | won: False 
#  376 | steps: 26361 | steps_t: 24015 | t: 668.349315 | r:  -477.000000 | e:   0.759850 | Q:  57.570656 | won: False 
#  377 | steps: 26449 | steps_t: 24102 | t: 670.771829 | r:  -389.000000 | e:   0.758980 | Q:  69.493492 | won: False 
#  378 | steps: 26536 | steps_t: 24188 | t: 673.209137 | r:  -432.000000 | e:   0.758120 | Q:  82.092140 | won: False 
#  379 | steps: 26620 | steps_t: 24271 | t: 675.539204 | r:  -429.000000 | e:   0.757290 | Q:  93.809067 | won: False 
#  380 | steps: 26673 | steps_t: 24323 | t: 677.088281 | r:  -442.000000 | e:   0.756770 | Q:  87.810921 | won: False 
#  381 | steps: 26758 | steps_t: 24407 | t: 679.800519 | r:  -397.000000 | e:   0.755930 | Q:  79.907944 | won: False 
#  382 | steps: 26776 | steps_t: 24424 | t: 680.335845 | r:  -462.000000 | e:   0.755760 | Q:  45.591705 | won: False 
#  383 | steps: 26821 | steps_t: 24468 | t: 681.666337 | r:  -390.000000 | e:   0.755320 | Q:  32.483444 | won: False 
#  384 | steps: 26868 | steps_t: 24514 | t: 683.042087 | r:  -425.000000 | e:   0.754860 | Q:  57.864838 | won: False 
#  385 | steps: 26897 | steps_t: 24542 | t: 683.896398 | r:  -418.000000 | e:   0.754580 | Q:  50.211292 | won: False 
#  386 | steps: 26936 | steps_t: 24580 | t: 685.040194 | r:  -439.000000 | e:   0.754200 | Q:  51.190636 | won: False 
#  387 | steps: 26961 | steps_t: 24604 | t: 685.843132 | r:  -480.000000 | e:   0.753960 | Q:  43.892029 | won: False 
#  388 | steps: 27101 | steps_t: 24743 | t: 690.154612 | r:  -551.000000 | e:   0.752570 | Q:  45.915920 | won: False 
#  389 | steps: 27178 | steps_t: 24819 | t: 692.494095 | r:  -499.000000 | e:   0.751810 | Q:  67.786293 | won: False 
#  390 | steps: 27260 | steps_t: 24900 | t: 695.037889 | r:  -405.000000 | e:   0.751000 | Q:  55.424538 | won: False 
#  391 | steps: 27332 | steps_t: 24971 | t: 697.220733 | r:  -450.000000 | e:   0.750290 | Q:  39.305092 | won: False 
#  392 | steps: 27344 | steps_t: 24982 | t: 697.570648 | r:  -456.000000 | e:   0.750180 | Q:  52.673096 | won: False 
#  393 | steps: 27367 | steps_t: 25004 | t: 698.289017 | r:  -467.000000 | e:   0.749960 | Q:  62.690212 | won: False 
#  394 | steps: 27429 | steps_t: 25065 | t: 700.257764 | r:  -495.000000 | e:   0.749350 | Q:  61.932365 | won: False 
#  395 | steps: 27468 | steps_t: 25103 | t: 701.454836 | r:  -417.000000 | e:   0.748970 | Q:  61.644867 | won: False 
#  396 | steps: 27495 | steps_t: 25129 | t: 702.337686 | r:  -482.000000 | e:   0.748710 | Q:  51.369942 | won: False 
#  397 | steps: 27568 | steps_t: 25201 | t: 704.933804 | r:  -539.000000 | e:   0.747990 | Q:  41.903477 | won: False 
#  398 | steps: 27654 | steps_t: 25286 | t: 708.012221 | r:  -420.000000 | e:   0.747140 | Q:  57.822865 | won: False 
#  399 | steps: 27681 | steps_t: 25312 | t: 708.975520 | r:  -405.000000 | e:   0.746880 | Q:  42.152267 | won: False 
#  400 | steps: 27772 | steps_t: 25402 | t: 712.341167 | r:  -513.000000 | e:   0.745980 | Q:  36.960266 | won: False 
#  401 | steps: 27801 | steps_t: 25430 | t: 713.377292 | r:  -473.000000 | e:   0.745700 | Q:  46.824383 | won: False 
#  402 | steps: 27850 | steps_t: 25478 | t: 715.114087 | r:  -460.000000 | e:   0.745220 | Q:  49.921867 | won: False 
#  403 | steps: 27941 | steps_t: 25568 | t: 718.436190 | r:  -370.000000 | e:   0.744320 | Q:  64.339043 | won: False 
#  404 | steps: 27977 | steps_t: 25603 | t: 719.716326 | r:  -403.000000 | e:   0.743970 | Q:  57.858047 | won: False 
#  405 | steps: 28079 | steps_t: 25704 | t: 723.354783 | r:  -425.000000 | e:   0.742960 | Q:  56.875011 | won: False 
#  406 | steps: 28123 | steps_t: 25747 | t: 724.877054 | r:  -477.000000 | e:   0.742530 | Q:  30.979889 | won: False 
#  407 | steps: 28154 | steps_t: 25777 | t: 725.970988 | r:  -453.000000 | e:   0.742230 | Q:  68.534142 | won: False 
#  408 | steps: 28171 | steps_t: 25793 | t: 726.532784 | r:  -461.000000 | e:   0.742070 | Q:  65.318283 | won: False 
#  409 | steps: 28226 | steps_t: 25847 | t: 728.390874 | r:  -466.000000 | e:   0.741530 | Q:  46.270069 | won: False 
#  410 | steps: 28264 | steps_t: 25884 | t: 729.617146 | r:  -405.000000 | e:   0.741160 | Q:  57.317947 | won: False 
#  411 | steps: 28322 | steps_t: 25941 | t: 731.539695 | r:  -469.000000 | e:   0.740590 | Q:  59.245621 | won: False 
#  412 | steps: 28351 | steps_t: 25969 | t: 732.485816 | r:  -473.000000 | e:   0.740310 | Q:  84.294800 | won: False 
#  413 | steps: 28391 | steps_t: 26008 | t: 733.811942 | r:  -396.000000 | e:   0.739920 | Q:  37.618149 | won: False 
#  414 | steps: 28448 | steps_t: 26064 | t: 735.698192 | r:  -479.000000 | e:   0.739360 | Q:  66.193748 | won: False 
#  415 | steps: 28468 | steps_t: 26083 | t: 736.375488 | r:  -431.000000 | e:   0.739170 | Q:  72.314156 | won: False 
#  416 | steps: 28499 | steps_t: 26113 | t: 737.348071 | r:  -497.000000 | e:   0.738870 | Q:  64.087074 | won: False 
#  417 | steps: 28544 | steps_t: 26157 | t: 738.742275 | r:  -357.000000 | e:   0.738430 | Q:  80.444656 | won: False 
#  418 | steps: 28590 | steps_t: 26202 | t: 740.161780 | r:  -435.000000 | e:   0.737980 | Q:  72.005264 | won: False 
#  419 | steps: 28657 | steps_t: 26268 | t: 742.249423 | r:  -456.000000 | e:   0.737320 | Q:  71.914742 | won: False 
#  420 | steps: 28768 | steps_t: 26378 | t: 745.813778 | r:  -401.000000 | e:   0.736220 | Q:  60.199886 | won: False 
#  421 | steps: 28816 | steps_t: 26425 | t: 747.393352 | r:  -426.000000 | e:   0.735750 | Q:  37.944378 | won: False 
#  422 | steps: 28855 | steps_t: 26463 | t: 748.590916 | r:  -428.000000 | e:   0.735370 | Q:  51.565365 | won: False 
#  423 | steps: 28870 | steps_t: 26477 | t: 749.049564 | r:  -426.000000 | e:   0.735230 | Q:  54.568909 | won: False 
#  424 | steps: 28910 | steps_t: 26516 | t: 750.320876 | r:  -462.000000 | e:   0.734840 | Q:  54.873188 | won: False 
#  425 | steps: 28936 | steps_t: 26541 | t: 751.106182 | r:  -492.000000 | e:   0.734590 | Q:  77.351639 | won: False 
#  426 | steps: 29199 | steps_t: 26803 | t: 759.351858 | r:  -443.000000 | e:   0.731970 | Q:  74.159607 | won: False 
#  427 | steps: 29316 | steps_t: 26919 | t: 763.051550 | r:  -429.000000 | e:   0.730810 | Q:  60.409431 | won: False 
#  428 | steps: 29369 | steps_t: 26971 | t: 764.709674 | r:  -486.000000 | e:   0.730290 | Q:  86.547180 | won: False 
#  429 | steps: 29435 | steps_t: 27036 | t: 766.749361 | r:  -411.000000 | e:   0.729640 | Q:  76.069252 | won: False 
#  430 | steps: 29601 | steps_t: 27201 | t: 772.115010 | r:  -511.000000 | e:   0.727990 | Q:  70.634834 | won: False 
#  431 | steps: 29737 | steps_t: 27336 | t: 776.710569 | r:  -470.000000 | e:   0.726640 | Q:  60.174355 | won: False 
#  432 | steps: 29776 | steps_t: 27374 | t: 778.043234 | r:  -406.000000 | e:   0.726260 | Q:  56.411842 | won: False 
#  433 | steps: 29911 | steps_t: 27508 | t: 782.546240 | r:  -359.000000 | e:   0.724920 | Q:  46.784973 | won: False 
#  434 | steps: 29989 | steps_t: 27585 | t: 785.055884 | r:  -489.000000 | e:   0.724150 | Q:  75.959152 | won: False 
#  435 | steps: 30064 | steps_t: 27659 | t: 787.467153 | r:  -453.000000 | e:   0.723410 | Q:  77.810143 | won: False 
#  436 | steps: 30092 | steps_t: 27686 | t: 788.308172 | r:  -439.000000 | e:   0.723140 | Q:  96.415543 | won: False 
#  437 | steps: 30124 | steps_t: 27717 | t: 789.263671 | r:  -476.000000 | e:   0.722830 | Q:  73.946877 | won: False 
#  438 | steps: 30164 | steps_t: 27756 | t: 790.466009 | r:  -473.000000 | e:   0.722440 | Q:  64.273643 | won: False 
#  439 | steps: 30260 | steps_t: 27851 | t: 793.713328 | r:  -430.000000 | e:   0.721490 | Q:  79.864731 | won: False 
#  440 | steps: 30339 | steps_t: 27929 | t: 796.004169 | r:  -303.000000 | e:   0.720710 | Q:  90.611130 | won: False 
#  441 | steps: 30357 | steps_t: 27946 | t: 796.512450 | r:  -451.000000 | e:   0.720540 | Q:  96.545181 | won: False 
#  442 | steps: 30424 | steps_t: 28012 | t: 798.431500 | r:  -401.000000 | e:   0.719880 | Q: 105.707649 | won: False 
#  443 | steps: 30583 | steps_t: 28170 | t: 803.025694 | r:  -431.000000 | e:   0.718300 | Q:  59.311050 | won: False 
#  444 | steps: 30786 | steps_t: 28372 | t: 808.677145 | r:  -427.000000 | e:   0.716280 | Q:  95.164200 | won: False 
#  445 | steps: 30966 | steps_t: 28551 | t: 813.549957 | r:  -371.000000 | e:   0.714490 | Q:  81.945778 | won: False 
#  446 | steps: 31249 | steps_t: 28833 | t: 821.135784 | r:  -412.000000 | e:   0.711670 | Q:  76.403656 | won: False 
#  447 | steps: 31445 | steps_t: 29028 | t: 826.410152 | r:  -420.000000 | e:   0.709720 | Q:  75.900612 | won: False 
#  448 | steps: 31476 | steps_t: 29058 | t: 827.263161 | r:  -464.000000 | e:   0.709420 | Q:  69.835846 | won: False 
#  449 | steps: 31512 | steps_t: 29093 | t: 828.205568 | r:  -447.000000 | e:   0.709070 | Q:  76.550194 | won: False 
#  450 | steps: 31620 | steps_t: 29200 | t: 831.088034 | r:  -398.000000 | e:   0.708000 | Q:  60.422729 | won: False 
#  451 | steps: 31653 | steps_t: 29232 | t: 831.959678 | r:  -444.000000 | e:   0.707680 | Q:  49.725460 | won: False 
#  452 | steps: 31851 | steps_t: 29429 | t: 837.100372 | r:  -378.000000 | e:   0.705710 | Q: 102.623291 | won: False 
#  453 | steps: 31984 | steps_t: 29561 | t: 840.533044 | r:  -401.000000 | e:   0.704390 | Q:  81.173309 | won: False 
#  454 | steps: 32025 | steps_t: 29601 | t: 841.578363 | r:  -397.000000 | e:   0.703990 | Q:  88.636856 | won: False 
#  455 | steps: 32124 | steps_t: 29699 | t: 844.186076 | r:  -367.000000 | e:   0.703010 | Q:  63.428978 | won: False 
#  456 | steps: 32141 | steps_t: 29715 | t: 844.611784 | r:  -439.000000 | e:   0.702850 | Q:  29.017286 | won: False 
#  457 | steps: 32177 | steps_t: 29750 | t: 845.517124 | r:  -403.000000 | e:   0.702500 | Q:  70.714668 | won: False 
#  458 | steps: 32230 | steps_t: 29802 | t: 846.946518 | r:  -409.000000 | e:   0.701980 | Q:  86.766205 | won: False 
#  459 | steps: 32261 | steps_t: 29832 | t: 847.723736 | r:  -453.000000 | e:   0.701680 | Q:  68.414650 | won: False 
#  460 | steps: 32323 | steps_t: 29893 | t: 849.293849 | r:  -418.000000 | e:   0.701070 | Q:  75.494110 | won: False 
#  461 | steps: 32401 | steps_t: 29970 | t: 851.318991 | r:  -434.000000 | e:   0.700300 | Q:  74.007874 | won: False 
#  462 | steps: 32464 | steps_t: 30032 | t: 852.976255 | r:  -441.000000 | e:   0.699680 | Q:  64.603294 | won: False 
#  463 | steps: 32528 | steps_t: 30095 | t: 854.617686 | r:  -376.000000 | e:   0.699050 | Q:  64.338150 | won: False 
#  464 | steps: 32588 | steps_t: 30154 | t: 856.138561 | r:  -416.000000 | e:   0.698460 | Q:  37.676704 | won: False 
#  465 | steps: 32620 | steps_t: 30185 | t: 856.930720 | r:  -465.000000 | e:   0.698150 | Q:  71.542656 | won: False 
#  466 | steps: 32704 | steps_t: 30268 | t: 859.168524 | r:  -341.000000 | e:   0.697320 | Q:  52.708714 | won: False 
#  467 | steps: 32720 | steps_t: 30283 | t: 859.574392 | r:  -482.000000 | e:   0.697170 | Q:  61.371212 | won: False 
#  468 | steps: 32815 | steps_t: 30377 | t: 862.119452 | r:  -418.000000 | e:   0.696230 | Q:  82.897606 | won: False 
#  469 | steps: 32872 | steps_t: 30433 | t: 863.688502 | r:  -490.000000 | e:   0.695670 | Q:  75.388611 | won: False 
#  470 | steps: 32974 | steps_t: 30534 | t: 866.341767 | r:  -469.000000 | e:   0.694660 | Q:  72.842896 | won: False 
#  471 | steps: 33044 | steps_t: 30603 | t: 868.207654 | r:  -415.000000 | e:   0.693970 | Q:  95.501450 | won: False 
#  472 | steps: 33149 | steps_t: 30707 | t: 870.968376 | r:  -450.000000 | e:   0.692930 | Q:  67.694511 | won: False 
#  473 | steps: 33318 | steps_t: 30875 | t: 875.610176 | r:  -470.000000 | e:   0.691250 | Q:  79.526665 | won: False 
#  474 | steps: 33376 | steps_t: 30932 | t: 877.163900 | r:  -480.000000 | e:   0.690680 | Q:  47.837128 | won: False 
#  475 | steps: 33444 | steps_t: 30999 | t: 879.035319 | r:  -446.000000 | e:   0.690010 | Q:  69.873589 | won: False 
#  476 | steps: 33470 | steps_t: 31024 | t: 879.751512 | r:  -448.000000 | e:   0.689760 | Q:  63.362335 | won: False 
#  477 | steps: 33558 | steps_t: 31111 | t: 882.168364 | r:  -327.000000 | e:   0.688890 | Q:  94.194534 | won: False 
#  478 | steps: 33595 | steps_t: 31147 | t: 883.218415 | r:  -503.000000 | e:   0.688530 | Q:  35.310314 | won: False 
#  479 | steps: 33623 | steps_t: 31174 | t: 883.976673 | r:  -384.000000 | e:   0.688260 | Q: 113.213280 | won: False 
#  480 | steps: 33746 | steps_t: 31296 | t: 887.414233 | r:  -490.000000 | e:   0.687040 | Q: 115.408005 | won: False 
#  481 | steps: 33778 | steps_t: 31327 | t: 888.282800 | r:  -454.000000 | e:   0.686730 | Q:  90.081482 | won: False 
#  482 | steps: 33919 | steps_t: 31467 | t: 892.333011 | r:  -453.000000 | e:   0.685330 | Q:  69.353561 | won: False 
#  483 | steps: 33951 | steps_t: 31498 | t: 893.188606 | r:  -432.000000 | e:   0.685020 | Q:  83.425774 | won: False 
#  484 | steps: 34111 | steps_t: 31657 | t: 897.747841 | r:  -428.000000 | e:   0.683430 | Q:  60.381725 | won: False 
#  485 | steps: 34260 | steps_t: 31805 | t: 902.165917 | r:  -384.000000 | e:   0.681950 | Q:  87.344780 | won: False 
#  486 | steps: 34325 | steps_t: 31869 | t: 904.149521 | r:  -344.000000 | e:   0.681310 | Q:  72.701904 | won: False 
#  487 | steps: 34337 | steps_t: 31880 | t: 904.490351 | r:  -434.000000 | e:   0.681200 | Q:  78.237000 | won: False 
#  488 | steps: 34379 | steps_t: 31921 | t: 905.745639 | r:  -442.000000 | e:   0.680790 | Q:  86.451859 | won: False 
#  489 | steps: 34535 | steps_t: 32076 | t: 910.693908 | r:  -395.000000 | e:   0.679240 | Q:  96.999718 | won: False 
#  490 | steps: 34622 | steps_t: 32162 | t: 913.482163 | r:  -344.000000 | e:   0.678380 | Q:  73.192825 | won: False 
#  491 | steps: 34724 | steps_t: 32263 | t: 916.701269 | r:  -392.000000 | e:   0.677370 | Q:  88.896133 | won: False 
#  492 | steps: 34811 | steps_t: 32349 | t: 919.545050 | r:  -410.000000 | e:   0.676510 | Q:  65.798462 | won: False 
#  493 | steps: 34889 | steps_t: 32426 | t: 922.175597 | r:  -423.000000 | e:   0.675740 | Q:  65.606964 | won: False 
#  494 | steps: 35041 | steps_t: 32577 | t: 927.788157 | r:  -277.000000 | e:   0.674230 | Q:  71.061348 | won: False 
#  495 | steps: 35171 | steps_t: 32706 | t: 932.766408 | r:  -255.000000 | e:   0.672940 | Q:  85.698624 | won: False 
#  496 | steps: 35267 | steps_t: 32801 | t: 936.968297 | r:  -342.000000 | e:   0.671990 | Q:  93.558556 | won: False 
#  497 | steps: 35331 | steps_t: 32864 | t: 939.555984 | r:  -365.000000 | e:   0.671360 | Q:  64.037170 | won: False 
#  498 | steps: 35375 | steps_t: 32907 | t: 941.224533 | r:  -444.000000 | e:   0.670930 | Q:  49.404716 | won: False 
#  499 | steps: 35417 | steps_t: 32948 | t: 942.811393 | r:  -431.000000 | e:   0.670520 | Q: 110.320564 | won: False 
#  500 | steps: 35493 | steps_t: 33023 | t: 945.664054 | r:  -399.000000 | e:   0.669770 | Q:  94.650246 | won: False 
#  501 | steps: 35564 | steps_t: 33093 | t: 948.243050 | r:  -405.000000 | e:   0.669070 | Q:  81.405670 | won: False 
#  502 | steps: 35582 | steps_t: 33110 | t: 948.867116 | r:  -473.000000 | e:   0.668900 | Q: 105.015701 | won: False 
#  503 | steps: 35634 | steps_t: 33161 | t: 950.686900 | r:  -441.000000 | e:   0.668390 | Q: 103.292442 | won: False 
#  504 | steps: 35663 | steps_t: 33189 | t: 951.653979 | r:  -429.000000 | e:   0.668110 | Q:  93.567520 | won: False 
#  505 | steps: 35759 | steps_t: 33284 | t: 954.866900 | r:  -441.000000 | e:   0.667160 | Q:  95.855484 | won: False 
#  506 | steps: 35828 | steps_t: 33352 | t: 957.209088 | r:  -359.000000 | e:   0.666480 | Q:  76.551163 | won: False 
#  507 | steps: 35878 | steps_t: 33401 | t: 959.108619 | r:  -362.000000 | e:   0.665990 | Q:  87.749245 | won: False 
#  508 | steps: 35918 | steps_t: 33440 | t: 960.331654 | r:  -484.000000 | e:   0.665600 | Q:  98.874046 | won: False 
#  509 | steps: 35948 | steps_t: 33469 | t: 961.236191 | r:  -419.000000 | e:   0.665310 | Q:  66.821480 | won: False 
#  510 | steps: 36013 | steps_t: 33533 | t: 963.218371 | r:  -454.000000 | e:   0.664670 | Q:  68.041672 | won: False 
#  511 | steps: 36051 | steps_t: 33570 | t: 964.328739 | r:  -416.000000 | e:   0.664300 | Q:  82.953850 | won: False 
#  512 | steps: 36077 | steps_t: 33595 | t: 965.114612 | r:  -404.000000 | e:   0.664050 | Q:  86.525726 | won: False 
#  513 | steps: 36112 | steps_t: 33629 | t: 966.127818 | r:  -479.000000 | e:   0.663710 | Q:  42.606544 | won: False 
#  514 | steps: 36156 | steps_t: 33672 | t: 967.389761 | r:  -389.000000 | e:   0.663280 | Q:  56.624199 | won: False 
#  515 | steps: 36180 | steps_t: 33695 | t: 968.102021 | r:  -468.000000 | e:   0.663050 | Q:  44.368622 | won: False 
#  516 | steps: 36225 | steps_t: 33739 | t: 969.374834 | r:  -456.000000 | e:   0.662610 | Q:  73.706100 | won: False 
#  517 | steps: 36296 | steps_t: 33809 | t: 971.415811 | r:  -449.000000 | e:   0.661910 | Q:  58.453781 | won: False 
#  518 | steps: 36354 | steps_t: 33866 | t: 973.073472 | r:  -392.000000 | e:   0.661340 | Q:  66.291168 | won: False 
#  519 | steps: 36430 | steps_t: 33941 | t: 975.159644 | r:  -410.000000 | e:   0.660590 | Q:  59.434769 | won: False 
#  520 | steps: 36477 | steps_t: 33987 | t: 976.452241 | r:  -469.000000 | e:   0.660130 | Q: 108.128662 | won: False 
#  521 | steps: 36529 | steps_t: 34038 | t: 977.933216 | r:  -485.000000 | e:   0.659620 | Q:  63.225647 | won: False 
#  522 | steps: 36554 | steps_t: 34062 | t: 978.598221 | r:  -469.000000 | e:   0.659380 | Q:  76.691818 | won: False 
#  523 | steps: 36578 | steps_t: 34085 | t: 979.235456 | r:  -435.000000 | e:   0.659150 | Q:  64.196815 | won: False 
#  524 | steps: 36607 | steps_t: 34113 | t: 980.020661 | r:  -451.000000 | e:   0.658870 | Q:  93.814064 | won: False 
#  525 | steps: 36680 | steps_t: 34185 | t: 981.981773 | r:  -429.000000 | e:   0.658150 | Q:  89.219223 | won: False 
#  526 | steps: 36701 | steps_t: 34205 | t: 982.508608 | r:  -476.000000 | e:   0.657950 | Q:  70.958122 | won: False 
#  527 | steps: 36863 | steps_t: 34366 | t: 987.029183 | r:  -507.000000 | e:   0.656340 | Q: 127.223763 | won: False 
#  528 | steps: 36910 | steps_t: 34412 | t: 988.289885 | r:  -425.000000 | e:   0.655880 | Q: 118.095963 | won: False 
#  529 | steps: 36950 | steps_t: 34451 | t: 989.376439 | r:  -484.000000 | e:   0.655490 | Q:  91.647072 | won: False 
#  530 | steps: 36996 | steps_t: 34496 | t: 990.589533 | r:  -435.000000 | e:   0.655040 | Q:  89.898277 | won: False 
#  531 | steps: 37035 | steps_t: 34534 | t: 991.600062 | r:  -417.000000 | e:   0.654660 | Q:  90.869568 | won: False 
#  532 | steps: 37055 | steps_t: 34553 | t: 992.120737 | r:  -420.000000 | e:   0.654470 | Q:  66.458420 | won: False 
#  533 | steps: 37106 | steps_t: 34603 | t: 993.518320 | r:  -385.000000 | e:   0.653970 | Q:  75.895805 | won: False 
#  534 | steps: 37142 | steps_t: 34638 | t: 994.483553 | r:  -469.000000 | e:   0.653620 | Q:  68.532455 | won: False 
#  535 | steps: 37329 | steps_t: 34824 | t: 999.589055 | r:  -378.000000 | e:   0.651760 | Q: 100.908607 | won: False 
#  536 | steps: 37387 | steps_t: 34881 | t: 1001.186960 | r:  -414.000000 | e:   0.651190 | Q:  72.366142 | won: False 
#  537 | steps: 37546 | steps_t: 35039 | t: 1005.720064 | r:  -449.000000 | e:   0.649610 | Q: 119.605156 | won: False 
#  538 | steps: 37720 | steps_t: 35212 | t: 1011.197134 | r:  -398.000000 | e:   0.647880 | Q:  87.134689 | won: False 
#  539 | steps: 37806 | steps_t: 35297 | t: 1013.756828 | r:  -442.000000 | e:   0.647030 | Q:  59.653412 | won: False 
#  540 | steps: 37947 | steps_t: 35437 | t: 1017.890197 | r:  -354.000000 | e:   0.645630 | Q:  84.968613 | won: False 
#  541 | steps: 38017 | steps_t: 35506 | t: 1019.960159 | r:  -514.000000 | e:   0.644940 | Q:  77.482124 | won: False 
#  542 | steps: 38089 | steps_t: 35577 | t: 1022.043256 | r:  -461.000000 | e:   0.644230 | Q:  55.527649 | won: False 
#  543 | steps: 38158 | steps_t: 35645 | t: 1024.110989 | r:  -458.000000 | e:   0.643550 | Q:  74.647423 | won: False 
#  544 | steps: 38315 | steps_t: 35801 | t: 1028.708216 | r:  -403.000000 | e:   0.641990 | Q: 119.564743 | won: False 
#  545 | steps: 38374 | steps_t: 35859 | t: 1030.326216 | r:  -404.000000 | e:   0.641410 | Q:  78.165428 | won: False 
#  546 | steps: 38539 | steps_t: 36023 | t: 1034.782975 | r:  -349.000000 | e:   0.639770 | Q:  86.591896 | won: False 
#  547 | steps: 38558 | steps_t: 36041 | t: 1035.269896 | r:  -474.000000 | e:   0.639590 | Q:  90.644218 | won: False 
#  548 | steps: 38626 | steps_t: 36108 | t: 1037.133489 | r:  -413.000000 | e:   0.638920 | Q:  93.143936 | won: False 
#  549 | steps: 38647 | steps_t: 36128 | t: 1037.699861 | r:  -454.000000 | e:   0.638720 | Q:  82.521729 | won: False 
#  550 | steps: 38722 | steps_t: 36202 | t: 1039.747113 | r:  -387.000000 | e:   0.637980 | Q:  83.445374 | won: False 
#  551 | steps: 38749 | steps_t: 36228 | t: 1040.476243 | r:  -482.000000 | e:   0.637720 | Q:  74.673851 | won: False 
#  552 | steps: 38790 | steps_t: 36268 | t: 1041.602146 | r:  -353.000000 | e:   0.637320 | Q:  89.084503 | won: False 
#  553 | steps: 38850 | steps_t: 36327 | t: 1043.266209 | r:  -317.000000 | e:   0.636730 | Q:  88.567863 | won: False 
#  554 | steps: 38892 | steps_t: 36368 | t: 1044.454447 | r:  -387.000000 | e:   0.636320 | Q:  85.335655 | won: False 
#  555 | steps: 38917 | steps_t: 36392 | t: 1045.133413 | r:  -436.000000 | e:   0.636080 | Q: 127.364418 | won: False 
#  556 | steps: 39019 | steps_t: 36493 | t: 1047.927432 | r:  -414.000000 | e:   0.635070 | Q: 104.631027 | won: False 
#  557 | steps: 39139 | steps_t: 36612 | t: 1051.275899 | r:  -300.000000 | e:   0.633880 | Q:  91.323135 | won: False 
#  558 | steps: 39234 | steps_t: 36706 | t: 1053.971535 | r:  -264.000000 | e:   0.632940 | Q:  76.522614 | won: False 
#  559 | steps: 39345 | steps_t: 36816 | t: 1057.120073 | r:  -445.000000 | e:   0.631840 | Q: 111.682472 | won: False 
#  560 | steps: 39407 | steps_t: 36877 | t: 1058.918206 | r:  -462.000000 | e:   0.631230 | Q:  93.751968 | won: False 
#  561 | steps: 39430 | steps_t: 36899 | t: 1059.585092 | r:  -478.000000 | e:   0.631010 | Q: 104.150330 | won: False 
#  562 | steps: 39494 | steps_t: 36962 | t: 1061.447237 | r:  -464.000000 | e:   0.630380 | Q:  73.772682 | won: False 
#  563 | steps: 39516 | steps_t: 36983 | t: 1062.052479 | r:  -422.000000 | e:   0.630170 | Q: 102.501274 | won: False 
#  564 | steps: 39559 | steps_t: 37025 | t: 1063.282977 | r:  -454.000000 | e:   0.629750 | Q:  82.472191 | won: False 
#  565 | steps: 39750 | steps_t: 37215 | t: 1069.166148 | r:  -353.000000 | e:   0.627850 | Q:  80.089989 | won: False 
#  566 | steps: 39815 | steps_t: 37279 | t: 1071.126154 | r:  -304.000000 | e:   0.627210 | Q:  78.965500 | won: False 
#  567 | steps: 39858 | steps_t: 37321 | t: 1072.436568 | r:  -377.000000 | e:   0.626790 | Q:  82.665497 | won: False 
#  568 | steps: 39963 | steps_t: 37425 | t: 1075.601759 | r:  -384.000000 | e:   0.625750 | Q:  91.791931 | won: False 
#  569 | steps: 40005 | steps_t: 37466 | t: 1076.867538 | r:  -365.000000 | e:   0.625340 | Q:  76.047256 | won: False 
#  570 | steps: 40051 | steps_t: 37511 | t: 1078.215021 | r:  -435.000000 | e:   0.624890 | Q:  94.908905 | won: False 
#  571 | steps: 40074 | steps_t: 37533 | t: 1078.849631 | r:  -456.000000 | e:   0.624670 | Q: 109.918419 | won: False 
#  572 | steps: 40146 | steps_t: 37604 | t: 1080.911551 | r:  -461.000000 | e:   0.623960 | Q:  80.853752 | won: False 
#  573 | steps: 40249 | steps_t: 37706 | t: 1083.886921 | r:  -470.000000 | e:   0.622940 | Q:  83.237144 | won: False 
#  574 | steps: 40275 | steps_t: 37731 | t: 1084.599051 | r:  -371.000000 | e:   0.622690 | Q: 111.378006 | won: False 
#  575 | steps: 40329 | steps_t: 37784 | t: 1086.124228 | r:  -377.000000 | e:   0.622160 | Q: 110.369034 | won: False 
#  576 | steps: 40490 | steps_t: 37944 | t: 1090.563508 | r:  -374.000000 | e:   0.620560 | Q: 102.778969 | won: False 
#  577 | steps: 40516 | steps_t: 37969 | t: 1091.490054 | r:  -459.000000 | e:   0.620310 | Q:  65.791977 | won: False 
#  578 | steps: 40544 | steps_t: 37996 | t: 1092.338821 | r:  -417.000000 | e:   0.620040 | Q:  76.588753 | won: False 
#  579 | steps: 40564 | steps_t: 38015 | t: 1092.889451 | r:  -464.000000 | e:   0.619850 | Q:  87.233315 | won: False 
#  580 | steps: 40582 | steps_t: 38032 | t: 1093.373667 | r:  -462.000000 | e:   0.619680 | Q:  83.395317 | won: False 
#  581 | steps: 40609 | steps_t: 38058 | t: 1094.072783 | r:  -449.000000 | e:   0.619420 | Q:  84.216972 | won: False 
#  582 | steps: 40641 | steps_t: 38089 | t: 1094.915885 | r:  -476.000000 | e:   0.619110 | Q:  72.777908 | won: False 
#  583 | steps: 40689 | steps_t: 38136 | t: 1096.188621 | r:  -459.000000 | e:   0.618640 | Q: 116.232643 | won: False 
#  584 | steps: 40732 | steps_t: 38178 | t: 1097.317410 | r:  -443.000000 | e:   0.618220 | Q: 106.190147 | won: False 
#  585 | steps: 40755 | steps_t: 38200 | t: 1097.922249 | r:  -456.000000 | e:   0.618000 | Q: 104.894394 | won: False 
#  586 | steps: 40867 | steps_t: 38311 | t: 1100.972947 | r:  -435.000000 | e:   0.616890 | Q:  96.550247 | won: False 
#  587 | steps: 40926 | steps_t: 38369 | t: 1102.545023 | r:  -349.000000 | e:   0.616310 | Q: 129.600204 | won: False 
#  588 | steps: 41041 | steps_t: 38483 | t: 1105.605984 | r:  -427.000000 | e:   0.615170 | Q: 102.595039 | won: False 
#  589 | steps: 41102 | steps_t: 38543 | t: 1107.252070 | r:  -417.000000 | e:   0.614570 | Q: 107.241257 | won: False 
#  590 | steps: 41204 | steps_t: 38644 | t: 1110.004536 | r:  -359.000000 | e:   0.613560 | Q: 149.627930 | won: False 
#  591 | steps: 41462 | steps_t: 38901 | t: 1116.964274 | r:  -284.000000 | e:   0.610990 | Q: 149.346069 | won: False 
#  592 | steps: 41482 | steps_t: 38920 | t: 1117.494185 | r:  -464.000000 | e:   0.610800 | Q: 123.710793 | won: False 
#  593 | steps: 41502 | steps_t: 38939 | t: 1118.036137 | r:  -486.000000 | e:   0.610610 | Q: 106.423714 | won: False 
#  594 | steps: 41547 | steps_t: 38983 | t: 1119.244093 | r:  -368.000000 | e:   0.610170 | Q: 111.083115 | won: False 
#  595 | steps: 41604 | steps_t: 39039 | t: 1120.772730 | r:  -413.000000 | e:   0.609610 | Q: 113.894356 | won: False 
#  596 | steps: 41653 | steps_t: 39087 | t: 1122.072031 | r:  -449.000000 | e:   0.609130 | Q:  88.065544 | won: False 
#  597 | steps: 41717 | steps_t: 39150 | t: 1123.797852 | r:  -347.000000 | e:   0.608500 | Q:  99.317917 | won: False 
#  598 | steps: 41852 | steps_t: 39284 | t: 1127.422681 | r:  -469.000000 | e:   0.607160 | Q: 105.073517 | won: False 
#  599 | steps: 41980 | steps_t: 39411 | t: 1130.874664 | r:  -374.000000 | e:   0.605890 | Q:  74.877655 | won: False 
#  600 | steps: 42013 | steps_t: 39443 | t: 1131.804427 | r:  -422.000000 | e:   0.605570 | Q:  94.763878 | won: False 
#  601 | steps: 42188 | steps_t: 39617 | t: 1136.565191 | r:  -410.000000 | e:   0.603830 | Q: 161.942215 | won: False 
#  602 | steps: 42235 | steps_t: 39663 | t: 1137.887693 | r:  -469.000000 | e:   0.603370 | Q: 102.153572 | won: False 
#  603 | steps: 42269 | steps_t: 39696 | t: 1138.847495 | r:  -423.000000 | e:   0.603040 | Q:  81.448578 | won: False 
#  604 | steps: 42303 | steps_t: 39729 | t: 1139.788489 | r:  -478.000000 | e:   0.602710 | Q: 107.951996 | won: False 
#  605 | steps: 42338 | steps_t: 39763 | t: 1140.740197 | r:  -490.000000 | e:   0.602370 | Q:  88.840103 | won: False 
#  606 | steps: 42366 | steps_t: 39790 | t: 1141.524546 | r:  -417.000000 | e:   0.602100 | Q:  92.849121 | won: False 
#  607 | steps: 42409 | steps_t: 39832 | t: 1142.775169 | r:  -421.000000 | e:   0.601680 | Q:  81.571274 | won: False 
#  608 | steps: 42422 | steps_t: 39844 | t: 1143.127875 | r:  -446.000000 | e:   0.601560 | Q:  84.616890 | won: False 
#  609 | steps: 42554 | steps_t: 39975 | t: 1146.873073 | r:  -356.000000 | e:   0.600250 | Q: 115.130630 | won: False 
#  610 | steps: 42591 | steps_t: 40011 | t: 1147.913631 | r:  -371.000000 | e:   0.599890 | Q:  61.504005 | won: False 
#  611 | steps: 42804 | steps_t: 40223 | t: 1153.938857 | r:  -408.000000 | e:   0.597770 | Q: 148.575195 | won: False 
#  612 | steps: 42874 | steps_t: 40292 | t: 1155.929677 | r:  -437.000000 | e:   0.597080 | Q:  87.779999 | won: False 
#  613 | steps: 42916 | steps_t: 40333 | t: 1157.064300 | r:  -409.000000 | e:   0.596670 | Q:  95.776054 | won: False 
#  614 | steps: 42980 | steps_t: 40396 | t: 1158.793928 | r:  -343.000000 | e:   0.596040 | Q: 109.649765 | won: False 
#  615 | steps: 43069 | steps_t: 40484 | t: 1161.179390 | r:  -456.000000 | e:   0.595160 | Q: 103.861481 | won: False 
#  616 | steps: 43170 | steps_t: 40584 | t: 1163.919161 | r:  -336.000000 | e:   0.594160 | Q: 136.869370 | won: False 
#  617 | steps: 43488 | steps_t: 40901 | t: 1172.563200 | r:  -370.000000 | e:   0.590990 | Q: 161.565109 | won: False 
#  618 | steps: 43543 | steps_t: 40955 | t: 1174.032357 | r:  -499.000000 | e:   0.590450 | Q: 117.260826 | won: False 
#  619 | steps: 43709 | steps_t: 41120 | t: 1178.399896 | r:  -368.000000 | e:   0.588800 | Q:  77.920235 | won: False 
#  620 | steps: 43856 | steps_t: 41266 | t: 1182.388054 | r:  -364.000000 | e:   0.587340 | Q: 117.525871 | won: False 
#  621 | steps: 43927 | steps_t: 41336 | t: 1184.269023 | r:  -416.000000 | e:   0.586640 | Q: 162.963715 | won: False 
#  622 | steps: 44050 | steps_t: 41458 | t: 1187.490277 | r:  -318.000000 | e:   0.585420 | Q: 116.046967 | won: False 
#  623 | steps: 44069 | steps_t: 41476 | t: 1188.002144 | r:  -463.000000 | e:   0.585240 | Q:  70.739189 | won: False 
#  624 | steps: 44140 | steps_t: 41546 | t: 1189.955348 | r:  -372.000000 | e:   0.584540 | Q: 144.800415 | won: False 
#  625 | steps: 44228 | steps_t: 41633 | t: 1192.240363 | r:  -349.000000 | e:   0.583670 | Q:  86.105972 | won: False 
#  626 | steps: 44368 | steps_t: 41772 | t: 1196.050078 | r:  -298.000000 | e:   0.582280 | Q: 122.203598 | won: False 
#  627 | steps: 44393 | steps_t: 41796 | t: 1196.710990 | r:  -491.000000 | e:   0.582040 | Q:  57.450428 | won: False 
#  628 | steps: 44436 | steps_t: 41838 | t: 1197.838932 | r:  -465.000000 | e:   0.581620 | Q:  93.665283 | won: False 
#  629 | steps: 44474 | steps_t: 41875 | t: 1198.846977 | r:  -383.000000 | e:   0.581250 | Q: 134.579132 | won: False 
#  630 | steps: 44510 | steps_t: 41910 | t: 1199.828760 | r:  -425.000000 | e:   0.580900 | Q: 100.644623 | won: False 
#  631 | steps: 44567 | steps_t: 41966 | t: 1201.351019 | r:  -424.000000 | e:   0.580340 | Q:  95.374878 | won: False 
#  632 | steps: 44799 | steps_t: 42197 | t: 1207.764946 | r:  -273.000000 | e:   0.578030 | Q: 105.051743 | won: False 
#  633 | steps: 44999 | steps_t: 42396 | t: 1213.424879 | r:  -391.000000 | e:   0.576040 | Q: 104.344536 | won: False 
#  634 | steps: 45081 | steps_t: 42477 | t: 1215.641924 | r:  -471.000000 | e:   0.575230 | Q: 113.809952 | won: False 
#  635 | steps: 45196 | steps_t: 42591 | t: 1218.730518 | r:  -427.000000 | e:   0.574090 | Q: 112.105042 | won: False 
#  636 | steps: 45215 | steps_t: 42609 | t: 1219.228237 | r:  -452.000000 | e:   0.573910 | Q:  71.689369 | won: False 
#  637 | steps: 45255 | steps_t: 42648 | t: 1220.289876 | r:  -429.000000 | e:   0.573520 | Q:  97.445442 | won: False 
#  638 | steps: 45290 | steps_t: 42682 | t: 1221.209850 | r:  -479.000000 | e:   0.573180 | Q:  38.464012 | won: False 
#  639 | steps: 45328 | steps_t: 42719 | t: 1222.223012 | r:  -482.000000 | e:   0.572810 | Q:  97.344200 | won: False 
#  640 | steps: 45459 | steps_t: 42849 | t: 1225.746120 | r:  -465.000000 | e:   0.571510 | Q: 129.905182 | won: False 
#  641 | steps: 45528 | steps_t: 42917 | t: 1227.625478 | r:  -370.000000 | e:   0.570830 | Q: 120.013168 | won: False 
#  642 | steps: 45585 | steps_t: 42973 | t: 1229.117919 | r:  -402.000000 | e:   0.570270 | Q: 102.137932 | won: False 
#  643 | steps: 45682 | steps_t: 43069 | t: 1231.763886 | r:  -398.000000 | e:   0.569310 | Q: 142.732697 | won: False 
#  644 | steps: 45776 | steps_t: 43162 | t: 1234.313102 | r:  -417.000000 | e:   0.568380 | Q: 134.260086 | won: False 
#  645 | steps: 45807 | steps_t: 43192 | t: 1235.138251 | r:  -354.000000 | e:   0.568080 | Q:  84.627190 | won: False 
#  646 | steps: 45876 | steps_t: 43260 | t: 1237.013187 | r:  -403.000000 | e:   0.567400 | Q:  89.274681 | won: False 
#  647 | steps: 46025 | steps_t: 43408 | t: 1241.019956 | r:  -406.000000 | e:   0.565920 | Q: 124.399872 | won: False 
#  648 | steps: 46098 | steps_t: 43480 | t: 1242.954746 | r:  -462.000000 | e:   0.565200 | Q:  62.001247 | won: False 
#  649 | steps: 46139 | steps_t: 43520 | t: 1244.040597 | r:  -496.000000 | e:   0.564800 | Q:  80.002785 | won: False 
#  650 | steps: 46244 | steps_t: 43624 | t: 1246.987965 | r:  -450.000000 | e:   0.563760 | Q: 119.678505 | won: False 
#  651 | steps: 46268 | steps_t: 43647 | t: 1247.680835 | r:  -468.000000 | e:   0.563530 | Q: 112.245850 | won: False 
#  652 | steps: 46362 | steps_t: 43740 | t: 1250.626969 | r:  -439.000000 | e:   0.562600 | Q: 117.514603 | won: False 
#  653 | steps: 46390 | steps_t: 43767 | t: 1251.478609 | r:  -417.000000 | e:   0.562330 | Q:  78.423538 | won: False 
#  654 | steps: 46426 | steps_t: 43802 | t: 1252.605086 | r:  -480.000000 | e:   0.561980 | Q:  93.295784 | won: False 
#  655 | steps: 46445 | steps_t: 43820 | t: 1253.191734 | r:  -463.000000 | e:   0.561800 | Q: 103.412659 | won: False 
#  656 | steps: 46493 | steps_t: 43867 | t: 1254.736883 | r:  -382.000000 | e:   0.561330 | Q:  96.325874 | won: False 
#  657 | steps: 46641 | steps_t: 44014 | t: 1260.082503 | r:  -405.000000 | e:   0.559860 | Q: 108.545830 | won: False 
#  658 | steps: 46735 | steps_t: 44107 | t: 1263.328724 | r:  -384.000000 | e:   0.558930 | Q: 130.473053 | won: False 
#  659 | steps: 46889 | steps_t: 44260 | t: 1268.579667 | r:  -367.000000 | e:   0.557400 | Q: 172.576569 | won: False 
#  660 | steps: 46938 | steps_t: 44308 | t: 1270.231229 | r:  -438.000000 | e:   0.556920 | Q: 113.998100 | won: False 
#  661 | steps: 47020 | steps_t: 44389 | t: 1272.905725 | r:  -515.000000 | e:   0.556110 | Q: 117.165550 | won: False 
#  662 | steps: 47115 | steps_t: 44483 | t: 1275.911984 | r:  -407.000000 | e:   0.555170 | Q: 108.386520 | won: False 
#  663 | steps: 47213 | steps_t: 44580 | t: 1279.236417 | r:  -300.000000 | e:   0.554200 | Q: 146.629608 | won: False 
#  664 | steps: 47289 | steps_t: 44655 | t: 1281.498761 | r:  -421.000000 | e:   0.553450 | Q: 172.341766 | won: False 
#  665 | steps: 47350 | steps_t: 44715 | t: 1283.292514 | r:  -417.000000 | e:   0.552850 | Q: 114.515007 | won: False 
#  666 | steps: 47443 | steps_t: 44807 | t: 1286.013440 | r:  -537.000000 | e:   0.551930 | Q:  66.038055 | won: False 
#  667 | steps: 47518 | steps_t: 44881 | t: 1288.127364 | r:  -420.000000 | e:   0.551190 | Q:  91.500984 | won: False 
#  668 | steps: 47577 | steps_t: 44939 | t: 1289.804337 | r:  -426.000000 | e:   0.550610 | Q:  93.326584 | won: False 
#  669 | steps: 47666 | steps_t: 45027 | t: 1292.310037 | r:  -445.000000 | e:   0.549730 | Q:  93.702049 | won: False 
#  670 | steps: 47808 | steps_t: 45168 | t: 1296.381490 | r:  -377.000000 | e:   0.548320 | Q: 101.692841 | won: False 
#  671 | steps: 47852 | steps_t: 45211 | t: 1297.594686 | r:  -400.000000 | e:   0.547890 | Q: 116.172211 | won: False 
#  672 | steps: 47904 | steps_t: 45262 | t: 1299.035587 | r:  -463.000000 | e:   0.547380 | Q:  91.976456 | won: False 
#  673 | steps: 47925 | steps_t: 45282 | t: 1299.595753 | r:  -454.000000 | e:   0.547180 | Q:  94.794128 | won: False 
#  674 | steps: 48097 | steps_t: 45453 | t: 1304.558571 | r:  -396.000000 | e:   0.545470 | Q:  75.581116 | won: False 
#  675 | steps: 48291 | steps_t: 45646 | t: 1310.068317 | r:  -367.000000 | e:   0.543540 | Q: 108.225166 | won: False 
#  676 | steps: 48349 | steps_t: 45703 | t: 1311.671961 | r:  -403.000000 | e:   0.542970 | Q: 121.035118 | won: False 
#  677 | steps: 48390 | steps_t: 45743 | t: 1312.829850 | r:  -408.000000 | e:   0.542570 | Q:  86.254639 | won: False 
#  678 | steps: 48415 | steps_t: 45767 | t: 1313.535831 | r:  -436.000000 | e:   0.542330 | Q: 102.022430 | won: False 
#  679 | steps: 48450 | steps_t: 45801 | t: 1314.515335 | r:  -391.000000 | e:   0.541990 | Q:  64.755066 | won: False 
#  680 | steps: 48679 | steps_t: 46029 | t: 1320.975925 | r:  -475.000000 | e:   0.539710 | Q: 164.572906 | won: False 
#  681 | steps: 48848 | steps_t: 46197 | t: 1325.861175 | r:  -437.000000 | e:   0.538030 | Q: 128.789490 | won: False 
#  682 | steps: 49026 | steps_t: 46374 | t: 1331.091113 | r:  -457.000000 | e:   0.536260 | Q: 125.036430 | won: False 
#  683 | steps: 49043 | steps_t: 46390 | t: 1331.586238 | r:  -450.000000 | e:   0.536100 | Q:  81.042564 | won: False 
#  684 | steps: 49063 | steps_t: 46409 | t: 1332.148184 | r:  -497.000000 | e:   0.535910 | Q:  62.468315 | won: False 
#  685 | steps: 49182 | steps_t: 46527 | t: 1335.704335 | r:  -453.000000 | e:   0.534730 | Q: 129.614838 | won: False 
#  686 | steps: 49233 | steps_t: 46577 | t: 1337.182394 | r:  -385.000000 | e:   0.534230 | Q: 110.991043 | won: False 
#  687 | steps: 49315 | steps_t: 46658 | t: 1339.565991 | r:  -295.000000 | e:   0.533420 | Q: 100.830566 | won: False 
#  688 | steps: 49439 | steps_t: 46781 | t: 1343.099303 | r:  -469.000000 | e:   0.532190 | Q:  97.661469 | won: False 
#  689 | steps: 49490 | steps_t: 46831 | t: 1344.544134 | r:  -484.000000 | e:   0.531690 | Q:  94.388008 | won: False 
#  690 | steps: 49572 | steps_t: 46912 | t: 1346.880045 | r:  -383.000000 | e:   0.530880 | Q: 118.011482 | won: False 
#  691 | steps: 49626 | steps_t: 46965 | t: 1348.397880 | r:  -333.000000 | e:   0.530350 | Q:  78.548401 | won: False 
#  692 | steps: 49779 | steps_t: 47117 | t: 1352.806607 | r:  -289.000000 | e:   0.528830 | Q: 137.851562 | won: False 
#  693 | steps: 49930 | steps_t: 47267 | t: 1357.559481 | r:  -375.000000 | e:   0.527330 | Q: 146.741013 | won: False 
#  694 | steps: 49982 | steps_t: 47318 | t: 1359.029601 | r:  -430.000000 | e:   0.526820 | Q: 107.465622 | won: False 
#  695 | steps: 50242 | steps_t: 47577 | t: 1366.658408 | r:  -180.000000 | e:   0.524230 | Q: 201.247925 | won: False 
#  696 | steps: 50412 | steps_t: 47746 | t: 1371.708656 | r:  -383.000000 | e:   0.522540 | Q: 135.142853 | won: False 
#  697 | steps: 50601 | steps_t: 47934 | t: 1377.474081 | r:  -402.000000 | e:   0.520660 | Q: 109.234329 | won: False 
#  698 | steps: 50686 | steps_t: 48018 | t: 1380.001561 | r:  -386.000000 | e:   0.519820 | Q:  95.740837 | won: False 
#  699 | steps: 50772 | steps_t: 48103 | t: 1382.502642 | r:  -387.000000 | e:   0.518970 | Q:  99.070572 | won: False 
#  700 | steps: 50977 | steps_t: 48307 | t: 1388.453458 | r:  -396.000000 | e:   0.516930 | Q: 116.724022 | won: False 
#  701 | steps: 51051 | steps_t: 48380 | t: 1390.729601 | r:  -386.000000 | e:   0.516200 | Q: 134.040771 | won: False 
#  702 | steps: 51081 | steps_t: 48409 | t: 1391.610025 | r:  -441.000000 | e:   0.515910 | Q: 104.317650 | won: False 
