#    1 | steps:    20 | steps_t: 393122 | t: 1.860859 | r:  -519.000000 | e:   0.100000 | Q:  68.782959 | won: False 
#    2 | steps:   103 | steps_t: 393122 | t: 1.920902 | r:  -560.000000 | e:   0.100000 | Q:  85.070557 | won: False 
#    3 | steps:   217 | steps_t: 393122 | t: 2.007627 | r:    20.000000 | e:   0.100000 | Q:  87.879295 | won: True 
#    4 | steps:   250 | steps_t: 393122 | t: 2.030578 | r:  -521.000000 | e:   0.100000 | Q:  68.782959 | won: False 
#    5 | steps:   437 | steps_t: 393122 | t: 2.176292 | r:  -664.000000 | e:   0.100000 | Q:  69.824303 | won: False 
#    6 | steps:   468 | steps_t: 393122 | t: 2.202815 | r:   103.000000 | e:   0.100000 | Q:  69.824303 | won: True 
#    7 | steps:   524 | steps_t: 393122 | t: 2.246269 | r:  -544.000000 | e:   0.100000 | Q:  61.181606 | won: False 
#    8 | steps:   589 | steps_t: 393122 | t: 2.291795 | r:  -542.000000 | e:   0.100000 | Q:  61.271004 | won: False 
#    9 | steps:   684 | steps_t: 393122 | t: 2.361786 | r:  -583.000000 | e:   0.100000 | Q:  64.774231 | won: False 
#   10 | steps:   758 | steps_t: 393122 | t: 2.423428 | r:  -551.000000 | e:   0.100000 | Q:  61.482689 | won: False 
#   11 | steps:   806 | steps_t: 393122 | t: 8.445940 | r:  -514.000000 | e:   0.100000 | Q:  68.782959 | won: False 
#   12 | steps:   872 | steps_t: 393122 | t: 17.389256 | r:  -532.000000 | e:   0.100000 | Q:  91.028374 | won: False 
#   13 | steps:   911 | steps_t: 393122 | t: 23.070384 | r:  -516.000000 | e:   0.100000 | Q:  63.095783 | won: False 
#   14 | steps:  1130 | steps_t: 393122 | t: 51.340452 | r:  -696.000000 | e:   0.100000 | Q:  82.664055 | won: False 
#   15 | steps:  1287 | steps_t: 393122 | t: 71.628358 | r:  -634.000000 | e:   0.100000 | Q:  82.664055 | won: False 
#   16 | steps:  1413 | steps_t: 393122 | t: 88.119836 | r:     8.000000 | e:   0.100000 | Q:  84.715935 | won: True 
#   17 | steps:  1599 | steps_t: 393122 | t: 112.169268 | r:  -663.000000 | e:   0.100000 | Q:  82.876190 | won: False 
#   18 | steps:  1757 | steps_t: 393122 | t: 131.984486 | r:  -624.000000 | e:   0.100000 | Q:  87.377617 | won: False 
#   19 | steps:  1876 | steps_t: 393122 | t: 147.275355 | r:  -596.000000 | e:   0.100000 | Q:  82.664055 | won: False 
#   20 | steps:  1920 | steps_t: 393122 | t: 153.515514 | r:  -532.000000 | e:   0.100000 | Q:  65.106850 | won: False 
#   21 | steps:  1971 | steps_t: 393122 | t: 160.597147 | r:  -528.000000 | e:   0.100000 | Q:  69.824303 | won: False 
#   22 | steps:  2097 | steps_t: 393217 | t: 177.894118 | r:  -592.000000 | e:   0.100000 | Q:  79.333328 | won: False 
#   23 | steps:  2406 | steps_t: 393525 | t: 219.463246 | r:  -786.000000 | e:   0.100000 | Q:  85.090843 | won: False 
#   24 | steps:  2566 | steps_t: 393684 | t: 241.536150 | r:  -637.000000 | e:   0.100000 | Q: 167.518463 | won: False 
#   25 | steps:  2581 | steps_t: 393698 | t: 244.459351 | r:  -514.000000 | e:   0.100000 | Q: 154.998718 | won: False 
#   26 | steps:  2619 | steps_t: 393735 | t: 250.306800 | r:  -526.000000 | e:   0.100000 | Q: 263.499847 | won: False 
#   27 | steps:  2695 | steps_t: 393810 | t: 261.228402 | r:  -575.000000 | e:   0.100000 | Q: 182.136475 | won: False 
#   28 | steps:  2745 | steps_t: 393859 | t: 268.615666 | r:  -549.000000 | e:   0.100000 | Q: 138.511139 | won: False 
#   29 | steps:  2926 | steps_t: 394039 | t: 293.624561 | r:  -647.000000 | e:   0.100000 | Q: 171.458435 | won: False 
#   30 | steps:  2997 | steps_t: 394109 | t: 303.837370 | r:  -548.000000 | e:   0.100000 | Q: 140.439880 | won: False 
#   31 | steps:  3066 | steps_t: 394177 | t: 313.807673 | r:    65.000000 | e:   0.100000 | Q: 130.383316 | won: True 
#   32 | steps:  3140 | steps_t: 394250 | t: 324.369144 | r:    60.000000 | e:   0.100000 | Q: 102.378098 | won: True 
#   33 | steps:  3250 | steps_t: 394359 | t: 339.788125 | r:    24.000000 | e:   0.100000 | Q: 214.688599 | won: True 
#   34 | steps:  3285 | steps_t: 394393 | t: 345.308777 | r:  -523.000000 | e:   0.100000 | Q: 175.587692 | won: False 
#   35 | steps:  3432 | steps_t: 394539 | t: 365.571816 | r:  -624.000000 | e:   0.100000 | Q: 175.580444 | won: False 
#   36 | steps:  3493 | steps_t: 394599 | t: 374.521375 | r:  -549.000000 | e:   0.100000 | Q: 118.903740 | won: False 
