#    1 | steps:    93 | steps_t:     0 | t: 0.088061 | r:  -416.000000 | e:   1.000000 | Q:        nan | won: False 
#    2 | steps:   119 | steps_t:     0 | t: 0.110079 | r:  -481.000000 | e:   1.000000 | Q:        nan | won: False 
#    3 | steps:   152 | steps_t:     0 | t: 0.135719 | r:  -499.000000 | e:   1.000000 | Q:        nan | won: False 
#    4 | steps:   282 | steps_t:     0 | t: 0.234194 | r:  -281.000000 | e:   1.000000 | Q:        nan | won: False 
#    5 | steps:   356 | steps_t:     0 | t: 0.290546 | r:  -485.000000 | e:   1.000000 | Q:        nan | won: False 
#    6 | steps:   383 | steps_t:     0 | t: 0.312453 | r:  -460.000000 | e:   1.000000 | Q:        nan | won: False 
#    7 | steps:   418 | steps_t:     0 | t: 0.341830 | r:  -468.000000 | e:   1.000000 | Q:        nan | won: False 
#    8 | steps:   444 | steps_t:     0 | t: 0.365762 | r:  -481.000000 | e:   1.000000 | Q:        nan | won: False 
#    9 | steps:   502 | steps_t:     0 | t: 0.412866 | r:  -502.000000 | e:   1.000000 | Q:        nan | won: False 
#   10 | steps:   571 | steps_t:     0 | t: 0.468540 | r:  -425.000000 | e:   1.000000 | Q:        nan | won: False 
#   11 | steps:   592 | steps_t:     0 | t: 0.484319 | r:  -410.000000 | e:   1.000000 | Q:        nan | won: False 
#   12 | steps:   628 | steps_t:     0 | t: 0.514323 | r:  -491.000000 | e:   1.000000 | Q:        nan | won: False 
#   13 | steps:   653 | steps_t:     0 | t: 0.533937 | r:  -414.000000 | e:   1.000000 | Q:        nan | won: False 
#   14 | steps:   747 | steps_t:     0 | t: 0.607522 | r:  -417.000000 | e:   1.000000 | Q:        nan | won: False 
#   15 | steps:   838 | steps_t:     0 | t: 0.675896 | r:  -513.000000 | e:   1.000000 | Q:        nan | won: False 
#   16 | steps:   905 | steps_t:     0 | t: 0.729403 | r:  -357.000000 | e:   1.000000 | Q:        nan | won: False 
#   17 | steps:  1114 | steps_t:     0 | t: 0.906127 | r:  -257.000000 | e:   1.000000 | Q:        nan | won: False 
#   18 | steps:  1179 | steps_t:     0 | t: 0.956337 | r:  -476.000000 | e:   1.000000 | Q:        nan | won: False 
#   19 | steps:  1308 | steps_t:     0 | t: 1.058104 | r:  -430.000000 | e:   1.000000 | Q:        nan | won: False 
#   20 | steps:  1502 | steps_t:     0 | t: 1.212096 | r:  -396.000000 | e:   1.000000 | Q:        nan | won: False 
#   21 | steps:  1526 | steps_t:     0 | t: 1.232751 | r:  -457.000000 | e:   1.000000 | Q:        nan | won: False 
#   22 | steps:  1613 | steps_t:     0 | t: 1.303993 | r:  -498.000000 | e:   1.000000 | Q:        nan | won: False 
#   23 | steps:  1668 | steps_t:     0 | t: 1.353064 | r:  -422.000000 | e:   1.000000 | Q:        nan | won: False 
#   24 | steps:  1767 | steps_t:     0 | t: 1.436819 | r:  -521.000000 | e:   1.000000 | Q:        nan | won: False 
#   25 | steps:  1841 | steps_t:     0 | t: 1.590789 | r:  -474.000000 | e:   1.000000 | Q:        nan | won: False 
#   26 | steps:  1883 | steps_t:     0 | t: 1.632703 | r:  -442.000000 | e:   1.000000 | Q:        nan | won: False 
#   27 | steps:  1937 | steps_t:     0 | t: 1.678585 | r:  -498.000000 | e:   1.000000 | Q:        nan | won: False 
#   28 | steps:  2122 | steps_t:   120 | t: 4.666550 | r:  -409.000000 | e:   0.998800 | Q:        nan | won: False 
#   29 | steps:  2433 | steps_t:   430 | t: 12.014527 | r:  -689.000000 | e:   0.995700 | Q: -10.474100 | won: False 
#   30 | steps:  2460 | steps_t:   456 | t: 12.627479 | r:  -471.000000 | e:   0.995440 | Q:        nan | won: False 
#   31 | steps:  2490 | steps_t:   485 | t: 13.328516 | r:  -485.000000 | e:   0.995150 | Q:        nan | won: False 
#   32 | steps:  2517 | steps_t:   511 | t: 13.986563 | r:  -482.000000 | e:   0.994890 | Q: -43.953606 | won: False 
#   33 | steps:  2563 | steps_t:   556 | t: 15.056877 | r:  -435.000000 | e:   0.994440 | Q:        nan | won: False 
#   34 | steps:  2594 | steps_t:   586 | t: 15.762736 | r:  -486.000000 | e:   0.994140 | Q:        nan | won: False 
#   35 | steps:  2659 | steps_t:   650 | t: 17.316126 | r:  -443.000000 | e:   0.993500 | Q:        nan | won: False 
#   36 | steps:  2893 | steps_t:   883 | t: 23.227619 | r:  -491.000000 | e:   0.991170 | Q: -57.737709 | won: False 
#   37 | steps:  2953 | steps_t:   942 | t: 24.694553 | r:  -394.000000 | e:   0.990580 | Q:        nan | won: False 
#   38 | steps:  2987 | steps_t:   975 | t: 25.491208 | r:  -401.000000 | e:   0.990250 | Q:        nan | won: False 
#   39 | steps:  3022 | steps_t:  1009 | t: 26.375326 | r:  -468.000000 | e:   0.989910 | Q:        nan | won: False 
#   40 | steps:  3061 | steps_t:  1047 | t: 27.367640 | r:  -417.000000 | e:   0.989530 | Q:        nan | won: False 
