#    1 | steps:   799 | steps_t: 983662 | t: 1.843357 | r:  -144.000000 | e:   0.100000 | Q: 209.170944 | won: False 
#    2 | steps:   966 | steps_t: 983662 | t: 2.246279 | r:   188.000000 | e:   0.100000 | Q: 205.592865 | won: False 
#    3 | steps:  1200 | steps_t: 983662 | t: 2.812974 | r:   246.000000 | e:   0.100000 | Q: 216.006912 | won: False 
#    4 | steps:  1313 | steps_t: 983662 | t: 3.079014 | r:   249.000000 | e:   0.100000 | Q: 222.308792 | won: False 
#    5 | steps:  1428 | steps_t: 983662 | t: 3.355262 | r:   112.000000 | e:   0.100000 | Q: 208.709732 | won: False 
#    6 | steps:  1453 | steps_t: 983662 | t: 3.417979 | r:  -304.000000 | e:   0.100000 | Q: 194.899277 | won: False 
#    7 | steps:  1880 | steps_t: 983662 | t: 4.503325 | r:    71.000000 | e:   0.100000 | Q: 196.054504 | won: False 
#    8 | steps:  2145 | steps_t: 983662 | t: 5.142761 | r:   211.000000 | e:   0.100000 | Q: 214.891510 | won: False 
#    9 | steps:  2459 | steps_t: 983662 | t: 5.900674 | r:   206.000000 | e:   0.100000 | Q: 209.166077 | won: False 
#   10 | steps:  2663 | steps_t: 983662 | t: 6.384874 | r:   246.000000 | e:   0.100000 | Q: 199.893951 | won: False 
#   11 | steps:  2782 | steps_t: 983662 | t: 26.431854 | r:   265.000000 | e:   0.100000 | Q: 200.701782 | won: False 
#   12 | steps:  3663 | steps_t: 983662 | t: 171.799043 | r:  -266.000000 | e:   0.100000 | Q: 199.059677 | won: False 
#   13 | steps:  3902 | steps_t: 983662 | t: 212.865012 | r:   105.000000 | e:   0.100000 | Q: 228.195450 | won: False 
#   14 | steps:  3999 | steps_t: 983662 | t: 230.357225 | r:     9.000000 | e:   0.100000 | Q: 202.016724 | won: False 
#   15 | steps:  4316 | steps_t: 983662 | t: 283.983785 | r:   207.000000 | e:   0.100000 | Q: 200.701782 | won: False 
#   16 | steps:  4538 | steps_t: 983662 | t: 322.454806 | r:   283.000000 | e:   0.100000 | Q: 201.475647 | won: False 
#   17 | steps:  5470 | steps_t: 983662 | t: 475.361552 | r:  -386.000000 | e:   0.100000 | Q: 201.383011 | won: False 
#   18 | steps:  5557 | steps_t: 983662 | t: 491.918800 | r:   -84.000000 | e:   0.100000 | Q: 215.248337 | won: False 
#   19 | steps:  5761 | steps_t: 983662 | t: 527.514306 | r:   315.000000 | e:   0.100000 | Q: 224.600662 | won: False 
#   20 | steps:  6101 | steps_t: 983662 | t: 585.224260 | r:   205.000000 | e:   0.100000 | Q: 216.936157 | won: False 
