#    1 | steps:   254 | steps_t: 784647 | t: 0.622210 | r:    61.000000 | e:   0.100000 | Q: 194.195526 | won: False 
#    2 | steps:   766 | steps_t: 784647 | t: 1.770333 | r:   -25.000000 | e:   0.100000 | Q: 193.040390 | won: False 
#    3 | steps:  1042 | steps_t: 784647 | t: 2.387256 | r:    24.000000 | e:   0.100000 | Q: 188.893738 | won: False 
#    4 | steps:  1127 | steps_t: 784647 | t: 2.577276 | r:   -12.000000 | e:   0.100000 | Q: 186.863449 | won: False 
#    5 | steps:  1173 | steps_t: 784647 | t: 2.691071 | r:  -237.000000 | e:   0.100000 | Q: 188.274078 | won: False 
#    6 | steps:  1218 | steps_t: 784647 | t: 2.791710 | r:  -214.000000 | e:   0.100000 | Q: 200.656693 | won: False 
#    7 | steps:  1452 | steps_t: 784647 | t: 3.313067 | r:    11.000000 | e:   0.100000 | Q: 184.284775 | won: False 
#    8 | steps:  1484 | steps_t: 784647 | t: 3.385429 | r:  -289.000000 | e:   0.100000 | Q: 184.284775 | won: False 
#    9 | steps:  1731 | steps_t: 784647 | t: 4.054427 | r:     2.000000 | e:   0.100000 | Q: 184.284775 | won: False 
#   10 | steps:  1753 | steps_t: 784647 | t: 4.106501 | r:  -356.000000 | e:   0.100000 | Q: 185.553711 | won: False 
#   11 | steps:  1791 | steps_t: 784647 | t: 4.198353 | r:  -196.000000 | e:   0.100000 | Q: 189.816986 | won: False 
#   12 | steps:  1835 | steps_t: 784647 | t: 4.303109 | r:  -235.000000 | e:   0.100000 | Q: 184.284775 | won: False 
#   13 | steps:  1885 | steps_t: 784647 | t: 4.419341 | r:  -252.000000 | e:   0.100000 | Q: 184.402740 | won: False 
#   14 | steps:  2174 | steps_t: 784647 | t: 5.069648 | r:   106.000000 | e:   0.100000 | Q: 188.573914 | won: False 
#   15 | steps:  2193 | steps_t: 784647 | t: 5.115161 | r:  -375.000000 | e:   0.100000 | Q: 184.284775 | won: False 
#   16 | steps:  2387 | steps_t: 784647 | t: 5.564644 | r:    18.000000 | e:   0.100000 | Q: 184.284775 | won: False 
#   17 | steps:  2581 | steps_t: 784647 | t: 6.010852 | r:    99.000000 | e:   0.100000 | Q: 193.730469 | won: False 
#   18 | steps:  2836 | steps_t: 784647 | t: 6.601183 | r:   144.000000 | e:   0.100000 | Q: 207.411865 | won: False 
#   19 | steps:  3188 | steps_t: 784647 | t: 7.447641 | r:    32.000000 | e:   0.100000 | Q: 188.974426 | won: False 
#   20 | steps:  3460 | steps_t: 784647 | t: 8.106183 | r:    43.000000 | e:   0.100000 | Q: 190.501862 | won: False 
#   21 | steps:  3541 | steps_t: 784647 | t: 8.310406 | r:  -217.000000 | e:   0.100000 | Q: 184.284775 | won: False 
#   22 | steps:  3609 | steps_t: 784647 | t: 8.478273 | r:  -259.000000 | e:   0.100000 | Q: 190.383667 | won: False 
#   23 | steps:  4578 | steps_t: 784647 | t: 10.821855 | r:  -471.000000 | e:   0.100000 | Q: 188.599869 | won: False 
#   24 | steps:  4715 | steps_t: 784647 | t: 11.138258 | r:  -174.000000 | e:   0.100000 | Q: 184.284775 | won: False 
#   25 | steps:  4947 | steps_t: 784647 | t: 11.683209 | r:    35.000000 | e:   0.100000 | Q: 188.611328 | won: False 
#   26 | steps:  5225 | steps_t: 784647 | t: 12.347158 | r:  -436.000000 | e:   0.100000 | Q: 201.326263 | won: False 
#   27 | steps:  5555 | steps_t: 784647 | t: 13.240322 | r:   -37.000000 | e:   0.100000 | Q: 189.939575 | won: False 
#   28 | steps:  5993 | steps_t: 784647 | t: 14.214242 | r:  -156.000000 | e:   0.100000 | Q: 185.432831 | won: False 
#   29 | steps:  6217 | steps_t: 784647 | t: 14.727482 | r:    47.000000 | e:   0.100000 | Q: 190.021347 | won: False 
#   30 | steps:  6450 | steps_t: 784647 | t: 15.256059 | r:    38.000000 | e:   0.100000 | Q: 193.092346 | won: False 
#   31 | steps:  6791 | steps_t: 784647 | t: 16.030627 | r:   109.000000 | e:   0.100000 | Q: 191.426208 | won: False 
#   32 | steps:  6870 | steps_t: 784647 | t: 16.216293 | r:  -215.000000 | e:   0.100000 | Q: 188.302658 | won: False 
#   33 | steps:  7600 | steps_t: 784647 | t: 17.866248 | r:  -375.000000 | e:   0.100000 | Q: 186.781418 | won: False 
#   34 | steps:  7646 | steps_t: 784647 | t: 17.974600 | r:  -347.000000 | e:   0.100000 | Q: 189.709106 | won: False 
#   35 | steps:  7803 | steps_t: 784647 | t: 18.325058 | r:   128.000000 | e:   0.100000 | Q: 184.284775 | won: False 
#   36 | steps:  7992 | steps_t: 784647 | t: 18.891722 | r:    49.000000 | e:   0.100000 | Q: 188.126556 | won: False 
#   37 | steps:  8762 | steps_t: 784647 | t: 20.563639 | r:  -272.000000 | e:   0.100000 | Q: 187.523514 | won: False 
#   38 | steps:  9328 | steps_t: 784647 | t: 21.810796 | r:  -178.000000 | e:   0.100000 | Q: 190.083099 | won: False 
#   39 | steps:  9446 | steps_t: 784647 | t: 22.087502 | r:   160.000000 | e:   0.100000 | Q: 189.579498 | won: False 
#   40 | steps:  9491 | steps_t: 784647 | t: 22.196779 | r:  -236.000000 | e:   0.100000 | Q: 187.111877 | won: False 
#   41 | steps:  9722 | steps_t: 784647 | t: 22.760337 | r:    47.000000 | e:   0.100000 | Q: 184.284775 | won: False 
#   42 | steps: 10132 | steps_t: 784777 | t: 29.804294 | r:    18.000000 | e:   0.100000 | Q: 190.696167 | won: False 
#   43 | steps: 10218 | steps_t: 784862 | t: 34.000754 | r:  -134.000000 | e:   0.100000 | Q: 156.754700 | won: False 
