#    1 | steps:   101 | steps_t:     0 | t: 0.497752 | r:  -468.000000 | e:   1.000000 | Q:        nan | won: False 
#    2 | steps:   199 | steps_t:     0 | t: 0.930797 | r:  -421.000000 | e:   1.000000 | Q:        nan | won: False 
#    3 | steps:   391 | steps_t:     0 | t: 1.779289 | r:  -339.000000 | e:   1.000000 | Q:        nan | won: False 
#    4 | steps:   541 | steps_t:     0 | t: 2.445866 | r:  -451.000000 | e:   1.000000 | Q:        nan | won: False 
#    5 | steps:   739 | steps_t:     0 | t: 3.323188 | r:  -389.000000 | e:   1.000000 | Q:        nan | won: False 
#    6 | steps:   929 | steps_t:     0 | t: 4.261009 | r:  -535.000000 | e:   1.000000 | Q:        nan | won: False 
#    7 | steps:   980 | steps_t:     0 | t: 4.486639 | r:  -462.000000 | e:   1.000000 | Q:        nan | won: False 
#    8 | steps:  1257 | steps_t:     0 | t: 5.717076 | r:  -501.000000 | e:   1.000000 | Q:        nan | won: False 
#    9 | steps:  1328 | steps_t:     0 | t: 6.033355 | r:  -416.000000 | e:   1.000000 | Q:        nan | won: False 
#   10 | steps:  1421 | steps_t:     0 | t: 6.449725 | r:  -449.000000 | e:   1.000000 | Q:        nan | won: False 
#   11 | steps:  1724 | steps_t:     0 | t: 7.801736 | r:  -549.000000 | e:   1.000000 | Q:        nan | won: False 
#   12 | steps:  2040 | steps_t:     0 | t: 9.210677 | r:  -419.000000 | e:   1.000000 | Q:        nan | won: False 
#   13 | steps:  2110 | steps_t:     0 | t: 9.517305 | r:  -459.000000 | e:   1.000000 | Q:        nan | won: False 
#   14 | steps:  2139 | steps_t:     0 | t: 9.643744 | r:  -462.000000 | e:   1.000000 | Q:        nan | won: False 
#   15 | steps:  2268 | steps_t:     0 | t: 10.216954 | r:  -474.000000 | e:   1.000000 | Q:        nan | won: False 
#   16 | steps:  2594 | steps_t:     0 | t: 11.795495 | r:  -572.000000 | e:   1.000000 | Q:        nan | won: False 
#   17 | steps:  2701 | steps_t:     0 | t: 12.269748 | r:  -496.000000 | e:   1.000000 | Q:        nan | won: False 
#   18 | steps:  2764 | steps_t:     0 | t: 12.551334 | r:  -463.000000 | e:   1.000000 | Q:        nan | won: False 
#   19 | steps:  2814 | steps_t:     0 | t: 12.779798 | r:  -494.000000 | e:   1.000000 | Q:        nan | won: False 
#   20 | steps:  2873 | steps_t:     0 | t: 13.040826 | r:  -426.000000 | e:   1.000000 | Q:        nan | won: False 
#   21 | steps:  3151 | steps_t:     0 | t: 14.279403 | r:  -612.000000 | e:   1.000000 | Q:        nan | won: False 
#   22 | steps:  3187 | steps_t:     0 | t: 14.461215 | r:  -469.000000 | e:   1.000000 | Q:        nan | won: False 
#   23 | steps:  3225 | steps_t:     0 | t: 14.631927 | r:  -482.000000 | e:   1.000000 | Q:        nan | won: False 
#   24 | steps:  3276 | steps_t:     0 | t: 14.858389 | r:  -484.000000 | e:   1.000000 | Q:        nan | won: False 
#   25 | steps:  3341 | steps_t:     0 | t: 15.143549 | r:  -454.000000 | e:   1.000000 | Q:        nan | won: False 
#   26 | steps:  3474 | steps_t:     0 | t: 15.734216 | r:  -368.000000 | e:   1.000000 | Q:        nan | won: False 
#   27 | steps:  3597 | steps_t:     0 | t: 16.276614 | r:  -468.000000 | e:   1.000000 | Q:        nan | won: False 
#   28 | steps:  3642 | steps_t:     0 | t: 16.473728 | r:  -467.000000 | e:   1.000000 | Q:        nan | won: False 
#   29 | steps:  3892 | steps_t:     0 | t: 17.584844 | r:  -529.000000 | e:   1.000000 | Q:        nan | won: False 
#   30 | steps:  3997 | steps_t:     0 | t: 18.051828 | r:  -472.000000 | e:   1.000000 | Q:        nan | won: False 
#   31 | steps:  4080 | steps_t:     0 | t: 18.422617 | r:  -461.000000 | e:   1.000000 | Q:        nan | won: False 
#   32 | steps:  4129 | steps_t:     0 | t: 18.636039 | r:  -460.000000 | e:   1.000000 | Q:        nan | won: False 
#   33 | steps:  4223 | steps_t:     0 | t: 19.051774 | r:  -384.000000 | e:   1.000000 | Q:        nan | won: False 
#   34 | steps:  4364 | steps_t:     0 | t: 19.814292 | r:  -464.000000 | e:   1.000000 | Q:        nan | won: False 
#   35 | steps:  4449 | steps_t:     0 | t: 20.192288 | r:  -419.000000 | e:   1.000000 | Q:        nan | won: False 
#   36 | steps:  4739 | steps_t:     0 | t: 21.475218 | r:  -558.000000 | e:   1.000000 | Q:        nan | won: False 
#   37 | steps:  4859 | steps_t:     0 | t: 22.013903 | r:  -443.000000 | e:   1.000000 | Q:        nan | won: False 
#   38 | steps:  4896 | steps_t:     0 | t: 22.174811 | r:  -492.000000 | e:   1.000000 | Q:        nan | won: False 
#   39 | steps:  5038 | steps_t:     0 | t: 22.801757 | r:  -531.000000 | e:   1.000000 | Q:        nan | won: False 
#   40 | steps:  5109 | steps_t:     0 | t: 23.118077 | r:  -405.000000 | e:   1.000000 | Q:        nan | won: False 
#   41 | steps:  5324 | steps_t:     0 | t: 24.071443 | r:  -483.000000 | e:   1.000000 | Q:        nan | won: False 
#   42 | steps:  5404 | steps_t:     0 | t: 24.423008 | r:  -502.000000 | e:   1.000000 | Q:        nan | won: False 
#   43 | steps:  5480 | steps_t:     0 | t: 24.760349 | r:  -454.000000 | e:   1.000000 | Q:        nan | won: False 
#   44 | steps:  5632 | steps_t:     0 | t: 25.438022 | r:  -453.000000 | e:   1.000000 | Q:        nan | won: False 
#   45 | steps:  5826 | steps_t:     0 | t: 26.303384 | r:  -440.000000 | e:   1.000000 | Q:        nan | won: False 
#   46 | steps:  5896 | steps_t:     0 | t: 26.615294 | r:  -470.000000 | e:   1.000000 | Q:        nan | won: False 
#   47 | steps:  6163 | steps_t:     0 | t: 27.812359 | r:  -579.000000 | e:   1.000000 | Q:        nan | won: False 
#   48 | steps:  6215 | steps_t:     0 | t: 28.046551 | r:  -463.000000 | e:   1.000000 | Q:        nan | won: False 
#   49 | steps:  6361 | steps_t:     0 | t: 28.701096 | r:  -447.000000 | e:   1.000000 | Q:        nan | won: False 
#   50 | steps:  6407 | steps_t:     0 | t: 28.904905 | r:  -413.000000 | e:   1.000000 | Q:        nan | won: False 
#   51 | steps:  6876 | steps_t:     0 | t: 31.169693 | r:  -682.000000 | e:   1.000000 | Q:        nan | won: False 
#   52 | steps:  6966 | steps_t:     0 | t: 31.572086 | r:  -479.000000 | e:   1.000000 | Q:        nan | won: False 
#   53 | steps:  7026 | steps_t:     0 | t: 31.842581 | r:  -471.000000 | e:   1.000000 | Q:        nan | won: False 
#   54 | steps:  7132 | steps_t:     0 | t: 32.324992 | r:  -407.000000 | e:   1.000000 | Q:        nan | won: False 
#   55 | steps:  7168 | steps_t:     0 | t: 32.483786 | r:  -469.000000 | e:   1.000000 | Q:        nan | won: False 
#   56 | steps:  7221 | steps_t:     0 | t: 32.720085 | r:  -431.000000 | e:   1.000000 | Q:        nan | won: False 
#   57 | steps:  7286 | steps_t:     0 | t: 33.011227 | r:  -454.000000 | e:   1.000000 | Q:        nan | won: False 
#   58 | steps:  7480 | steps_t:     0 | t: 33.878328 | r:  -539.000000 | e:   1.000000 | Q:        nan | won: False 
#   59 | steps:  7530 | steps_t:     0 | t: 34.099429 | r:  -417.000000 | e:   1.000000 | Q:        nan | won: False 
#   60 | steps:  7607 | steps_t:     0 | t: 34.441731 | r:  -455.000000 | e:   1.000000 | Q:        nan | won: False 
#   61 | steps:  7698 | steps_t:     0 | t: 34.851211 | r:  -480.000000 | e:   1.000000 | Q:        nan | won: False 
#   62 | steps:  7801 | steps_t:     0 | t: 35.309613 | r:  -393.000000 | e:   1.000000 | Q:        nan | won: False 
#   63 | steps:  7915 | steps_t:     0 | t: 35.825338 | r:  -503.000000 | e:   1.000000 | Q:        nan | won: False 
#   64 | steps:  7960 | steps_t:     0 | t: 36.028205 | r:  -478.000000 | e:   1.000000 | Q:        nan | won: False 
#   65 | steps:  8001 | steps_t:     0 | t: 36.210275 | r:  -408.000000 | e:   1.000000 | Q:        nan | won: False 
#   66 | steps:  8058 | steps_t:     0 | t: 36.464075 | r:  -468.000000 | e:   1.000000 | Q:        nan | won: False 
#   67 | steps:  8160 | steps_t:     0 | t: 36.917425 | r:  -491.000000 | e:   1.000000 | Q:        nan | won: False 
#   68 | steps:  8228 | steps_t:     0 | t: 37.222484 | r:  -446.000000 | e:   1.000000 | Q:        nan | won: False 
#   69 | steps:  8421 | steps_t:     0 | t: 38.083998 | r:  -461.000000 | e:   1.000000 | Q:        nan | won: False 
#   70 | steps:  8478 | steps_t:     0 | t: 38.337296 | r:  -468.000000 | e:   1.000000 | Q:        nan | won: False 
#   71 | steps:  8573 | steps_t:     0 | t: 38.756143 | r:  -506.000000 | e:   1.000000 | Q:        nan | won: False 
#   72 | steps:  8616 | steps_t:     0 | t: 38.946091 | r:  -476.000000 | e:   1.000000 | Q:        nan | won: False 
#   73 | steps:  8778 | steps_t:     0 | t: 39.664805 | r:  -269.000000 | e:   1.000000 | Q:        nan | won: False 
#   74 | steps:  8910 | steps_t:     0 | t: 40.247273 | r:  -466.000000 | e:   1.000000 | Q:        nan | won: False 
#   75 | steps:  9233 | steps_t:     0 | t: 41.687678 | r:  -646.000000 | e:   1.000000 | Q:        nan | won: False 
#   76 | steps:  9428 | steps_t:     0 | t: 42.559902 | r:  -397.000000 | e:   1.000000 | Q:        nan | won: False 
#   77 | steps:  9529 | steps_t:     0 | t: 43.011503 | r:  -501.000000 | e:   1.000000 | Q:        nan | won: False 
#   78 | steps:  9695 | steps_t:     0 | t: 43.962200 | r:  -456.000000 | e:   1.000000 | Q:        nan | won: False 
#   79 | steps:  9744 | steps_t:     0 | t: 44.176332 | r:  -471.000000 | e:   1.000000 | Q:        nan | won: False 
#   80 | steps: 10028 | steps_t:     0 | t: 45.429537 | r:  -607.000000 | e:   1.000000 | Q:        nan | won: False 
#   81 | steps: 10506 | steps_t:     0 | t: 47.542829 | r:  -548.000000 | e:   1.000000 | Q:        nan | won: False 
#   82 | steps: 10587 | steps_t:     0 | t: 47.903635 | r:  -448.000000 | e:   1.000000 | Q:        nan | won: False 
#   83 | steps: 10653 | steps_t:     0 | t: 48.195728 | r:  -400.000000 | e:   1.000000 | Q:        nan | won: False 
#   84 | steps: 10796 | steps_t:     0 | t: 48.828279 | r:  -499.000000 | e:   1.000000 | Q:        nan | won: False 
#   85 | steps: 11267 | steps_t:     0 | t: 50.914958 | r:  -706.000000 | e:   1.000000 | Q:        nan | won: False 
#   86 | steps: 11342 | steps_t:     0 | t: 51.246986 | r:  -442.000000 | e:   1.000000 | Q:        nan | won: False 
#   87 | steps: 11630 | steps_t:     0 | t: 52.525193 | r:  -600.000000 | e:   1.000000 | Q:        nan | won: False 
#   88 | steps: 11747 | steps_t:     0 | t: 53.043400 | r:  -451.000000 | e:   1.000000 | Q:        nan | won: False 
#   89 | steps: 11836 | steps_t:     0 | t: 53.440472 | r:  -467.000000 | e:   1.000000 | Q:        nan | won: False 
#   90 | steps: 12152 | steps_t:     0 | t: 54.841136 | r:  -507.000000 | e:   1.000000 | Q:        nan | won: False 
#   91 | steps: 12260 | steps_t:     0 | t: 55.318508 | r:  -431.000000 | e:   1.000000 | Q:        nan | won: False 
#   92 | steps: 12390 | steps_t:     0 | t: 55.891713 | r:  -442.000000 | e:   1.000000 | Q:        nan | won: False 
#   93 | steps: 12490 | steps_t:     0 | t: 56.333536 | r:  -423.000000 | e:   1.000000 | Q:        nan | won: False 
#   94 | steps: 12576 | steps_t:     0 | t: 56.716099 | r:  -453.000000 | e:   1.000000 | Q:        nan | won: False 
#   95 | steps: 12701 | steps_t:     0 | t: 57.275679 | r:  -393.000000 | e:   1.000000 | Q:        nan | won: False 
#   96 | steps: 12768 | steps_t:     0 | t: 57.573322 | r:  -456.000000 | e:   1.000000 | Q:        nan | won: False 
#   97 | steps: 12846 | steps_t:     0 | t: 57.920375 | r:  -489.000000 | e:   1.000000 | Q:        nan | won: False 
#   98 | steps: 12906 | steps_t:     0 | t: 58.182441 | r:  -416.000000 | e:   1.000000 | Q:        nan | won: False 
#   99 | steps: 13103 | steps_t:     0 | t: 59.050015 | r:  -520.000000 | e:   1.000000 | Q:        nan | won: False 
#  100 | steps: 13148 | steps_t:     0 | t: 59.247514 | r:  -467.000000 | e:   1.000000 | Q:        nan | won: False 
#  101 | steps: 13204 | steps_t:     0 | t: 59.492238 | r:  -467.000000 | e:   1.000000 | Q:        nan | won: False 
#  102 | steps: 13341 | steps_t:     0 | t: 60.360293 | r:  -394.000000 | e:   1.000000 | Q:        nan | won: False 
#  103 | steps: 13410 | steps_t:     0 | t: 60.664127 | r:  -469.000000 | e:   1.000000 | Q:        nan | won: False 
#  104 | steps: 13518 | steps_t:     0 | t: 61.145551 | r:  -442.000000 | e:   1.000000 | Q:        nan | won: False 
#  105 | steps: 13569 | steps_t:     0 | t: 61.369368 | r:  -484.000000 | e:   1.000000 | Q:        nan | won: False 
#  106 | steps: 13625 | steps_t:     0 | t: 61.616446 | r:  -456.000000 | e:   1.000000 | Q:        nan | won: False 
#  107 | steps: 13688 | steps_t:     0 | t: 61.892956 | r:  -452.000000 | e:   1.000000 | Q:        nan | won: False 
#  108 | steps: 13958 | steps_t:     0 | t: 63.092010 | r:  -560.000000 | e:   1.000000 | Q:        nan | won: False 
#  109 | steps: 14142 | steps_t:     0 | t: 63.909765 | r:  -518.000000 | e:   1.000000 | Q:        nan | won: False 
#  110 | steps: 14221 | steps_t:     0 | t: 64.255342 | r:  -446.000000 | e:   1.000000 | Q:        nan | won: False 
#  111 | steps: 14275 | steps_t:     0 | t: 64.494183 | r:  -454.000000 | e:   1.000000 | Q:        nan | won: False 
#  112 | steps: 14401 | steps_t:     0 | t: 65.053979 | r:  -416.000000 | e:   1.000000 | Q:        nan | won: False 
#  113 | steps: 14582 | steps_t:     0 | t: 65.859690 | r:  -482.000000 | e:   1.000000 | Q:        nan | won: False 
#  114 | steps: 14683 | steps_t:     0 | t: 66.308540 | r:  -435.000000 | e:   1.000000 | Q:        nan | won: False 
#  115 | steps: 14756 | steps_t:     0 | t: 66.630105 | r:  -484.000000 | e:   1.000000 | Q:        nan | won: False 
#  116 | steps: 14830 | steps_t:     0 | t: 66.957152 | r:  -408.000000 | e:   1.000000 | Q:        nan | won: False 
#  117 | steps: 14902 | steps_t:     0 | t: 67.273066 | r:  -461.000000 | e:   1.000000 | Q:        nan | won: False 
#  118 | steps: 14948 | steps_t:     0 | t: 67.474338 | r:  -468.000000 | e:   1.000000 | Q:        nan | won: False 
#  119 | steps: 15176 | steps_t:     0 | t: 68.484193 | r:  -452.000000 | e:   1.000000 | Q:        nan | won: False 
#  120 | steps: 15278 | steps_t:     0 | t: 68.932802 | r:  -513.000000 | e:   1.000000 | Q:        nan | won: False 
#  121 | steps: 15322 | steps_t:     0 | t: 69.123717 | r:  -466.000000 | e:   1.000000 | Q:        nan | won: False 
#  122 | steps: 15407 | steps_t:     0 | t: 69.496841 | r:  -507.000000 | e:   1.000000 | Q:        nan | won: False 
#  123 | steps: 15452 | steps_t:     0 | t: 69.693196 | r:  -467.000000 | e:   1.000000 | Q:        nan | won: False 
#  124 | steps: 15528 | steps_t:     0 | t: 70.027510 | r:  -465.000000 | e:   1.000000 | Q:        nan | won: False 
#  125 | steps: 15774 | steps_t:     0 | t: 71.133627 | r:  -327.000000 | e:   1.000000 | Q:        nan | won: False 
#  126 | steps: 15908 | steps_t:     0 | t: 71.730373 | r:  -435.000000 | e:   1.000000 | Q:        nan | won: False 
#  127 | steps: 15947 | steps_t:     0 | t: 71.902394 | r:  -428.000000 | e:   1.000000 | Q:        nan | won: False 
#  128 | steps: 16007 | steps_t:     0 | t: 72.168297 | r:  -504.000000 | e:   1.000000 | Q:        nan | won: False 
#  129 | steps: 16052 | steps_t:     0 | t: 72.365867 | r:  -423.000000 | e:   1.000000 | Q:        nan | won: False 
#  130 | steps: 16306 | steps_t:     0 | t: 73.496930 | r:  -577.000000 | e:   1.000000 | Q:        nan | won: False 
#  131 | steps: 16456 | steps_t:     0 | t: 74.160742 | r:  -528.000000 | e:   1.000000 | Q:        nan | won: False 
#  132 | steps: 16610 | steps_t:     0 | t: 74.840672 | r:  -554.000000 | e:   1.000000 | Q:        nan | won: False 
#  133 | steps: 16882 | steps_t:     0 | t: 76.036518 | r:  -397.000000 | e:   1.000000 | Q:        nan | won: False 
#  134 | steps: 16974 | steps_t:     0 | t: 76.442747 | r:  -503.000000 | e:   1.000000 | Q:        nan | won: False 
#  135 | steps: 17011 | steps_t:     0 | t: 76.606425 | r:  -415.000000 | e:   1.000000 | Q:        nan | won: False 
#  136 | steps: 17110 | steps_t:     0 | t: 77.045574 | r:  -466.000000 | e:   1.000000 | Q:        nan | won: False 
#  137 | steps: 17194 | steps_t:     0 | t: 77.416485 | r:  -374.000000 | e:   1.000000 | Q:        nan | won: False 
#  138 | steps: 17362 | steps_t:     0 | t: 78.160497 | r:  -524.000000 | e:   1.000000 | Q:        nan | won: False 
#  139 | steps: 17415 | steps_t:     0 | t: 78.397289 | r:  -431.000000 | e:   1.000000 | Q:        nan | won: False 
#  140 | steps: 17989 | steps_t:     0 | t: 81.272357 | r:  -721.000000 | e:   1.000000 | Q:        nan | won: False 
#  141 | steps: 18121 | steps_t:     0 | t: 81.868376 | r:  -411.000000 | e:   1.000000 | Q:        nan | won: False 
#  142 | steps: 18278 | steps_t:     0 | t: 82.572136 | r:  -513.000000 | e:   1.000000 | Q:        nan | won: False 
#  143 | steps: 18496 | steps_t:     0 | t: 83.539297 | r:  -365.000000 | e:   1.000000 | Q:        nan | won: False 
#  144 | steps: 18614 | steps_t:     0 | t: 84.060495 | r:  -474.000000 | e:   1.000000 | Q:        nan | won: False 
#  145 | steps: 18682 | steps_t:     0 | t: 84.364551 | r:  -457.000000 | e:   1.000000 | Q:        nan | won: False 
#  146 | steps: 18753 | steps_t:     0 | t: 84.684401 | r:  -504.000000 | e:   1.000000 | Q:        nan | won: False 
#  147 | steps: 18925 | steps_t:     0 | t: 85.470032 | r:  -517.000000 | e:   1.000000 | Q:        nan | won: False 
#  148 | steps: 19028 | steps_t:     0 | t: 85.939799 | r:  -470.000000 | e:   1.000000 | Q:        nan | won: False 
#  149 | steps: 19325 | steps_t:     0 | t: 87.303564 | r:  -576.000000 | e:   1.000000 | Q:        nan | won: False 
#  150 | steps: 19383 | steps_t:     0 | t: 87.568294 | r:  -480.000000 | e:   1.000000 | Q:        nan | won: False 
#  151 | steps: 19443 | steps_t:     0 | t: 87.840652 | r:  -471.000000 | e:   1.000000 | Q:        nan | won: False 
#  152 | steps: 19550 | steps_t:     0 | t: 88.324364 | r:  -419.000000 | e:   1.000000 | Q:        nan | won: False 
#  153 | steps: 19603 | steps_t:     0 | t: 88.556410 | r:  -486.000000 | e:   1.000000 | Q:        nan | won: False 
#  154 | steps: 19682 | steps_t:     0 | t: 88.917566 | r:  -490.000000 | e:   1.000000 | Q:        nan | won: False 
#  155 | steps: 19903 | steps_t:     0 | t: 89.909891 | r:  -566.000000 | e:   1.000000 | Q:        nan | won: False 
#  156 | steps: 20045 | steps_t:     0 | t: 90.541731 | r:  -520.000000 | e:   1.000000 | Q:        nan | won: False 
#  157 | steps: 20223 | steps_t:     0 | t: 91.328639 | r:  -523.000000 | e:   1.000000 | Q:        nan | won: False 
#  158 | steps: 20289 | steps_t:     0 | t: 91.621479 | r:  -444.000000 | e:   1.000000 | Q:        nan | won: False 
#  159 | steps: 20510 | steps_t:     0 | t: 92.599673 | r:  -511.000000 | e:   1.000000 | Q:        nan | won: False 
#  160 | steps: 20728 | steps_t:     0 | t: 93.566391 | r:  -563.000000 | e:   1.000000 | Q:        nan | won: False 
#  161 | steps: 20808 | steps_t:     0 | t: 93.921112 | r:  -469.000000 | e:   1.000000 | Q:        nan | won: False 
#  162 | steps: 20906 | steps_t:     0 | t: 94.353984 | r:  -333.000000 | e:   1.000000 | Q:        nan | won: False 
#  163 | steps: 21070 | steps_t:     0 | t: 95.080234 | r:  -355.000000 | e:   1.000000 | Q:        nan | won: False 
#  164 | steps: 21179 | steps_t:     0 | t: 95.560971 | r:  -454.000000 | e:   1.000000 | Q:        nan | won: False 
#  165 | steps: 21330 | steps_t:     0 | t: 96.226937 | r:  -441.000000 | e:   1.000000 | Q:        nan | won: False 
#  166 | steps: 21387 | steps_t:     0 | t: 96.476965 | r:  -391.000000 | e:   1.000000 | Q:        nan | won: False 
#  167 | steps: 21454 | steps_t:     0 | t: 96.773189 | r:  -456.000000 | e:   1.000000 | Q:        nan | won: False 
#  168 | steps: 21664 | steps_t:     0 | t: 97.700506 | r:  -533.000000 | e:   1.000000 | Q:        nan | won: False 
#  169 | steps: 21818 | steps_t:     0 | t: 98.387160 | r:  -477.000000 | e:   1.000000 | Q:        nan | won: False 
#  170 | steps: 21926 | steps_t:     0 | t: 98.872580 | r:  -486.000000 | e:   1.000000 | Q:        nan | won: False 
#  171 | steps: 22036 | steps_t:     0 | t: 99.358062 | r:  -488.000000 | e:   1.000000 | Q:        nan | won: False 
#  172 | steps: 22334 | steps_t:     0 | t: 100.681857 | r:  -533.000000 | e:   1.000000 | Q:        nan | won: False 
#  173 | steps: 22611 | steps_t:     0 | t: 101.913524 | r:  -523.000000 | e:   1.000000 | Q:        nan | won: False 
#  174 | steps: 22762 | steps_t:     0 | t: 102.581956 | r:  -419.000000 | e:   1.000000 | Q:        nan | won: False 
#  175 | steps: 22888 | steps_t:     0 | t: 103.143362 | r:  -482.000000 | e:   1.000000 | Q:        nan | won: False 
#  176 | steps: 23056 | steps_t:     0 | t: 103.888905 | r:  -524.000000 | e:   1.000000 | Q:        nan | won: False 
#  177 | steps: 23189 | steps_t:     0 | t: 104.476846 | r:  -368.000000 | e:   1.000000 | Q:        nan | won: False 
#  178 | steps: 23267 | steps_t:     0 | t: 104.823629 | r:  -489.000000 | e:   1.000000 | Q:        nan | won: False 
#  179 | steps: 23391 | steps_t:     0 | t: 105.373497 | r:  -469.000000 | e:   1.000000 | Q:        nan | won: False 
#  180 | steps: 23602 | steps_t:     0 | t: 106.719454 | r:  -490.000000 | e:   1.000000 | Q:        nan | won: False 
#  181 | steps: 23669 | steps_t:     0 | t: 107.019715 | r:  -401.000000 | e:   1.000000 | Q:        nan | won: False 
#  182 | steps: 23814 | steps_t:     0 | t: 107.665537 | r:  -457.000000 | e:   1.000000 | Q:        nan | won: False 
#  183 | steps: 23866 | steps_t:     0 | t: 107.896967 | r:  -474.000000 | e:   1.000000 | Q:        nan | won: False 
#  184 | steps: 24018 | steps_t:     0 | t: 108.571141 | r:  -431.000000 | e:   1.000000 | Q:        nan | won: False 
#  185 | steps: 24241 | steps_t:     0 | t: 109.553116 | r:  -513.000000 | e:   1.000000 | Q:        nan | won: False 
#  186 | steps: 24329 | steps_t:     0 | t: 109.941638 | r:  -455.000000 | e:   1.000000 | Q:        nan | won: False 
#  187 | steps: 24549 | steps_t:     0 | t: 110.915006 | r:  -477.000000 | e:   1.000000 | Q:        nan | won: False 
#  188 | steps: 24707 | steps_t:     0 | t: 111.617168 | r:  -525.000000 | e:   1.000000 | Q:        nan | won: False 
#  189 | steps: 24857 | steps_t:     0 | t: 112.282931 | r:  -407.000000 | e:   1.000000 | Q:        nan | won: False 
#  190 | steps: 25047 | steps_t:     0 | t: 113.128145 | r:  -502.000000 | e:   1.000000 | Q:        nan | won: False 
#  191 | steps: 25174 | steps_t:     0 | t: 113.692458 | r:  -384.000000 | e:   1.000000 | Q:        nan | won: False 
#  192 | steps: 25463 | steps_t:     0 | t: 114.977038 | r:  -392.000000 | e:   1.000000 | Q:        nan | won: False 
#  193 | steps: 25516 | steps_t:     0 | t: 115.211899 | r:  -442.000000 | e:   1.000000 | Q:        nan | won: False 
#  194 | steps: 25666 | steps_t:     0 | t: 115.873666 | r:  -429.000000 | e:   1.000000 | Q:        nan | won: False 
#  195 | steps: 26057 | steps_t:     0 | t: 117.635828 | r:  -582.000000 | e:   1.000000 | Q:        nan | won: False 
#  196 | steps: 26118 | steps_t:     0 | t: 117.906498 | r:  -483.000000 | e:   1.000000 | Q:        nan | won: False 
#  197 | steps: 26210 | steps_t:     0 | t: 118.371385 | r:  -393.000000 | e:   1.000000 | Q:        nan | won: False 
#  198 | steps: 26331 | steps_t:     0 | t: 118.952259 | r:  -488.000000 | e:   1.000000 | Q:        nan | won: False 
#  199 | steps: 26428 | steps_t:     0 | t: 119.388131 | r:  -497.000000 | e:   1.000000 | Q:        nan | won: False 
#  200 | steps: 26514 | steps_t:     0 | t: 119.775359 | r:  -387.000000 | e:   1.000000 | Q:        nan | won: False 
#  201 | steps: 26733 | steps_t:     0 | t: 120.752589 | r:  -333.000000 | e:   1.000000 | Q:        nan | won: False 
#  202 | steps: 26899 | steps_t:     0 | t: 121.493894 | r:  -533.000000 | e:   1.000000 | Q:        nan | won: False 
#  203 | steps: 26980 | steps_t:     0 | t: 121.851159 | r:  -459.000000 | e:   1.000000 | Q:        nan | won: False 
#  204 | steps: 27044 | steps_t:     0 | t: 122.139266 | r:  -453.000000 | e:   1.000000 | Q:        nan | won: False 
#  205 | steps: 27100 | steps_t:     0 | t: 122.384874 | r:  -467.000000 | e:   1.000000 | Q:        nan | won: False 
#  206 | steps: 27203 | steps_t:     0 | t: 122.846964 | r:  -437.000000 | e:   1.000000 | Q:        nan | won: False 
#  207 | steps: 27252 | steps_t:     0 | t: 123.068531 | r:  -471.000000 | e:   1.000000 | Q:        nan | won: False 
#  208 | steps: 27400 | steps_t:     0 | t: 123.733242 | r:  -394.000000 | e:   1.000000 | Q:        nan | won: False 
#  209 | steps: 27476 | steps_t:     0 | t: 124.068117 | r:  -454.000000 | e:   1.000000 | Q:        nan | won: False 
#  210 | steps: 27555 | steps_t:     0 | t: 124.418770 | r:  -490.000000 | e:   1.000000 | Q:        nan | won: False 
#  211 | steps: 27709 | steps_t:     0 | t: 125.101222 | r:  -455.000000 | e:   1.000000 | Q:        nan | won: False 
#  212 | steps: 27792 | steps_t:     0 | t: 125.469357 | r:  -406.000000 | e:   1.000000 | Q:        nan | won: False 
#  213 | steps: 28003 | steps_t:     0 | t: 126.402604 | r:  -435.000000 | e:   1.000000 | Q:        nan | won: False 
#  214 | steps: 28115 | steps_t:     0 | t: 126.903235 | r:  -479.000000 | e:   1.000000 | Q:        nan | won: False 
#  215 | steps: 28162 | steps_t:     0 | t: 127.110599 | r:  -480.000000 | e:   1.000000 | Q:        nan | won: False 
#  216 | steps: 28368 | steps_t:     0 | t: 128.025283 | r:  -397.000000 | e:   1.000000 | Q:        nan | won: False 
#  217 | steps: 28495 | steps_t:     0 | t: 128.591487 | r:  -505.000000 | e:   1.000000 | Q:        nan | won: False 
#  218 | steps: 28670 | steps_t:     0 | t: 129.517565 | r:  -531.000000 | e:   1.000000 | Q:        nan | won: False 
#  219 | steps: 29026 | steps_t:     0 | t: 131.177236 | r:  -507.000000 | e:   1.000000 | Q:        nan | won: False 
#  220 | steps: 29088 | steps_t:     0 | t: 131.456597 | r:  -440.000000 | e:   1.000000 | Q:        nan | won: False 
#  221 | steps: 29336 | steps_t:     0 | t: 132.657914 | r:  -406.000000 | e:   1.000000 | Q:        nan | won: False 
#  222 | steps: 29452 | steps_t:     0 | t: 133.194022 | r:  -428.000000 | e:   1.000000 | Q:        nan | won: False 
#  223 | steps: 29618 | steps_t:     0 | t: 133.959917 | r:  -423.000000 | e:   1.000000 | Q:        nan | won: False 
#  224 | steps: 29921 | steps_t:     0 | t: 135.324063 | r:  -604.000000 | e:   1.000000 | Q:        nan | won: False 
#  225 | steps: 30025 | steps_t:     0 | t: 135.784777 | r:  -427.000000 | e:   1.000000 | Q:        nan | won: False 
#  226 | steps: 30088 | steps_t:     0 | t: 136.072438 | r:  -474.000000 | e:   1.000000 | Q:        nan | won: False 
#  227 | steps: 30234 | steps_t:     0 | t: 136.730512 | r:  -381.000000 | e:   1.000000 | Q:        nan | won: False 
#  228 | steps: 30370 | steps_t:     0 | t: 137.341751 | r:  -547.000000 | e:   1.000000 | Q:        nan | won: False 
#  229 | steps: 30476 | steps_t:     0 | t: 138.320443 | r:  -440.000000 | e:   1.000000 | Q:        nan | won: False 
#  230 | steps: 30727 | steps_t:     0 | t: 139.440857 | r:  -618.000000 | e:   1.000000 | Q:        nan | won: False 
#  231 | steps: 30960 | steps_t:     0 | t: 140.473127 | r:  -424.000000 | e:   1.000000 | Q:        nan | won: False 
#  232 | steps: 31007 | steps_t:     0 | t: 140.679506 | r:  -337.000000 | e:   1.000000 | Q:        nan | won: False 
#  233 | steps: 31238 | steps_t:     0 | t: 141.709523 | r:  -433.000000 | e:   1.000000 | Q:        nan | won: False 
#  234 | steps: 31333 | steps_t:     0 | t: 142.138102 | r:  -451.000000 | e:   1.000000 | Q:        nan | won: False 
#  235 | steps: 31437 | steps_t:     0 | t: 142.610385 | r:  -482.000000 | e:   1.000000 | Q:        nan | won: False 
#  236 | steps: 31482 | steps_t:     0 | t: 142.811741 | r:  -478.000000 | e:   1.000000 | Q:        nan | won: False 
#  237 | steps: 31652 | steps_t:     0 | t: 143.570942 | r:  -504.000000 | e:   1.000000 | Q:        nan | won: False 
#  238 | steps: 31756 | steps_t:     0 | t: 144.041511 | r:  -427.000000 | e:   1.000000 | Q:        nan | won: False 
#  239 | steps: 31937 | steps_t:     0 | t: 144.855124 | r:  -438.000000 | e:   1.000000 | Q:        nan | won: False 
#  240 | steps: 32114 | steps_t:     0 | t: 145.646292 | r:  -456.000000 | e:   1.000000 | Q:        nan | won: False 
#  241 | steps: 32242 | steps_t:     0 | t: 146.221495 | r:  -506.000000 | e:   1.000000 | Q:        nan | won: False 
#  242 | steps: 32294 | steps_t:     0 | t: 146.450738 | r:  -463.000000 | e:   1.000000 | Q:        nan | won: False 
#  243 | steps: 32392 | steps_t:     0 | t: 146.899676 | r:  -410.000000 | e:   1.000000 | Q:        nan | won: False 
#  244 | steps: 32438 | steps_t:     0 | t: 147.106999 | r:  -468.000000 | e:   1.000000 | Q:        nan | won: False 
#  245 | steps: 32733 | steps_t:     0 | t: 148.436881 | r:  -607.000000 | e:   1.000000 | Q:        nan | won: False 
#  246 | steps: 32841 | steps_t:     0 | t: 148.933724 | r:  -508.000000 | e:   1.000000 | Q:        nan | won: False 
#  247 | steps: 33077 | steps_t:     0 | t: 150.015641 | r:  -570.000000 | e:   1.000000 | Q:        nan | won: False 
#  248 | steps: 33130 | steps_t:     0 | t: 150.252481 | r:  -431.000000 | e:   1.000000 | Q:        nan | won: False 
#  249 | steps: 33214 | steps_t:     0 | t: 150.661903 | r:  -484.000000 | e:   1.000000 | Q:        nan | won: False 
#  250 | steps: 33308 | steps_t:     0 | t: 151.097538 | r:  -472.000000 | e:   1.000000 | Q:        nan | won: False 
#  251 | steps: 33524 | steps_t:     0 | t: 152.101555 | r:  -418.000000 | e:   1.000000 | Q:        nan | won: False 
#  252 | steps: 33614 | steps_t:     0 | t: 152.516282 | r:  -490.000000 | e:   1.000000 | Q:        nan | won: False 
#  253 | steps: 33766 | steps_t:     0 | t: 153.216147 | r:  -376.000000 | e:   1.000000 | Q:        nan | won: False 
#  254 | steps: 33852 | steps_t:     0 | t: 153.614223 | r:  -486.000000 | e:   1.000000 | Q:        nan | won: False 
#  255 | steps: 33930 | steps_t:     0 | t: 153.986525 | r:  -478.000000 | e:   1.000000 | Q:        nan | won: False 
#  256 | steps: 34176 | steps_t:     0 | t: 155.115698 | r:  -558.000000 | e:   1.000000 | Q:        nan | won: False 
#  257 | steps: 34284 | steps_t:     0 | t: 155.616771 | r:  -486.000000 | e:   1.000000 | Q:        nan | won: False 
#  258 | steps: 34393 | steps_t:     0 | t: 156.105767 | r:  -399.000000 | e:   1.000000 | Q:        nan | won: False 
#  259 | steps: 34628 | steps_t:     0 | t: 157.161473 | r:  -602.000000 | e:   1.000000 | Q:        nan | won: False 
#  260 | steps: 34739 | steps_t:     0 | t: 157.662340 | r:  -335.000000 | e:   1.000000 | Q:        nan | won: False 
#  261 | steps: 34991 | steps_t:     0 | t: 158.804059 | r:  -542.000000 | e:   1.000000 | Q:        nan | won: False 
#  262 | steps: 35097 | steps_t:     0 | t: 159.277633 | r:  -451.000000 | e:   1.000000 | Q:        nan | won: False 
#  263 | steps: 35189 | steps_t:     0 | t: 159.694543 | r:  -448.000000 | e:   1.000000 | Q:        nan | won: False 
#  264 | steps: 35287 | steps_t:     0 | t: 160.145528 | r:  -443.000000 | e:   1.000000 | Q:        nan | won: False 
#  265 | steps: 35440 | steps_t:     0 | t: 160.825514 | r:  -487.000000 | e:   1.000000 | Q:        nan | won: False 
#  266 | steps: 35657 | steps_t:     0 | t: 161.811584 | r:  -507.000000 | e:   1.000000 | Q:        nan | won: False 
#  267 | steps: 35756 | steps_t:     0 | t: 162.261473 | r:  -444.000000 | e:   1.000000 | Q:        nan | won: False 
#  268 | steps: 35816 | steps_t:     0 | t: 162.529480 | r:  -394.000000 | e:   1.000000 | Q:        nan | won: False 
#  269 | steps: 35865 | steps_t:     0 | t: 162.749221 | r:  -416.000000 | e:   1.000000 | Q:        nan | won: False 
#  270 | steps: 36248 | steps_t:     0 | t: 164.479131 | r:  -464.000000 | e:   1.000000 | Q:        nan | won: False 
#  271 | steps: 36295 | steps_t:     0 | t: 164.690549 | r:  -491.000000 | e:   1.000000 | Q:        nan | won: False 
#  272 | steps: 36343 | steps_t:     0 | t: 164.899463 | r:  -459.000000 | e:   1.000000 | Q:        nan | won: False 
#  273 | steps: 36391 | steps_t:     0 | t: 165.111803 | r:  -470.000000 | e:   1.000000 | Q:        nan | won: False 
#  274 | steps: 36595 | steps_t:     0 | t: 166.016475 | r:  -516.000000 | e:   1.000000 | Q:        nan | won: False 
#  275 | steps: 36692 | steps_t:     0 | t: 166.453613 | r:  -475.000000 | e:   1.000000 | Q:        nan | won: False 
#  276 | steps: 36891 | steps_t:     0 | t: 167.348412 | r:  -467.000000 | e:   1.000000 | Q:        nan | won: False 
#  277 | steps: 37034 | steps_t:     0 | t: 167.991550 | r:  -488.000000 | e:   1.000000 | Q:        nan | won: False 
#  278 | steps: 37191 | steps_t:     0 | t: 168.699879 | r:  -436.000000 | e:   1.000000 | Q:        nan | won: False 
#  279 | steps: 37243 | steps_t:     0 | t: 168.942993 | r:  -474.000000 | e:   1.000000 | Q:        nan | won: False 
#  280 | steps: 37304 | steps_t:     0 | t: 169.221118 | r:  -472.000000 | e:   1.000000 | Q:        nan | won: False 
#  281 | steps: 37439 | steps_t:     0 | t: 169.831293 | r:  -425.000000 | e:   1.000000 | Q:        nan | won: False 
#  282 | steps: 37626 | steps_t:     0 | t: 170.678377 | r:  -455.000000 | e:   1.000000 | Q:        nan | won: False 
#  283 | steps: 37800 | steps_t:     0 | t: 171.467162 | r:  -442.000000 | e:   1.000000 | Q:        nan | won: False 
#  284 | steps: 37863 | steps_t:     0 | t: 171.747060 | r:  -496.000000 | e:   1.000000 | Q:        nan | won: False 
#  285 | steps: 38067 | steps_t:     0 | t: 172.657783 | r:  -428.000000 | e:   1.000000 | Q:        nan | won: False 
#  286 | steps: 38124 | steps_t:     0 | t: 172.913103 | r:  -501.000000 | e:   1.000000 | Q:        nan | won: False 
#  287 | steps: 38199 | steps_t:     0 | t: 173.251546 | r:  -420.000000 | e:   1.000000 | Q:        nan | won: False 
#  288 | steps: 38315 | steps_t:     0 | t: 173.780971 | r:  -428.000000 | e:   1.000000 | Q:        nan | won: False 
#  289 | steps: 38381 | steps_t:     0 | t: 174.074591 | r:  -422.000000 | e:   1.000000 | Q:        nan | won: False 
#  290 | steps: 38562 | steps_t:     0 | t: 174.887638 | r:  -515.000000 | e:   1.000000 | Q:        nan | won: False 
#  291 | steps: 38612 | steps_t:     0 | t: 175.109568 | r:  -461.000000 | e:   1.000000 | Q:        nan | won: False 
#  292 | steps: 38659 | steps_t:     0 | t: 175.318973 | r:  -414.000000 | e:   1.000000 | Q:        nan | won: False 
#  293 | steps: 38844 | steps_t:     0 | t: 176.152103 | r:  -530.000000 | e:   1.000000 | Q:        nan | won: False 
#  294 | steps: 38928 | steps_t:     0 | t: 176.531818 | r:  -495.000000 | e:   1.000000 | Q:        nan | won: False 
#  295 | steps: 38968 | steps_t:     0 | t: 176.714600 | r:  -440.000000 | e:   1.000000 | Q:        nan | won: False 
#  296 | steps: 39064 | steps_t:     0 | t: 177.151919 | r:  -441.000000 | e:   1.000000 | Q:        nan | won: False 
#  297 | steps: 39130 | steps_t:     0 | t: 178.064225 | r:  -477.000000 | e:   1.000000 | Q:        nan | won: False 
#  298 | steps: 39249 | steps_t:     0 | t: 178.596835 | r:  -365.000000 | e:   1.000000 | Q:        nan | won: False 
#  299 | steps: 39374 | steps_t:     0 | t: 179.154303 | r:  -492.000000 | e:   1.000000 | Q:        nan | won: False 
#  300 | steps: 39448 | steps_t:     0 | t: 179.488945 | r:  -452.000000 | e:   1.000000 | Q:        nan | won: False 
#  301 | steps: 39553 | steps_t:     0 | t: 179.968639 | r:  -450.000000 | e:   1.000000 | Q:        nan | won: False 
#  302 | steps: 39661 | steps_t:     0 | t: 180.463537 | r:  -508.000000 | e:   1.000000 | Q:        nan | won: False 
#  303 | steps: 39786 | steps_t:     0 | t: 181.039757 | r:  -492.000000 | e:   1.000000 | Q:        nan | won: False 
#  304 | steps: 39919 | steps_t:     0 | t: 181.643116 | r:  -467.000000 | e:   1.000000 | Q:        nan | won: False 
#  305 | steps: 40005 | steps_t:     3 | t: 183.018010 | r:  -409.000000 | e:   0.999980 | Q:        nan | won: False 
#  306 | steps: 40205 | steps_t:   202 | t: 214.882062 | r:  -534.000000 | e:   0.998653 | Q:        nan | won: False 
#  307 | steps: 40236 | steps_t:   232 | t: 219.632076 | r:  -497.000000 | e:   0.998453 | Q:        nan | won: False 
#  308 | steps: 40408 | steps_t:   403 | t: 246.898765 | r:  -517.000000 | e:   0.997313 | Q:        nan | won: False 
#  309 | steps: 40558 | steps_t:   552 | t: 270.871967 | r:  -517.000000 | e:   0.996320 | Q:        nan | won: False 
#  310 | steps: 40841 | steps_t:   834 | t: 316.218673 | r:  -529.000000 | e:   0.994440 | Q: -22.661064 | won: False 
#  311 | steps: 40885 | steps_t:   877 | t: 323.108069 | r:  -477.000000 | e:   0.994153 | Q:        nan | won: False 
#  312 | steps: 40934 | steps_t:   925 | t: 330.918009 | r:  -504.000000 | e:   0.993833 | Q:        nan | won: False 
#  313 | steps: 41045 | steps_t:  1035 | t: 349.106808 | r:  -412.000000 | e:   0.993100 | Q: -20.463671 | won: False 
#  314 | steps: 41099 | steps_t:  1088 | t: 357.667709 | r:  -498.000000 | e:   0.992747 | Q:        nan | won: False 
#  315 | steps: 41245 | steps_t:  1233 | t: 381.292006 | r:  -513.000000 | e:   0.991780 | Q: -19.527147 | won: False 
#  316 | steps: 41310 | steps_t:  1297 | t: 391.821020 | r:  -476.000000 | e:   0.991353 | Q:        nan | won: False 
#  317 | steps: 41341 | steps_t:  1327 | t: 396.955231 | r:  -453.000000 | e:   0.991153 | Q:        nan | won: False 
