#    1 | steps:    18 | steps_t: 967414 | t: 0.062073 | r:   232.000000 | e:   0.050000 | Q: 178.308426 | won: True 
#    2 | steps:    38 | steps_t: 967414 | t: 0.077644 | r:   228.000000 | e:   0.050000 | Q: 157.328918 | won: True 
#    3 | steps:    50 | steps_t: 967414 | t: 0.088636 | r:   244.000000 | e:   0.050000 | Q: 193.011078 | won: True 
#    4 | steps:    86 | steps_t: 967414 | t: 0.114562 | r:   196.000000 | e:   0.050000 | Q: 182.720383 | won: True 
#    5 | steps:   102 | steps_t: 967414 | t: 0.127932 | r:   236.000000 | e:   0.050000 | Q: 184.796524 | won: True 
#    6 | steps:   118 | steps_t: 967414 | t: 0.143664 | r:   236.000000 | e:   0.050000 | Q: 214.707138 | won: True 
#    7 | steps:   130 | steps_t: 967414 | t: 0.164520 | r:   244.000000 | e:   0.050000 | Q: 203.442978 | won: True 
#    8 | steps:   154 | steps_t: 967414 | t: 0.186728 | r:  -480.000000 | e:   0.050000 | Q: 170.403595 | won: False 
#    9 | steps:   170 | steps_t: 967414 | t: 0.197871 | r:   236.000000 | e:   0.050000 | Q: 164.969284 | won: True 
#   10 | steps:   186 | steps_t: 967414 | t: 0.207927 | r:   236.000000 | e:   0.050000 | Q: 188.009521 | won: True 
#   11 | steps:   204 | steps_t: 967414 | t: 2.594828 | r:   232.000000 | e:   0.050000 | Q: 170.403595 | won: True 
#   12 | steps:   301 | steps_t: 967414 | t: 15.600365 | r:  -626.000000 | e:   0.050000 | Q: 147.287628 | won: False 
#   13 | steps:   315 | steps_t: 967414 | t: 18.256450 | r:   240.000000 | e:   0.050000 | Q: 184.796524 | won: True 
#   14 | steps:   329 | steps_t: 967414 | t: 20.902606 | r:   240.000000 | e:   0.050000 | Q: 189.241760 | won: True 
#   15 | steps:   356 | steps_t: 967414 | t: 25.162533 | r:   214.000000 | e:   0.050000 | Q: 170.347672 | won: True 
#   16 | steps:   372 | steps_t: 967414 | t: 28.067934 | r:   236.000000 | e:   0.050000 | Q: 170.973862 | won: True 
#   17 | steps:   397 | steps_t: 967414 | t: 32.109741 | r:   218.000000 | e:   0.050000 | Q: 181.524704 | won: True 
#   18 | steps:   646 | steps_t: 967414 | t: 64.118797 | r:  -930.000000 | e:   0.050000 | Q: 154.115509 | won: False 
#   19 | steps:   780 | steps_t: 967414 | t: 81.769095 | r:  -700.000000 | e:   0.050000 | Q: 178.148575 | won: False 
#   20 | steps:   792 | steps_t: 967414 | t: 84.185379 | r:   244.000000 | e:   0.050000 | Q: 203.442978 | won: True 
#   21 | steps:   804 | steps_t: 967414 | t: 86.605087 | r:   244.000000 | e:   0.050000 | Q: 178.308426 | won: True 
#   22 | steps:   820 | steps_t: 967414 | t: 89.514571 | r:   236.000000 | e:   0.050000 | Q: 203.442978 | won: True 
#   23 | steps:   834 | steps_t: 967414 | t: 92.180660 | r:   240.000000 | e:   0.050000 | Q: 205.512100 | won: True 
#   24 | steps:   852 | steps_t: 967414 | t: 95.368689 | r:   232.000000 | e:   0.050000 | Q: 183.370346 | won: True 
#   25 | steps:   868 | steps_t: 967414 | t: 98.266584 | r:   236.000000 | e:   0.050000 | Q: 186.895050 | won: True 
#   26 | steps:   902 | steps_t: 967414 | t: 103.422040 | r:   200.000000 | e:   0.050000 | Q: 183.370346 | won: True 
#   27 | steps:   917 | steps_t: 967414 | t: 106.202836 | r:   238.000000 | e:   0.050000 | Q: 207.434525 | won: True 
